#
# A fatal error has been detected by the Java Runtime Environment:
#
#  EXCEPTION_ACCESS_VIOLATION (0xc0000005) at pc=0x00007ffa9c3bf26c, pid=11648, tid=5012
#
# JRE version: Java(TM) SE Runtime Environment (12.0.2+10) (build 12.0.2+10)
# Java VM: Java HotSpot(TM) 64-Bit Server VM (12.0.2+10, mixed mode, sharing, tiered, compressed oops, g1 gc, windows-amd64)
# Problematic frame:
# C  [ig9icd64.dll+0x3f26c]
#
# No core dump will be written. Minidumps are not enabled by default on client versions of Windows
#
# If you would like to submit a bug report, please visit:
#   http://bugreport.java.com/bugreport/crash.jsp
# The crash happened outside the Java Virtual Machine in native code.
# See problematic frame for where to report the bug.
#

---------------  S U M M A R Y ------------

Command Line: -Dfile.encoding=GBK MainWindow

Host: Intel(R) Core(TM) i7-8750H CPU @ 2.20GHz, 12 cores, 7G,  Windows 10 , 64 bit Build 18362 (10.0.18362.329)
Time: Fri Nov 22 16:13:04 2019 ?D1¨²¡À¨º¡Á?¨º¡À?? elapsed time: 673 seconds (0d 0h 11m 13s)

---------------  T H R E A D  ---------------

Current thread (0x000002658cd0e000):  JavaThread "main" [_thread_in_native, id=5012, stack(0x000000dbdcc00000,0x000000dbdcd00000)]

Stack: [0x000000dbdcc00000,0x000000dbdcd00000],  sp=0x000000dbdccfc6f0,  free space=1009k
Native frames: (J=compiled Java code, j=interpreted, Vv=VM code, C=native code)
C  [ig9icd64.dll+0x3f26c]

Java frames: (J=compiled Java code, j=interpreted, Vv=VM code)
J 965  org.lwjgl.opengl.GL11.nglVertex3f(FFFJ)V (0 bytes) @ 0x000002659e446a21 [0x000002659e4469c0+0x0000000000000061]
J 1044 c2 objects3D.TexSphere.DrawTexSphere(FFFLorg/newdawn/slick/opengl/Texture;)V (512 bytes) @ 0x000002659e450fd4 [0x000002659e450ca0+0x0000000000000334]
J 1291 c2 objects3D.Human.DrawTexHuman(FLorg/newdawn/slick/opengl/Texture;Lorg/newdawn/slick/opengl/Texture;F)V (1933 bytes) @ 0x000002659e4869f8 [0x000002659e4851a0+0x0000000000001858]
J 1314 c2 objects3D.MoveHuman.gesture_Human_stop(F)V (56 bytes) @ 0x000002659e467328 [0x000002659e467020+0x0000000000000308]
J 1263 c1 MainWindow.renderGL()V (420 bytes) @ 0x0000026597332b74 [0x00000265973281c0+0x000000000000a9b4]
j  MainWindow.start()V+81
j  MainWindow.main([Ljava/lang/String;)V+9
v  ~StubRoutines::call_stub

siginfo: EXCEPTION_ACCESS_VIOLATION (0xc0000005), reading address 0x0000000000000000


Register to memory mapping:

RIP=0x00007ffa9c3bf26c ig9icd64.dll
RAX=0x0 is NULL
RBX=0x00000265ae864bd0 points into unknown readable memory: 10 22 7d b8 65 02 00 00
RCX=0x0 is NULL
RDX=0x00000265b9774f60 points into unknown readable memory: 20 47 8a ae 65 02 00 00
RSP=0x000000dbdccfc6f0 is pointing into the stack for thread: 0x000002658cd0e000
RBP=0x000002669ad97d20 points into unknown readable memory: 20 47 8a ae 65 02 00 00
RSI=0x00000265b9774f60 points into unknown readable memory: 20 47 8a ae 65 02 00 00
RDI=0x00000265ae8dd1c0 points into unknown readable memory: 00 67 99 ae 65 02 00 00
R8 =0x00000265b9774f60 points into unknown readable memory: 20 47 8a ae 65 02 00 00
R9 =0x00000265ae8dd101 points into unknown readable memory: 00 00 00 65 02 00 00
R10=0x0 is NULL
R11=0x0000000000000246 is an unknown value
R12=0x00000265ae91e828 points into unknown readable memory: 60 4f 77 b9 65 02 00 00
R13=0x00000265ae8dd1c0 points into unknown readable memory: 00 67 99 ae 65 02 00 00
R14=0x0000000000000001 is an unknown value
R15=0x00000265ae91e7c0 points into unknown readable memory: 30 b6 dd 9c fa 7f 00 00


Registers:
RAX=0x0000000000000000, RBX=0x00000265ae864bd0, RCX=0x0000000000000000, RDX=0x00000265b9774f60
RSP=0x000000dbdccfc6f0, RBP=0x000002669ad97d20, RSI=0x00000265b9774f60, RDI=0x00000265ae8dd1c0
R8 =0x00000265b9774f60, R9 =0x00000265ae8dd101, R10=0x0000000000000000, R11=0x0000000000000246
R12=0x00000265ae91e828, R13=0x00000265ae8dd1c0, R14=0x0000000000000001, R15=0x00000265ae91e7c0
RIP=0x00007ffa9c3bf26c, EFLAGS=0x0000000000010202

Top of Stack: (sp=0x000000dbdccfc6f0)
0x000000dbdccfc6f0:   0000000000000000 0000000000000000
0x000000dbdccfc700:   00000265ae91e7c0 0000000000000001
0x000000dbdccfc710:   fffffffffffffffe 00000265ae91e828
0x000000dbdccfc720:   0000000000000001 00007ffa9c3a46a0
0x000000dbdccfc730:   00000265b9774f60 00000265ae864bd0
0x000000dbdccfc740:   0000000000000000 0000000000000000
0x000000dbdccfc750:   0000000000000001 0000000000000000
0x000000dbdccfc760:   0000000000000001 00000265ae91ec20
0x000000dbdccfc770:   00000265ae91fdf0 0000000000000001
0x000000dbdccfc780:   00000265ae8ea540 000000dbdccfc970
0x000000dbdccfc790:   00000265ae91e808 00007ffa9c58e44c
0x000000dbdccfc7a0:   00000265ae8a4720 fffffffffffffffe
0x000000dbdccfc7b0:   00000265ae91e7c0 00000265ae91e820
0x000000dbdccfc7c0:   000000dbdccfc7f0 00000265ae8dd1c0
0x000000dbdccfc7d0:   000000dbdccfc970 000000000000007f
0x000000dbdccfc7e0:   00000265ae8ea540 00007ffa9c591efd 

Instructions: (pc=0x00007ffa9c3bf26c)
0x00007ffa9c3bf16c:   ff 05 b6 de e4 00 33 c0 eb 6f 4c 8d 85 f4 00 00
0x00007ffa9c3bf17c:   00 ba 20 00 00 00 48 8d 4c 24 60 e8 04 5a 91 00
0x00007ffa9c3bf18c:   eb 28 48 89 7c 24 28 4c 8d 4c 24 40 41 b8 20 00
0x00007ffa9c3bf19c:   00 00 48 c7 44 24 20 ff ff ff ff 48 8d 54 24 60
0x00007ffa9c3bf1ac:   48 8d 4c 24 48 e8 aa 5f 91 00 48 8b 4e 08 48 8d
0x00007ffa9c3bf1bc:   54 24 60 48 8b 01 48 8b 40 10 ff 15 bc 34 a0 00
0x00007ffa9c3bf1cc:   85 c0 75 15 8b 4d a0 89 4e 10 48 8b 4d a4 48 89
0x00007ffa9c3bf1dc:   4e 14 f0 ff 05 43 de e4 00 48 8b 8d 40 04 00 00
0x00007ffa9c3bf1ec:   48 33 cc e8 4c b4 90 00 4c 8d 9c 24 50 05 00 00
0x00007ffa9c3bf1fc:   49 8b 5b 30 49 8b 73 38 49 8b e3 41 5e 5f 5d c3
0x00007ffa9c3bf20c:   cc cc cc cc 48 85 d2 0f 84 fd 00 00 00 57 48 83
0x00007ffa9c3bf21c:   ec 30 48 c7 44 24 20 fe ff ff ff 48 89 5c 24 40
0x00007ffa9c3bf22c:   48 89 74 24 50 48 8b f2 48 8b f9 48 8b 1d 12 e2
0x00007ffa9c3bf23c:   e4 00 48 89 5c 24 48 48 8b cb ff 15 84 30 a0 00
0x00007ffa9c3bf24c:   90 48 8b 87 78 02 00 00 48 89 86 90 04 00 00 48
0x00007ffa9c3bf25c:   89 b7 78 02 00 00 ff 87 80 02 00 00 48 8b 4e 08
0x00007ffa9c3bf26c:   48 8b 01 ba 01 00 00 00 48 8b 80 d0 02 00 00 ff
0x00007ffa9c3bf27c:   15 07 34 a0 00 48 01 87 98 02 00 00 48 8b 4e 08
0x00007ffa9c3bf28c:   48 8b 01 ba 01 00 00 00 48 8b 80 d0 02 00 00 ff
0x00007ffa9c3bf29c:   15 e7 33 a0 00 0f b7 c8 48 8b 97 88 02 00 00 48
0x00007ffa9c3bf2ac:   2b d1 48 8d 88 00 00 01 00 48 03 ca 48 89 8f 88
0x00007ffa9c3bf2bc:   02 00 00 48 8b 87 f8 02 00 00 48 03 87 98 02 00
0x00007ffa9c3bf2cc:   00 48 8b 15 ac f5 c6 00 48 3b 82 60 06 00 00 77
0x00007ffa9c3bf2dc:   10 48 03 8f 00 03 00 00 48 3b 8a 68 06 00 00 76
0x00007ffa9c3bf2ec:   11 45 33 c9 45 33 c0 48 8b d7 33 c9 e8 33 01 00
0x00007ffa9c3bf2fc:   00 90 48 8b cb ff 15 c1 2f a0 00 48 8b 5c 24 40
0x00007ffa9c3bf30c:   48 8b 74 24 50 48 83 c4 30 5f c3 cc cc cc cc cc
0x00007ffa9c3bf31c:   cc cc cc cc 40 57 48 83 ec 30 48 c7 44 24 20 fe
0x00007ffa9c3bf32c:   ff ff ff 48 89 5c 24 48 48 89 6c 24 50 48 89 74
0x00007ffa9c3bf33c:   24 58 48 8b f2 48 8b e9 48 8b 1d 05 e1 e4 00 48
0x00007ffa9c3bf34c:   89 5c 24 40 48 8b cb ff 15 77 2f a0 00 90 48 8b
0x00007ffa9c3bf35c:   bd 78 02 00 00 33 c0 48 85 ff 74 14 48 3b fe 74 


Stack slot to memory mapping:
stack at sp + 0 slots: 0x0 is NULL
stack at sp + 1 slots: 0x0 is NULL
stack at sp + 2 slots: 0x00000265ae91e7c0 points into unknown readable memory: 30 b6 dd 9c fa 7f 00 00
stack at sp + 3 slots: 0x0000000000000001 is an unknown value
stack at sp + 4 slots: 0xfffffffffffffffe is an unknown value
stack at sp + 5 slots: 0x00000265ae91e828 points into unknown readable memory: 60 4f 77 b9 65 02 00 00
stack at sp + 6 slots: 0x0000000000000001 is an unknown value
stack at sp + 7 slots: 0x00007ffa9c3a46a0 ig9icd64.dll


---------------  P R O C E S S  ---------------

Threads class SMR info:
_java_thread_list=0x00000265ba8d8e20, length=12, elements={
0x000002658cd0e000, 0x00000265add53800, 0x00000265add55000, 0x00000265add76800,
0x00000265add77800, 0x00000265add78800, 0x00000265add82000, 0x00000265add91000,
0x00000265ae729000, 0x00000265ae72d800, 0x00000265ae80f800, 0x00000265ba8ec800
}

Java Threads: ( => current thread )
=>0x000002658cd0e000 JavaThread "main" [_thread_in_native, id=5012, stack(0x000000dbdcc00000,0x000000dbdcd00000)]
  0x00000265add53800 JavaThread "Reference Handler" daemon [_thread_blocked, id=8764, stack(0x000000dbdd300000,0x000000dbdd400000)]
  0x00000265add55000 JavaThread "Finalizer" daemon [_thread_blocked, id=1328, stack(0x000000dbdd400000,0x000000dbdd500000)]
  0x00000265add76800 JavaThread "Signal Dispatcher" daemon [_thread_blocked, id=12872, stack(0x000000dbdd500000,0x000000dbdd600000)]
  0x00000265add77800 JavaThread "Attach Listener" daemon [_thread_blocked, id=16824, stack(0x000000dbdd600000,0x000000dbdd700000)]
  0x00000265add78800 JavaThread "C2 CompilerThread0" daemon [_thread_blocked, id=16920, stack(0x000000dbdd700000,0x000000dbdd800000)]
  0x00000265add82000 JavaThread "C1 CompilerThread0" daemon [_thread_blocked, id=10896, stack(0x000000dbdd800000,0x000000dbdd900000)]
  0x00000265add91000 JavaThread "Sweeper thread" daemon [_thread_blocked, id=13340, stack(0x000000dbdd900000,0x000000dbdda00000)]
  0x00000265ae729000 JavaThread "Service Thread" daemon [_thread_blocked, id=11932, stack(0x000000dbdda00000,0x000000dbddb00000)]
  0x00000265ae72d800 JavaThread "Common-Cleaner" daemon [_thread_blocked, id=14572, stack(0x000000dbddc00000,0x000000dbddd00000)]
  0x00000265ae80f800 JavaThread "Java2D Disposer" daemon [_thread_blocked, id=5416, stack(0x000000dbde100000,0x000000dbde200000)]
  0x00000265ba8ec800 JavaThread "LWJGL Timer" daemon [_thread_blocked, id=12276, stack(0x000000dbde600000,0x000000dbde700000)]

Other Threads:
  0x00000265add51000 VMThread "VM Thread" [stack: 0x000000dbdd200000,0x000000dbdd300000] [id=9236]
  0x00000265ae72b800 WatcherThread [stack: 0x000000dbddb00000,0x000000dbddc00000] [id=5568]
  0x000002658cd4c000 GCTaskThread "GC Thread#0" [stack: 0x000000dbdcd00000,0x000000dbdce00000] [id=17612]
  0x00000265ba386800 GCTaskThread "GC Thread#1" [stack: 0x000000dbde200000,0x000000dbde300000] [id=2916]
  0x00000265ba3cc000 GCTaskThread "GC Thread#2" [stack: 0x000000dbde300000,0x000000dbde400000] [id=5292]
  0x000002658cd59800 ConcurrentGCThread "G1 Main Marker" [stack: 0x000000dbdce00000,0x000000dbdcf00000] [id=14244]
  0x000002658cd5c000 ConcurrentGCThread "G1 Conc#0" [stack: 0x000000dbdcf00000,0x000000dbdd000000] [id=15436]
  0x00000265ba6d2800 ConcurrentGCThread "G1 Conc#1" [stack: 0x000000dbde400000,0x000000dbde500000] [id=14112]
  0x00000265ba6d4000 ConcurrentGCThread "G1 Conc#2" [stack: 0x000000dbde500000,0x000000dbde600000] [id=14552]
  0x000002658cdde800 ConcurrentGCThread "G1 Refine#0" [stack: 0x000000dbdd000000,0x000000dbdd100000] [id=13512]
  0x00000265adbd0800 ConcurrentGCThread "G1 Young RemSet Sampling" [stack: 0x000000dbdd100000,0x000000dbdd200000] [id=16492]

Threads with active compile tasks:

VM state:not at safepoint (normal execution)

VM Mutex/Monitor currently owned by a thread: None

Heap address: 0x0000000082600000, size: 2010 MB, Compressed Oops mode: 32-bit
Narrow klass base: 0x0000000800000000, Narrow klass shift: 3
Compressed class space size: 1073741824 Address: 0x0000000801190000

Heap:
 garbage-first heap   total 132096K, used 31402K [0x0000000082600000, 0x0000000100000000)
  region size 1024K, 24 young (24576K), 9 survivors (9216K)
 Metaspace       used 6399K, capacity 6624K, committed 6784K, reserved 1056768K
  class space    used 534K, capacity 604K, committed 640K, reserved 1048576K
Heap Regions: E=young(eden), S=young(survivor), O=old, HS=humongous(starts), HC=humongous(continues), CS=collection set, F=free, A=archive, TAMS=top-at-mark-start (previous, next)
|   0|0x0000000082600000, 0x0000000082700000, 0x0000000082700000|100%| O|  |TAMS 0x0000000082600000, 0x0000000082600000| Untracked 
|   1|0x0000000082700000, 0x0000000082800000, 0x0000000082800000|100%| O|  |TAMS 0x0000000082700000, 0x0000000082700000| Untracked 
|   2|0x0000000082800000, 0x00000000828aaa00, 0x0000000082900000| 66%| O|  |TAMS 0x0000000082800000, 0x0000000082800000| Untracked 
|   3|0x0000000082900000, 0x0000000082a00000, 0x0000000082a00000|100%| O|  |TAMS 0x0000000082900000, 0x0000000082900000| Untracked 
|   4|0x0000000082a00000, 0x0000000082b00000, 0x0000000082b00000|100%| O|  |TAMS 0x0000000082a00000, 0x0000000082a00000| Untracked 
|   5|0x0000000082b00000, 0x0000000082b00000, 0x0000000082c00000|  0%| F|  |TAMS 0x0000000082b00000, 0x0000000082b00000| Untracked 
|   6|0x0000000082c00000, 0x0000000082c00000, 0x0000000082d00000|  0%| F|  |TAMS 0x0000000082c00000, 0x0000000082c00000| Untracked 
|   7|0x0000000082d00000, 0x0000000082e00000, 0x0000000082e00000|100%| O|  |TAMS 0x0000000082d00000, 0x0000000082d00000| Untracked 
|   8|0x0000000082e00000, 0x0000000082f00000, 0x0000000082f00000|100%| O|  |TAMS 0x0000000082e00000, 0x0000000082e00000| Untracked 
|   9|0x0000000082f00000, 0x0000000083000000, 0x0000000083000000|100%| O|  |TAMS 0x0000000082f00000, 0x0000000082f00000| Untracked 
|  10|0x0000000083000000, 0x0000000083000000, 0x0000000083100000|  0%| F|  |TAMS 0x0000000083000000, 0x0000000083000000| Untracked 
|  11|0x0000000083100000, 0x0000000083100000, 0x0000000083200000|  0%| F|  |TAMS 0x0000000083100000, 0x0000000083100000| Untracked 
|  12|0x0000000083200000, 0x0000000083200000, 0x0000000083300000|  0%| F|  |TAMS 0x0000000083200000, 0x0000000083200000| Untracked 
|  13|0x0000000083300000, 0x0000000083300000, 0x0000000083400000|  0%| F|  |TAMS 0x0000000083300000, 0x0000000083300000| Untracked 
|  14|0x0000000083400000, 0x0000000083400000, 0x0000000083500000|  0%| F|  |TAMS 0x0000000083400000, 0x0000000083400000| Untracked 
|  15|0x0000000083500000, 0x0000000083500000, 0x0000000083600000|  0%| F|  |TAMS 0x0000000083500000, 0x0000000083500000| Untracked 
|  16|0x0000000083600000, 0x0000000083600000, 0x0000000083700000|  0%| F|  |TAMS 0x0000000083600000, 0x0000000083600000| Untracked 
|  17|0x0000000083700000, 0x0000000083700000, 0x0000000083800000|  0%| F|  |TAMS 0x0000000083700000, 0x0000000083700000| Untracked 
|  18|0x0000000083800000, 0x0000000083800000, 0x0000000083900000|  0%| F|  |TAMS 0x0000000083800000, 0x0000000083800000| Untracked 
|  19|0x0000000083900000, 0x0000000083900000, 0x0000000083a00000|  0%| F|  |TAMS 0x0000000083900000, 0x0000000083900000| Untracked 
|  20|0x0000000083a00000, 0x0000000083a00000, 0x0000000083b00000|  0%| F|  |TAMS 0x0000000083a00000, 0x0000000083a00000| Untracked 
|  21|0x0000000083b00000, 0x0000000083b00000, 0x0000000083c00000|  0%| F|  |TAMS 0x0000000083b00000, 0x0000000083b00000| Untracked 
|  22|0x0000000083c00000, 0x0000000083c00000, 0x0000000083d00000|  0%| F|  |TAMS 0x0000000083c00000, 0x0000000083c00000| Untracked 
|  23|0x0000000083d00000, 0x0000000083d00000, 0x0000000083e00000|  0%| F|  |TAMS 0x0000000083d00000, 0x0000000083d00000| Untracked 
|  24|0x0000000083e00000, 0x0000000083e00000, 0x0000000083f00000|  0%| F|  |TAMS 0x0000000083e00000, 0x0000000083e00000| Untracked 
|  25|0x0000000083f00000, 0x0000000083f00000, 0x0000000084000000|  0%| F|  |TAMS 0x0000000083f00000, 0x0000000083f00000| Untracked 
|  26|0x0000000084000000, 0x0000000084000000, 0x0000000084100000|  0%| F|  |TAMS 0x0000000084000000, 0x0000000084000000| Untracked 
|  27|0x0000000084100000, 0x0000000084100000, 0x0000000084200000|  0%| F|  |TAMS 0x0000000084100000, 0x0000000084100000| Untracked 
|  28|0x0000000084200000, 0x0000000084200000, 0x0000000084300000|  0%| F|  |TAMS 0x0000000084200000, 0x0000000084200000| Untracked 
|  29|0x0000000084300000, 0x0000000084300000, 0x0000000084400000|  0%| F|  |TAMS 0x0000000084300000, 0x0000000084300000| Untracked 
|  30|0x0000000084400000, 0x0000000084400000, 0x0000000084500000|  0%| F|  |TAMS 0x0000000084400000, 0x0000000084400000| Untracked 
|  31|0x0000000084500000, 0x0000000084500000, 0x0000000084600000|  0%| F|  |TAMS 0x0000000084500000, 0x0000000084500000| Untracked 
|  32|0x0000000084600000, 0x0000000084600000, 0x0000000084700000|  0%| F|  |TAMS 0x0000000084600000, 0x0000000084600000| Untracked 
|  33|0x0000000084700000, 0x0000000084700000, 0x0000000084800000|  0%| F|  |TAMS 0x0000000084700000, 0x0000000084700000| Untracked 
|  34|0x0000000084800000, 0x0000000084800000, 0x0000000084900000|  0%| F|  |TAMS 0x0000000084800000, 0x0000000084800000| Untracked 
|  35|0x0000000084900000, 0x0000000084900000, 0x0000000084a00000|  0%| F|  |TAMS 0x0000000084900000, 0x0000000084900000| Untracked 
|  36|0x0000000084a00000, 0x0000000084a00000, 0x0000000084b00000|  0%| F|  |TAMS 0x0000000084a00000, 0x0000000084a00000| Untracked 
|  37|0x0000000084b00000, 0x0000000084b00000, 0x0000000084c00000|  0%| F|  |TAMS 0x0000000084b00000, 0x0000000084b00000| Untracked 
|  38|0x0000000084c00000, 0x0000000084c00000, 0x0000000084d00000|  0%| F|  |TAMS 0x0000000084c00000, 0x0000000084c00000| Untracked 
|  39|0x0000000084d00000, 0x0000000084d00000, 0x0000000084e00000|  0%| F|  |TAMS 0x0000000084d00000, 0x0000000084d00000| Untracked 
|  40|0x0000000084e00000, 0x0000000084e00000, 0x0000000084f00000|  0%| F|  |TAMS 0x0000000084e00000, 0x0000000084e00000| Untracked 
|  41|0x0000000084f00000, 0x0000000084f00000, 0x0000000085000000|  0%| F|  |TAMS 0x0000000084f00000, 0x0000000084f00000| Untracked 
|  42|0x0000000085000000, 0x0000000085000000, 0x0000000085100000|  0%| F|  |TAMS 0x0000000085000000, 0x0000000085000000| Untracked 
|  43|0x0000000085100000, 0x0000000085100000, 0x0000000085200000|  0%| F|  |TAMS 0x0000000085100000, 0x0000000085100000| Untracked 
|  44|0x0000000085200000, 0x0000000085200000, 0x0000000085300000|  0%| F|  |TAMS 0x0000000085200000, 0x0000000085200000| Untracked 
|  45|0x0000000085300000, 0x0000000085300000, 0x0000000085400000|  0%| F|  |TAMS 0x0000000085300000, 0x0000000085300000| Untracked 
|  46|0x0000000085400000, 0x0000000085400000, 0x0000000085500000|  0%| F|  |TAMS 0x0000000085400000, 0x0000000085400000| Untracked 
|  47|0x0000000085500000, 0x0000000085500000, 0x0000000085600000|  0%| F|  |TAMS 0x0000000085500000, 0x0000000085500000| Untracked 
|  48|0x0000000085600000, 0x0000000085700000, 0x0000000085700000|100%| S|CS|TAMS 0x0000000085600000, 0x0000000085600000| Complete 
|  49|0x0000000085700000, 0x0000000085800000, 0x0000000085800000|100%| S|CS|TAMS 0x0000000085700000, 0x0000000085700000| Complete 
|  50|0x0000000085800000, 0x0000000085900000, 0x0000000085900000|100%| S|CS|TAMS 0x0000000085800000, 0x0000000085800000| Complete 
|  51|0x0000000085900000, 0x0000000085a00000, 0x0000000085a00000|100%| S|CS|TAMS 0x0000000085900000, 0x0000000085900000| Complete 
|  52|0x0000000085a00000, 0x0000000085b00000, 0x0000000085b00000|100%| S|CS|TAMS 0x0000000085a00000, 0x0000000085a00000| Complete 
|  53|0x0000000085b00000, 0x0000000085c00000, 0x0000000085c00000|100%| S|CS|TAMS 0x0000000085b00000, 0x0000000085b00000| Complete 
|  54|0x0000000085c00000, 0x0000000085d00000, 0x0000000085d00000|100%| S|CS|TAMS 0x0000000085c00000, 0x0000000085c00000| Complete 
|  55|0x0000000085d00000, 0x0000000085e00000, 0x0000000085e00000|100%| S|CS|TAMS 0x0000000085d00000, 0x0000000085d00000| Complete 
|  56|0x0000000085e00000, 0x0000000085f00000, 0x0000000085f00000|100%| S|CS|TAMS 0x0000000085e00000, 0x0000000085e00000| Complete 
|  57|0x0000000085f00000, 0x0000000085f00000, 0x0000000086000000|  0%| F|  |TAMS 0x0000000085f00000, 0x0000000085f00000| Untracked 
|  58|0x0000000086000000, 0x0000000086000000, 0x0000000086100000|  0%| F|  |TAMS 0x0000000086000000, 0x0000000086000000| Untracked 
|  59|0x0000000086100000, 0x0000000086100000, 0x0000000086200000|  0%| F|  |TAMS 0x0000000086100000, 0x0000000086100000| Untracked 
|  60|0x0000000086200000, 0x0000000086200000, 0x0000000086300000|  0%| F|  |TAMS 0x0000000086200000, 0x0000000086200000| Untracked 
|  61|0x0000000086300000, 0x0000000086300000, 0x0000000086400000|  0%| F|  |TAMS 0x0000000086300000, 0x0000000086300000| Untracked 
|  62|0x0000000086400000, 0x0000000086400000, 0x0000000086500000|  0%| F|  |TAMS 0x0000000086400000, 0x0000000086400000| Untracked 
|  63|0x0000000086500000, 0x0000000086500000, 0x0000000086600000|  0%| F|  |TAMS 0x0000000086500000, 0x0000000086500000| Untracked 
|  64|0x0000000086600000, 0x0000000086600000, 0x0000000086700000|  0%| F|  |TAMS 0x0000000086600000, 0x0000000086600000| Untracked 
|  65|0x0000000086700000, 0x0000000086700000, 0x0000000086800000|  0%| F|  |TAMS 0x0000000086700000, 0x0000000086700000| Untracked 
|  66|0x0000000086800000, 0x0000000086800000, 0x0000000086900000|  0%| F|  |TAMS 0x0000000086800000, 0x0000000086800000| Untracked 
|  67|0x0000000086900000, 0x0000000086900000, 0x0000000086a00000|  0%| F|  |TAMS 0x0000000086900000, 0x0000000086900000| Untracked 
|  68|0x0000000086a00000, 0x0000000086a00000, 0x0000000086b00000|  0%| F|  |TAMS 0x0000000086a00000, 0x0000000086a00000| Untracked 
|  69|0x0000000086b00000, 0x0000000086b00000, 0x0000000086c00000|  0%| F|  |TAMS 0x0000000086b00000, 0x0000000086b00000| Untracked 
|  70|0x0000000086c00000, 0x0000000086c00000, 0x0000000086d00000|  0%| F|  |TAMS 0x0000000086c00000, 0x0000000086c00000| Untracked 
|  71|0x0000000086d00000, 0x0000000086d00000, 0x0000000086e00000|  0%| F|  |TAMS 0x0000000086d00000, 0x0000000086d00000| Untracked 
|  72|0x0000000086e00000, 0x0000000086e00000, 0x0000000086f00000|  0%| F|  |TAMS 0x0000000086e00000, 0x0000000086e00000| Untracked 
|  73|0x0000000086f00000, 0x0000000086f00000, 0x0000000087000000|  0%| F|  |TAMS 0x0000000086f00000, 0x0000000086f00000| Untracked 
|  74|0x0000000087000000, 0x0000000087000000, 0x0000000087100000|  0%| F|  |TAMS 0x0000000087000000, 0x0000000087000000| Untracked 
|  75|0x0000000087100000, 0x0000000087100000, 0x0000000087200000|  0%| F|  |TAMS 0x0000000087100000, 0x0000000087100000| Untracked 
|  76|0x0000000087200000, 0x0000000087200000, 0x0000000087300000|  0%| F|  |TAMS 0x0000000087200000, 0x0000000087200000| Untracked 
|  77|0x0000000087300000, 0x0000000087300000, 0x0000000087400000|  0%| F|  |TAMS 0x0000000087300000, 0x0000000087300000| Untracked 
|  78|0x0000000087400000, 0x0000000087400000, 0x0000000087500000|  0%| F|  |TAMS 0x0000000087400000, 0x0000000087400000| Untracked 
|  79|0x0000000087500000, 0x0000000087500000, 0x0000000087600000|  0%| F|  |TAMS 0x0000000087500000, 0x0000000087500000| Untracked 
|  80|0x0000000087600000, 0x0000000087600000, 0x0000000087700000|  0%| F|  |TAMS 0x0000000087600000, 0x0000000087600000| Untracked 
|  81|0x0000000087700000, 0x0000000087700000, 0x0000000087800000|  0%| F|  |TAMS 0x0000000087700000, 0x0000000087700000| Untracked 
|  82|0x0000000087800000, 0x0000000087800000, 0x0000000087900000|  0%| F|  |TAMS 0x0000000087800000, 0x0000000087800000| Untracked 
|  83|0x0000000087900000, 0x0000000087900000, 0x0000000087a00000|  0%| F|  |TAMS 0x0000000087900000, 0x0000000087900000| Untracked 
|  84|0x0000000087a00000, 0x0000000087a00000, 0x0000000087b00000|  0%| F|  |TAMS 0x0000000087a00000, 0x0000000087a00000| Untracked 
|  85|0x0000000087b00000, 0x0000000087b00000, 0x0000000087c00000|  0%| F|  |TAMS 0x0000000087b00000, 0x0000000087b00000| Untracked 
|  86|0x0000000087c00000, 0x0000000087c00000, 0x0000000087d00000|  0%| F|  |TAMS 0x0000000087c00000, 0x0000000087c00000| Untracked 
|  87|0x0000000087d00000, 0x0000000087d00000, 0x0000000087e00000|  0%| F|  |TAMS 0x0000000087d00000, 0x0000000087d00000| Untracked 
|  88|0x0000000087e00000, 0x0000000087e00000, 0x0000000087f00000|  0%| F|  |TAMS 0x0000000087e00000, 0x0000000087e00000| Untracked 
|  89|0x0000000087f00000, 0x0000000087f00000, 0x0000000088000000|  0%| F|  |TAMS 0x0000000087f00000, 0x0000000087f00000| Untracked 
|  90|0x0000000088000000, 0x0000000088000000, 0x0000000088100000|  0%| F|  |TAMS 0x0000000088000000, 0x0000000088000000| Untracked 
|  91|0x0000000088100000, 0x0000000088100000, 0x0000000088200000|  0%| F|  |TAMS 0x0000000088100000, 0x0000000088100000| Untracked 
|  92|0x0000000088200000, 0x0000000088200000, 0x0000000088300000|  0%| F|  |TAMS 0x0000000088200000, 0x0000000088200000| Untracked 
|  93|0x0000000088300000, 0x0000000088300000, 0x0000000088400000|  0%| F|  |TAMS 0x0000000088300000, 0x0000000088300000| Untracked 
|  94|0x0000000088400000, 0x0000000088400000, 0x0000000088500000|  0%| F|  |TAMS 0x0000000088400000, 0x0000000088400000| Untracked 
|  95|0x0000000088500000, 0x0000000088500000, 0x0000000088600000|  0%| F|  |TAMS 0x0000000088500000, 0x0000000088500000| Untracked 
|  96|0x0000000088600000, 0x0000000088600000, 0x0000000088700000|  0%| F|  |TAMS 0x0000000088600000, 0x0000000088600000| Untracked 
|  97|0x0000000088700000, 0x0000000088700000, 0x0000000088800000|  0%| F|  |TAMS 0x0000000088700000, 0x0000000088700000| Untracked 
|  98|0x0000000088800000, 0x0000000088800000, 0x0000000088900000|  0%| F|  |TAMS 0x0000000088800000, 0x0000000088800000| Untracked 
|  99|0x0000000088900000, 0x0000000088900000, 0x0000000088a00000|  0%| F|  |TAMS 0x0000000088900000, 0x0000000088900000| Untracked 
| 100|0x0000000088a00000, 0x0000000088a00000, 0x0000000088b00000|  0%| F|  |TAMS 0x0000000088a00000, 0x0000000088a00000| Untracked 
| 101|0x0000000088b00000, 0x0000000088b00000, 0x0000000088c00000|  0%| F|  |TAMS 0x0000000088b00000, 0x0000000088b00000| Untracked 
| 102|0x0000000088c00000, 0x0000000088c00000, 0x0000000088d00000|  0%| F|  |TAMS 0x0000000088c00000, 0x0000000088c00000| Untracked 
| 103|0x0000000088d00000, 0x0000000088d00000, 0x0000000088e00000|  0%| F|  |TAMS 0x0000000088d00000, 0x0000000088d00000| Untracked 
| 104|0x0000000088e00000, 0x0000000088e00000, 0x0000000088f00000|  0%| F|  |TAMS 0x0000000088e00000, 0x0000000088e00000| Untracked 
| 105|0x0000000088f00000, 0x0000000088f00000, 0x0000000089000000|  0%| F|  |TAMS 0x0000000088f00000, 0x0000000088f00000| Untracked 
| 106|0x0000000089000000, 0x0000000089000000, 0x0000000089100000|  0%| F|  |TAMS 0x0000000089000000, 0x0000000089000000| Untracked 
| 107|0x0000000089100000, 0x0000000089100000, 0x0000000089200000|  0%| F|  |TAMS 0x0000000089100000, 0x0000000089100000| Untracked 
| 108|0x0000000089200000, 0x0000000089200000, 0x0000000089300000|  0%| F|  |TAMS 0x0000000089200000, 0x0000000089200000| Untracked 
| 109|0x0000000089300000, 0x0000000089300000, 0x0000000089400000|  0%| F|  |TAMS 0x0000000089300000, 0x0000000089300000| Untracked 
| 110|0x0000000089400000, 0x0000000089400000, 0x0000000089500000|  0%| F|  |TAMS 0x0000000089400000, 0x0000000089400000| Untracked 
| 111|0x0000000089500000, 0x0000000089500000, 0x0000000089600000|  0%| F|  |TAMS 0x0000000089500000, 0x0000000089500000| Untracked 
| 112|0x0000000089600000, 0x0000000089600000, 0x0000000089700000|  0%| F|  |TAMS 0x0000000089600000, 0x0000000089600000| Untracked 
| 113|0x0000000089700000, 0x0000000089700000, 0x0000000089800000|  0%| F|  |TAMS 0x0000000089700000, 0x0000000089700000| Untracked 
| 114|0x0000000089800000, 0x0000000089900000, 0x0000000089900000|100%| E|  |TAMS 0x0000000089800000, 0x0000000089800000| Complete 
| 115|0x0000000089900000, 0x0000000089a00000, 0x0000000089a00000|100%| E|CS|TAMS 0x0000000089900000, 0x0000000089900000| Complete 
| 116|0x0000000089a00000, 0x0000000089b00000, 0x0000000089b00000|100%| E|CS|TAMS 0x0000000089a00000, 0x0000000089a00000| Complete 
| 117|0x0000000089b00000, 0x0000000089c00000, 0x0000000089c00000|100%| E|CS|TAMS 0x0000000089b00000, 0x0000000089b00000| Complete 
| 118|0x0000000089c00000, 0x0000000089d00000, 0x0000000089d00000|100%| E|CS|TAMS 0x0000000089c00000, 0x0000000089c00000| Complete 
| 119|0x0000000089d00000, 0x0000000089e00000, 0x0000000089e00000|100%| E|CS|TAMS 0x0000000089d00000, 0x0000000089d00000| Complete 
| 120|0x0000000089e00000, 0x0000000089f00000, 0x0000000089f00000|100%| E|CS|TAMS 0x0000000089e00000, 0x0000000089e00000| Complete 
| 121|0x0000000089f00000, 0x000000008a000000, 0x000000008a000000|100%| E|CS|TAMS 0x0000000089f00000, 0x0000000089f00000| Complete 
| 122|0x000000008a000000, 0x000000008a100000, 0x000000008a100000|100%| E|CS|TAMS 0x000000008a000000, 0x000000008a000000| Complete 
| 123|0x000000008a100000, 0x000000008a200000, 0x000000008a200000|100%| E|CS|TAMS 0x000000008a100000, 0x000000008a100000| Complete 
| 124|0x000000008a200000, 0x000000008a300000, 0x000000008a300000|100%| E|CS|TAMS 0x000000008a200000, 0x000000008a200000| Complete 
| 125|0x000000008a300000, 0x000000008a400000, 0x000000008a400000|100%| E|CS|TAMS 0x000000008a300000, 0x000000008a300000| Complete 
| 126|0x000000008a400000, 0x000000008a500000, 0x000000008a500000|100%| E|CS|TAMS 0x000000008a400000, 0x000000008a400000| Complete 
| 127|0x000000008a500000, 0x000000008a600000, 0x000000008a600000|100%| E|CS|TAMS 0x000000008a500000, 0x000000008a500000| Complete 
| 128|0x000000008a600000, 0x000000008a700000, 0x000000008a700000|100%| E|CS|TAMS 0x000000008a600000, 0x000000008a600000| Complete 

Card table byte_map: [0x00000265a69a0000,0x00000265a6d90000] _byte_map_base: 0x00000265a658d000

Marking Bits (Prev, Next): (CMBitMap*) 0x000002658cd4cf58, (CMBitMap*) 0x000002658cd4cf18
 Prev Bits: [0x00000265a90f0000, 0x00000265ab058000)
 Next Bits: [0x00000265a7180000, 0x00000265a90e8000)

Polling page: 0x000002658cde0000

Metaspace:

Usage:
  Non-class:      5.88 MB capacity,     5.73 MB ( 97%) used,   144.78 KB (  2%) free+waste,    10.50 KB ( <1%) overhead. 
      Class:    604.00 KB capacity,   534.43 KB ( 88%) used,    64.07 KB ( 11%) free+waste,     5.50 KB ( <1%) overhead. 
       Both:      6.47 MB capacity,     6.25 MB ( 97%) used,   208.85 KB (  3%) free+waste,    16.00 KB ( <1%) overhead. 

Virtual space:
  Non-class space:        8.00 MB reserved,       6.00 MB ( 75%) committed 
      Class space:        1.00 GB reserved,     640.00 KB ( <1%) committed 
             Both:        1.01 GB reserved,       6.63 MB ( <1%) committed 

Chunk freelists:
   Non-Class:  7.50 KB
       Class:  512 bytes
        Both:  8.00 KB

CodeHeap 'non-profiled nmethods': size=120000Kb used=733Kb max_used=733Kb free=119266Kb
 bounds [0x000002659e3f0000, 0x000002659e660000, 0x00000265a5920000]
CodeHeap 'profiled nmethods': size=120000Kb used=3472Kb max_used=4625Kb free=116528Kb
 bounds [0x0000026596ec0000, 0x0000026597360000, 0x000002659e3f0000]
CodeHeap 'non-nmethods': size=5760Kb used=1230Kb max_used=1266Kb free=4529Kb
 bounds [0x0000026596920000, 0x0000026596b90000, 0x0000026596ec0000]
 total_blobs=2320 nmethods=1106 adapters=506
 compilation: enabled
              stopped_count=0, restarted_count=0
 full_count=0

Compilation events (10 events):
Event: 513.028 Thread 0x00000265add82000 1323       3       java.nio.HeapCharBuffer::put (16 bytes)
Event: 513.029 Thread 0x00000265add82000 nmethod 1323 0x0000026596ed9b90 code [0x0000026596ed9d80, 0x0000026596eda0d0]
Event: 513.029 Thread 0x00000265add82000 1324       3       java.nio.HeapCharBuffer::ix (7 bytes)
Event: 513.029 Thread 0x00000265add82000 nmethod 1324 0x0000026596ecbe10 code [0x0000026596ecbfc0, 0x0000026596ecc138]
Event: 513.029 Thread 0x00000265add82000 1325       3       sun.nio.cs.UnicodeEncoder::implReset (9 bytes)
Event: 513.029 Thread 0x00000265add82000 nmethod 1325 0x0000026596edaf10 code [0x0000026596edb0c0, 0x0000026596edb258]
Event: 530.551 Thread 0x00000265add78800 1327       4       MainWindow::drawspecHuman (39 bytes)
Event: 530.609 Thread 0x00000265add78800 nmethod 1327 0x000002659e4a1510 code [0x000002659e4a1ba0, 0x000002659e4a4810]
Event: 633.699 Thread 0x00000265add78800 1328   !   4       java.nio.DirectByteBuffer::put (151 bytes)
Event: 633.702 Thread 0x00000265add78800 nmethod 1328 0x000002659e4a7510 code [0x000002659e4a76c0, 0x000002659e4a7a58]

GC Heap History (10 events):
Event: 1.835 GC heap before
{Heap before GC invocations=2 (full 0):
 garbage-first heap   total 132096K, used 124928K [0x0000000082600000, 0x0000000100000000)
  region size 1024K, 66 young (67584K), 3 survivors (3072K)
 Metaspace       used 6095K, capacity 6272K, committed 6528K, reserved 1056768K
  class space    used 522K, capacity 572K, committed 640K, reserved 1048576K
}
Event: 1.839 GC heap after
{Heap after GC invocations=3 (full 0):
 garbage-first heap   total 132096K, used 36639K [0x0000000082600000, 0x0000000100000000)
  region size 1024K, 3 young (3072K), 3 survivors (3072K)
 Metaspace       used 6095K, capacity 6272K, committed 6528K, reserved 1056768K
  class space    used 522K, capacity 572K, committed 640K, reserved 1048576K
}
Event: 48.146 GC heap before
{Heap before GC invocations=4 (full 0):
 garbage-first heap   total 132096K, used 114463K [0x0000000082600000, 0x0000000100000000)
  region size 1024K, 72 young (73728K), 3 survivors (3072K)
 Metaspace       used 6368K, capacity 6560K, committed 6784K, reserved 1056768K
  class space    used 534K, capacity 604K, committed 640K, reserved 1048576K
}
Event: 48.159 GC heap after
{Heap after GC invocations=5 (full 0):
 garbage-first heap   total 132096K, used 19624K [0x0000000082600000, 0x0000000100000000)
  region size 1024K, 7 young (7168K), 7 survivors (7168K)
 Metaspace       used 6368K, capacity 6560K, committed 6784K, reserved 1056768K
  class space    used 534K, capacity 604K, committed 640K, reserved 1048576K
}
Event: 296.850 GC heap before
{Heap before GC invocations=5 (full 0):
 garbage-first heap   total 132096K, used 91304K [0x0000000082600000, 0x0000000100000000)
  region size 1024K, 77 young (78848K), 7 survivors (7168K)
 Metaspace       used 6387K, capacity 6560K, committed 6784K, reserved 1056768K
  class space    used 534K, capacity 604K, committed 640K, reserved 1048576K
}
Event: 296.915 GC heap after
{Heap after GC invocations=6 (full 0):
 garbage-first heap   total 132096K, used 14870K [0x0000000082600000, 0x0000000100000000)
  region size 1024K, 10 young (10240K), 10 survivors (10240K)
 Metaspace       used 6387K, capacity 6560K, committed 6784K, reserved 1056768K
  class space    used 534K, capacity 604K, committed 640K, reserved 1048576K
}
Event: 445.256 GC heap before
{Heap before GC invocations=6 (full 0):
 garbage-first heap   total 132096K, used 56854K [0x0000000082600000, 0x0000000100000000)
  region size 1024K, 51 young (52224K), 10 survivors (10240K)
 Metaspace       used 6393K, capacity 6560K, committed 6784K, reserved 1056768K
  class space    used 534K, capacity 604K, committed 640K, reserved 1048576K
}
Event: 445.273 GC heap after
{Heap after GC invocations=7 (full 0):
 garbage-first heap   total 132096K, used 12477K [0x0000000082600000, 0x0000000100000000)
  region size 1024K, 7 young (7168K), 7 survivors (7168K)
 Metaspace       used 6393K, capacity 6560K, committed 6784K, reserved 1056768K
  class space    used 534K, capacity 604K, committed 640K, reserved 1048576K
}
Event: 643.496 GC heap before
{Heap before GC invocations=7 (full 0):
 garbage-first heap   total 132096K, used 79037K [0x0000000082600000, 0x0000000100000000)
  region size 1024K, 72 young (73728K), 7 survivors (7168K)
 Metaspace       used 6399K, capacity 6624K, committed 6784K, reserved 1056768K
  class space    used 534K, capacity 604K, committed 640K, reserved 1048576K
}
Event: 643.523 GC heap after
{Heap after GC invocations=8 (full 0):
 garbage-first heap   total 132096K, used 17066K [0x0000000082600000, 0x0000000100000000)
  region size 1024K, 9 young (9216K), 9 survivors (9216K)
 Metaspace       used 6399K, capacity 6624K, committed 6784K, reserved 1056768K
  class space    used 534K, capacity 604K, committed 640K, reserved 1048576K
}

Deoptimization events (10 events):
Event: 0.646 Thread 0x000002658cd0e000 Uncommon trap: reason=unstable_if action=reinterpret pc=0x000002659e402c04 method=java.lang.StringCoding.hasNegatives([BII)Z @ 12 c2
Event: 0.646 Thread 0x000002658cd0e000 Uncommon trap: reason=unstable_if action=reinterpret pc=0x000002659e3f5d2c method=java.lang.String.charAt(I)C @ 4 c2
Event: 0.646 Thread 0x000002658cd0e000 Uncommon trap: reason=unstable_if action=reinterpret pc=0x000002659e416948 method=java.lang.StringUTF16.compress([CI[BII)I @ 20 c2
Event: 0.677 Thread 0x000002658cd0e000 Uncommon trap: reason=unstable_if action=reinterpret pc=0x000002659e422084 method=java.util.HashMap.putVal(ILjava/lang/Object;Ljava/lang/Object;ZZ)Ljava/lang/Object; @ 181 c2
Event: 1.440 Thread 0x000002658cd0e000 Uncommon trap: reason=unstable_if action=reinterpret pc=0x000002659e431780 method=java.awt.image.ComponentColorModel.getDataElements(ILjava/lang/Object;)Ljava/lang/Object; @ 2981 c2
Event: 1.441 Thread 0x000002658cd0e000 Uncommon trap: reason=unstable_if action=reinterpret pc=0x000002659e42d914 method=sun.awt.image.ByteInterleavedRaster.getDataElements(IILjava/lang/Object;)Ljava/lang/Object; @ 43 c2
Event: 1.502 Thread 0x000002658cd0e000 Uncommon trap: reason=unstable_if action=reinterpret pc=0x000002659e436710 method=sun.java2d.loops.OpaqueCopyAnyToArgb.Blit(Lsun/java2d/SurfaceData;Lsun/java2d/SurfaceData;Ljava/awt/Composite;Lsun/java2d/pipe/Region;IIIIII)V @ 150 c2
Event: 1.519 Thread 0x000002658cd0e000 Uncommon trap: reason=unstable_if action=reinterpret pc=0x000002659e43978c method=sun.java2d.loops.OpaqueCopyArgbToAny.Blit(Lsun/java2d/SurfaceData;Lsun/java2d/SurfaceData;Ljava/awt/Composite;Lsun/java2d/pipe/Region;IIIIII)V @ 159 c2
Event: 48.182 Thread 0x000002658cd0e000 Uncommon trap: reason=unstable_if action=reinterpret pc=0x000002659e467c6c method=java.nio.Bits.tryReserveMemory(JI)Z @ 29 c2
Event: 296.980 Thread 0x00000265add53800 Uncommon trap: reason=unstable_if action=reinterpret pc=0x000002659e436620 method=java.lang.ref.Reference.processPendingReferences()V @ 28 c2

Classes redefined (0 events):
No events

Internal exceptions (9 events):
Event: 0.560 Thread 0x000002658cd0e000 Exception <a 'java/lang/NoSuchMethodError'{0x0000000089e7cbd0}: java.lang.invoke.DirectMethodHandle$Holder.invokeStaticInit(Ljava/lang/Object;I)Ljava/lang/Object;> (0x0000000089e7cbd0) thrown at [t:/workspace/open/src/hotspot/share/interpreter/linkResolve
Event: 0.633 Thread 0x000002658cd0e000 Exception <a 'java/lang/ClassNotFoundException'{0x0000000089d2efd8}: sun/awt/resources/spi/awtProvider> (0x0000000089d2efd8) thrown at [t:/workspace/open/src/hotspot/share/classfile/systemDictionary.cpp, line 235]
Event: 0.646 Thread 0x000002658cd0e000 Exception <a 'java/io/FileNotFoundException'{0x0000000089d7ab00}> (0x0000000089d7ab00) thrown at [t:/workspace/open/src/hotspot/share/prims/jni.cpp, line 615]
Event: 0.657 Thread 0x000002658cd0e000 Exception <a 'java/io/FileNotFoundException'{0x0000000089de7a70}> (0x0000000089de7a70) thrown at [t:/workspace/open/src/hotspot/share/prims/jni.cpp, line 615]
Event: 0.680 Thread 0x000002658cd0e000 Exception <a 'java/lang/NoSuchMethodError'{0x0000000089c5e8e8}: java.lang.invoke.DirectMethodHandle$Holder.invokeStaticInit(Ljava/lang/Object;IIII)Ljava/lang/Object;> (0x0000000089c5e8e8) thrown at [t:/workspace/open/src/hotspot/share/interpreter/linkReso
Event: 1.302 Thread 0x000002658cd0e000 Exception <a 'java/lang/NoSuchMethodError'{0x0000000089ca74e8}: java.lang.invoke.DirectMethodHandle$Holder.invokeStaticInit(Ljava/lang/Object;Ljava/lang/Object;IIII)Ljava/lang/Object;> (0x0000000089ca74e8) thrown at [t:/workspace/open/src/hotspot/share/in
Event: 1.440 Thread 0x000002658cd0e000 Implicit null exception at 0x000002659e4313ad to 0x000002659e43176a
Event: 1.441 Thread 0x000002658cd0e000 Implicit null exception at 0x000002659e42d6b6 to 0x000002659e42d8f6
Event: 296.980 Thread 0x00000265add53800 Implicit null exception at 0x000002659e436334 to 0x000002659e436611

Events (10 events):
Event: 425.310 Thread 0x00000265add91000 flushing nmethod 0x0000026597149710
Event: 425.310 Thread 0x00000265add91000 flushing nmethod 0x000002659715dd90
Event: 445.256 Executing VM operation: G1CollectForAllocation
Event: 445.273 Executing VM operation: G1CollectForAllocation done
Event: 445.287 Thread 0x00000265add53800 DEOPT PACKING pc=0x0000026596f01ffe sp=0x000000dbdd3ff0d0
Event: 445.287 Thread 0x00000265add53800 DEOPT UNPACKING pc=0x00000265969499ce sp=0x000000dbdd3fe5e0 mode 0
Event: 633.702 Executing VM operation: HandshakeAllThreads
Event: 633.702 Executing VM operation: HandshakeAllThreads done
Event: 643.495 Executing VM operation: G1CollectForAllocation
Event: 643.523 Executing VM operation: G1CollectForAllocation done


Dynamic libraries:
0x00007ff707250000 - 0x00007ff70725f000 	E:\Java\jdk-12.0.2\bin\javaw.exe
0x00007ffaf7dc0000 - 0x00007ffaf7fb0000 	C:\WINDOWS\SYSTEM32\ntdll.dll
0x00007ffaf6c60000 - 0x00007ffaf6d12000 	C:\WINDOWS\System32\KERNEL32.DLL
0x00007ffaf5700000 - 0x00007ffaf59a3000 	C:\WINDOWS\System32\KERNELBASE.dll
0x00007ffaf5c70000 - 0x00007ffaf5d6a000 	C:\WINDOWS\System32\ucrtbase.dll
0x00007ffaf36f0000 - 0x00007ffaf3708000 	E:\Java\jdk-12.0.2\bin\jli.dll
0x00007ffaf3590000 - 0x00007ffaf35a6000 	E:\Java\jdk-12.0.2\bin\VCRUNTIME140.dll
0x00007ffaf6f20000 - 0x00007ffaf6fc3000 	C:\WINDOWS\System32\ADVAPI32.dll
0x00007ffaf77d0000 - 0x00007ffaf786e000 	C:\WINDOWS\System32\msvcrt.dll
0x00007ffaf6e80000 - 0x00007ffaf6f17000 	C:\WINDOWS\System32\sechost.dll
0x00007ffaf7c30000 - 0x00007ffaf7d50000 	C:\WINDOWS\System32\RPCRT4.dll
0x00007ffaf5ed0000 - 0x00007ffaf6064000 	C:\WINDOWS\System32\USER32.dll
0x00007ffaf5d90000 - 0x00007ffaf5db1000 	C:\WINDOWS\System32\win32u.dll
0x00007ffaf75c0000 - 0x00007ffaf75e6000 	C:\WINDOWS\System32\GDI32.dll
0x00007ffae5690000 - 0x00007ffae5915000 	C:\WINDOWS\WinSxS\amd64_microsoft.windows.common-controls_6595b64144ccf1df_6.0.18362.476_none_e6c4b11b130f2595\COMCTL32.dll
0x00007ffaf59b0000 - 0x00007ffaf5b44000 	C:\WINDOWS\System32\gdi32full.dll
0x00007ffaf7080000 - 0x00007ffaf73b6000 	C:\WINDOWS\System32\combase.dll
0x00007ffaf5bd0000 - 0x00007ffaf5c6e000 	C:\WINDOWS\System32\msvcp_win.dll
0x00007ffaf4f00000 - 0x00007ffaf4f80000 	C:\WINDOWS\System32\bcryptPrimitives.dll
0x00007ffaf3aa0000 - 0x00007ffaf3aaa000 	C:\WINDOWS\SYSTEM32\VERSION.dll
0x00007ffaf7d50000 - 0x00007ffaf7d7e000 	C:\WINDOWS\System32\IMM32.DLL
0x00007ffacbd90000 - 0x00007ffacbe3a000 	E:\Java\jdk-12.0.2\bin\msvcp140.dll
0x00007ffaa1e50000 - 0x00007ffaa29c7000 	E:\Java\jdk-12.0.2\bin\server\jvm.dll
0x00007ffaf6770000 - 0x00007ffaf6778000 	C:\WINDOWS\System32\PSAPI.DLL
0x00007ffae06c0000 - 0x00007ffae06c9000 	C:\WINDOWS\SYSTEM32\WSOCK32.dll
0x00007ffaeb6c0000 - 0x00007ffaeb6e4000 	C:\WINDOWS\SYSTEM32\WINMM.dll
0x00007ffaf6da0000 - 0x00007ffaf6e0f000 	C:\WINDOWS\System32\WS2_32.dll
0x00007ffaeb690000 - 0x00007ffaeb6bd000 	C:\WINDOWS\SYSTEM32\WINMMBASE.dll
0x00007ffaf5b80000 - 0x00007ffaf5bca000 	C:\WINDOWS\System32\cfgmgr32.dll
0x00007ffaf4ca0000 - 0x00007ffaf4cb1000 	C:\WINDOWS\System32\kernel.appcore.dll
0x00007ffad4220000 - 0x00007ffad4231000 	E:\Java\jdk-12.0.2\bin\verify.dll
0x00007ffae1360000 - 0x00007ffae1554000 	C:\WINDOWS\SYSTEM32\DBGHELP.DLL
0x00007ffae1050000 - 0x00007ffae107a000 	C:\WINDOWS\SYSTEM32\dbgcore.DLL
0x00007ffad2340000 - 0x00007ffad2366000 	E:\Java\jdk-12.0.2\bin\java.dll
0x00007ffad4200000 - 0x00007ffad4217000 	E:\Java\jdk-12.0.2\bin\zip.dll
0x00007ffadf900000 - 0x00007ffadf90a000 	E:\Java\jdk-12.0.2\bin\jimage.dll
0x00007ffaf6080000 - 0x00007ffaf6765000 	C:\WINDOWS\System32\SHELL32.dll
0x00007ffaf74f0000 - 0x00007ffaf7599000 	C:\WINDOWS\System32\shcore.dll
0x00007ffaf4f80000 - 0x00007ffaf56fe000 	C:\WINDOWS\System32\windows.storage.dll
0x00007ffaf4d30000 - 0x00007ffaf4d4f000 	C:\WINDOWS\System32\profapi.dll
0x00007ffaf4ce0000 - 0x00007ffaf4d2a000 	C:\WINDOWS\System32\powrprof.dll
0x00007ffaf4c90000 - 0x00007ffaf4ca0000 	C:\WINDOWS\System32\UMPDC.dll
0x00007ffaf7490000 - 0x00007ffaf74e2000 	C:\WINDOWS\System32\shlwapi.dll
0x00007ffaf5d70000 - 0x00007ffaf5d87000 	C:\WINDOWS\System32\cryptsp.dll
0x00007ffad3540000 - 0x00007ffad3559000 	E:\Java\jdk-12.0.2\bin\net.dll
0x00007ffaefdd0000 - 0x00007ffaefec0000 	C:\WINDOWS\SYSTEM32\WINHTTP.dll
0x00007ffae5190000 - 0x00007ffae5366000 	C:\WINDOWS\SYSTEM32\urlmon.dll
0x00007ffae4ee0000 - 0x00007ffae5186000 	C:\WINDOWS\SYSTEM32\iertutil.dll
0x00007ffaf46d0000 - 0x00007ffaf46dc000 	C:\WINDOWS\SYSTEM32\CRYPTBASE.DLL
0x00007ffaf4500000 - 0x00007ffaf4567000 	C:\WINDOWS\system32\mswsock.dll
0x00007ffad2320000 - 0x00007ffad2333000 	E:\Java\jdk-12.0.2\bin\nio.dll
0x0000000180000000 - 0x0000000180053000 	A:\Java\ComputerGraphics\Project1\Cg_project1\Project_cg1\lwjgl64.dll
0x00007ffad4240000 - 0x00007ffad4396000 	C:\WINDOWS\SYSTEM32\OPENGL32.dll
0x00007ffaed970000 - 0x00007ffaed99c000 	C:\WINDOWS\SYSTEM32\GLU32.dll
0x00007ffaf3760000 - 0x00007ffaf3780000 	C:\WINDOWS\SYSTEM32\dxcore.dll
0x00007ffaf0420000 - 0x00007ffaf04ce000 	C:\WINDOWS\SYSTEM32\mscms.dll
0x00007ffaf4bb0000 - 0x00007ffaf4bd5000 	C:\WINDOWS\SYSTEM32\USERENV.dll
0x00007ffaf0380000 - 0x00007ffaf0397000 	C:\WINDOWS\SYSTEM32\ColorAdapterClient.dll
0x00007ffaf73c0000 - 0x00007ffaf7484000 	C:\WINDOWS\System32\OLEAUT32.dll
0x00007ffaf6fd0000 - 0x00007ffaf7072000 	C:\WINDOWS\System32\clbcatq.dll
0x00007ffae9770000 - 0x00007ffae978a000 	C:\Windows\System32\Windows.Internal.Graphics.Display.DisplayColorManagement.dll
0x00007ffaf2ca0000 - 0x00007ffaf2d39000 	C:\WINDOWS\system32\uxtheme.dll
0x00007ffaf7870000 - 0x00007ffaf79a6000 	C:\WINDOWS\System32\MSCTF.dll
0x00007ffac7be0000 - 0x00007ffac7cd7000 	C:\ProgramData\A-Volute\A-Volute.Nahimic\Modules\Scheduled\x64\A-Volute.NahimicDevProps2.dll
0x00007ffaf75f0000 - 0x00007ffaf7746000 	C:\WINDOWS\System32\ole32.dll
0x00007ffad5fc0000 - 0x00007ffad606c000 	C:\ProgramData\A-Volute\A-Volute.Nahimic\Modules\Scheduled\x64\NahimicOSD.dll
0x00007ffae4a60000 - 0x00007ffae4a82000 	C:\ProgramData\A-Volute\A-Volute.Nahimic\Modules\Scheduled\x64\ProductInfo.dll
0x00007ffa9c380000 - 0x00007ffa9d2dc000 	C:\WINDOWS\System32\DriverStore\FileRepository\iigd_dch.inf_amd64_38bfcb542ef4272e\ig9icd64.dll
0x00007ffaf31a0000 - 0x00007ffaf31cd000 	C:\WINDOWS\SYSTEM32\dwmapi.dll
0x00007ffaf3890000 - 0x00007ffaf397b000 	C:\WINDOWS\system32\dxgi.dll
0x00007ffadbb60000 - 0x00007ffadbbfe000 	C:\WINDOWS\System32\TextInputFramework.dll
0x00007ffaf2920000 - 0x00007ffaf29f4000 	C:\WINDOWS\System32\CoreMessaging.dll
0x00007ffaeb070000 - 0x00007ffaeb39a000 	C:\WINDOWS\System32\CoreUIComponents.dll
0x00007ffaf0b70000 - 0x00007ffaf0cc3000 	C:\WINDOWS\SYSTEM32\wintypes.dll
0x00007ffaf3e00000 - 0x00007ffaf3e31000 	C:\WINDOWS\SYSTEM32\ntmarta.dll
0x00007ffacbd40000 - 0x00007ffacbd83000 	C:\WINDOWS\SYSTEM32\icm32.dll
0x00007ffae8200000 - 0x00007ffae8352000 	C:\WINDOWS\System32\DriverStore\FileRepository\iigd_dch.inf_amd64_38bfcb542ef4272e\igdgmm64.dll
0x00007ffae5ea0000 - 0x00007ffae81f6000 	C:\WINDOWS\System32\DriverStore\FileRepository\iigd_dch.inf_amd64_38bfcb542ef4272e\igc64.dll
0x00007ffaeb7d0000 - 0x00007ffaeb997000 	C:\WINDOWS\SYSTEM32\d3d9.dll
0x00007ffaca100000 - 0x00007ffaca29f000 	E:\Java\jdk-12.0.2\bin\awt.dll
0x00007ffaf16d0000 - 0x00007ffaf1c90000 	C:\WINDOWS\SYSTEM32\d2d1.dll
0x00007ffaf2b80000 - 0x00007ffaf2c0f000 	C:\WINDOWS\SYSTEM32\apphelp.dll
0x00007ffaf4070000 - 0x00007ffaf40a3000 	C:\WINDOWS\system32\rsaenh.dll
0x00007ffaf5b50000 - 0x00007ffaf5b76000 	C:\WINDOWS\System32\bcrypt.dll
0x00007ffaf4210000 - 0x00007ffaf424a000 	C:\WINDOWS\SYSTEM32\IPHLPAPI.DLL
0x00007ffaf6e70000 - 0x00007ffaf6e78000 	C:\WINDOWS\System32\NSI.dll
0x00007ffaed3e0000 - 0x00007ffaed3f6000 	C:\WINDOWS\SYSTEM32\dhcpcsvc6.DLL
0x00007ffaed440000 - 0x00007ffaed45c000 	C:\WINDOWS\SYSTEM32\dhcpcsvc.DLL
0x00007ffaf4250000 - 0x00007ffaf431a000 	C:\WINDOWS\SYSTEM32\DNSAPI.dll
0x00007ffaf3560000 - 0x00007ffaf358d000 	E:\Java\jdk-12.0.2\bin\javajpeg.dll

dbghelp: loaded successfully - version: 4.0.5 - missing functions: none
symbol engine: initialized successfully - sym options: 0x614 - pdb path: .;E:\Java\jdk-12.0.2\bin;C:\WINDOWS\SYSTEM32;C:\WINDOWS\WinSxS\amd64_microsoft.windows.common-controls_6595b64144ccf1df_6.0.18362.476_none_e6c4b11b130f2595;E:\Java\jdk-12.0.2\bin\server;A:\Java\ComputerGraphics\Project1\Cg_project1\Project_cg1;C:\ProgramData\A-Volute\A-Volute.Nahimic\Modules\Scheduled\x64;C:\WINDOWS\System32\DriverStore\FileRepository\iigd_dch.inf_amd64_38bfcb542ef4272e

VM Arguments:
jvm_args: -Dfile.encoding=GBK 
java_command: MainWindow
java_class_path (initial): A:\Java\ComputerGraphics\Project1\Cg_project1\Project_cg1\bin;A:\Java\ComputerGraphics\Project1\Cg_project1\Project_cg1\LWJGL\AppleJavaExtensions.jar;A:\Java\ComputerGraphics\Project1\Cg_project1\Project_cg1\LWJGL\asm-debug-all.jar;A:\Java\ComputerGraphics\Project1\Cg_project1\Project_cg1\LWJGL\jinput.jar;A:\Java\ComputerGraphics\Project1\Cg_project1\Project_cg1\LWJGL\laf-plugin-7.2.1.jar;A:\Java\ComputerGraphics\Project1\Cg_project1\Project_cg1\LWJGL\laf-widget-7.2.1.jar;A:\Java\ComputerGraphics\Project1\Cg_project1\Project_cg1\LWJGL\log4j-api-2.0-beta9.jar;A:\Java\ComputerGraphics\Project1\Cg_project1\Project_cg1\LWJGL\lwjgl_test.jar;A:\Java\ComputerGraphics\Project1\Cg_project1\Project_cg1\LWJGL\lwjgl_util_applet.jar;A:\Java\ComputerGraphics\Project1\Cg_project1\Project_cg1\LWJGL\lwjgl_util.jar;A:\Java\ComputerGraphics\Project1\Cg_project1\Project_cg1\LWJGL\lwjgl-debug.jar;A:\Java\ComputerGraphics\Project1\Cg_project1\Project_cg1\LWJGL\lwjgl.jar;A:\Java\ComputerGraphics\Project1\Cg_project1\Project_cg1\LWJGL\lzma.jar;A:\Java\ComputerGraphics\Project1\Cg_project1\Project_cg1\LWJGL\substance-7.2.1.jar;A:\Java\ComputerGraphics\Project1\Cg_project1\Project_cg1\LWJGL\trident-7.2.1.jar;A:\Java\ComputerGraphics\Project1\Cg_project1\Project_cg1\LWJGL\slick-util.jar
Launcher Type: SUN_STANDARD

[Global flags]
     intx CICompilerCount                          = 4                                         {product} {ergonomic}
     uint ConcGCThreads                            = 3                                         {product} {ergonomic}
     uint G1ConcRefinementThreads                  = 10                                        {product} {ergonomic}
   size_t G1HeapRegionSize                         = 1048576                                   {product} {ergonomic}
    uintx GCDrainStackTargetSize                   = 64                                        {product} {ergonomic}
   size_t InitialHeapSize                          = 132120576                                 {product} {ergonomic}
   size_t MarkStackSize                            = 4194304                                   {product} {ergonomic}
   size_t MaxHeapSize                              = 2107637760                                {product} {ergonomic}
   size_t MaxNewSize                               = 1264582656                                {product} {ergonomic}
   size_t MinHeapDeltaBytes                        = 1048576                                   {product} {ergonomic}
    uintx NonNMethodCodeHeapSize                   = 5836300                                {pd product} {ergonomic}
    uintx NonProfiledCodeHeapSize                  = 122910970                              {pd product} {ergonomic}
    uintx ProfiledCodeHeapSize                     = 122910970                              {pd product} {ergonomic}
    uintx ReservedCodeCacheSize                    = 251658240                              {pd product} {ergonomic}
     bool SegmentedCodeCache                       = true                                      {product} {ergonomic}
     bool UseCompressedClassPointers               = true                                 {lp64_product} {ergonomic}
     bool UseCompressedOops                        = true                                 {lp64_product} {ergonomic}
     bool UseG1GC                                  = true                                      {product} {ergonomic}
     bool UseLargePagesIndividualAllocation        = false                                  {pd product} {ergonomic}

Logging:
Log output configuration:
 #0: stdout all=warning uptime,level,tags
 #1: stderr all=off uptime,level,tags

Environment Variables:
PATH=E:/Java/jdk-12.0.2/bin/server;E:/Java/jdk-12.0.2/bin;C:\Program Files (x86)\Common Files\Intel\Shared Libraries\redist\intel64\compiler;C:\Program Files (x86)\Intel\Intel(R) Management Engine Components\iCLS\;C:\Program Files\Intel\Intel(R) Management Engine Components\iCLS\;C:\Windows\system32;C:\Windows;C:\Windows\System32\Wbem;C:\Windows\System32\WindowsPowerShell\v1.0\;C:\Windows\System32\OpenSSH\;C:\Program Files (x86)\Intel\Intel(R) Management Engine Components\DAL;C:\Program Files\Intel\Intel(R) Management Engine Components\DAL;C:\Program Files (x86)\Intel\Intel(R) Management Engine Components\IPT;C:\Program Files\Intel\Intel(R) Management Engine Components\IPT;C:\Program Files (x86)\NVIDIA Corporation\PhysX\Common;C:\Program Files\NVIDIA Corporation\NVIDIA NGX;C:\Program Files\Intel\WiFi\bin\;C:\Program Files\Common Files\Intel\WirelessCommon\;D:\Git\cmd;C:\sqlite;C:\Program Files\Microsoft SQL Server\130\Tools\Binn\;C:\Program Files\dotnet\;C:\Program Files\NVIDIA Corporation\NVIDIA NvDLISR;A:\Blog\Nodejs\;E:\;C:\WINDOWS\system32;C:\WINDOWS;C:\WINDOWS\System32\Wbem;C:\WINDOWS\System32\WindowsPowerShell\v1.0\;C:\WINDOWS\System32\OpenSSH\;A:\Web\pythonStaff\Scripts;A:\Web\pythonStaff\Scripts\;A:\Web\pythonStaff\;C:\Users\11518\AppData\Local\Microsoft\WindowsApps;C:\Users\11518\AppData\Local\GitHubDesktop\bin;D:\Microsoft VS Code\bin;C:\Users\11518\AppData\Roaming\npm;C:\Users\11518\AppData\Local\atom\bin;C:\Users\11518\AppData\Local\Microsoft\WindowsApps;A:\Web\Python\Python.3.8\Scripts;;C:\WINDOWS\System32;
USERNAME=11518
OS=Windows_NT
PROCESSOR_IDENTIFIER=Intel64 Family 6 Model 158 Stepping 10, GenuineIntel



---------------  S Y S T E M  ---------------

OS: Windows 10 , 64 bit Build 18362 (10.0.18362.329)

CPU:total 12 (initial active 12) (6 cores per cpu, 2 threads per core) family 6 model 158 stepping 10, cmov, cx8, fxsr, mmx, sse, sse2, sse3, ssse3, sse4.1, sse4.2, popcnt, avx, avx2, aes, clmul, erms, 3dnowpref, lzcnt, ht, tsc, tscinvbit, bmi1, bmi2, adx, fma

Memory: 4k page, system-wide physical 8036M (3503M free)
TotalPageFile size 14948M (AvailPageFile size 7263M)
current process WorkingSet (physical memory assigned to process): 992M, peak: 4032M
current process commit charge ("private bytes"): 1104M, peak: 4115M

vm_info: Java HotSpot(TM) 64-Bit Server VM (12.0.2+10) for windows-amd64 JRE (12.0.2+10), built on Jul 16 2019 01:56:17 by "mach5one" with MS VC++ 15.5 (VS2017)

END.
