#
# A fatal error has been detected by the Java Runtime Environment:
#
#  EXCEPTION_ACCESS_VIOLATION (0xc0000005) at pc=0x00007ff89cb277ae, pid=22076, tid=10912
#
# JRE version: Java(TM) SE Runtime Environment (12.0.2+10) (build 12.0.2+10)
# Java VM: Java HotSpot(TM) 64-Bit Server VM (12.0.2+10, mixed mode, sharing, tiered, compressed oops, g1 gc, windows-amd64)
# Problematic frame:
# C  [ig9icd64.dll+0x177ae]
#
# No core dump will be written. Minidumps are not enabled by default on client versions of Windows
#
# If you would like to submit a bug report, please visit:
#   http://bugreport.java.com/bugreport/crash.jsp
# The crash happened outside the Java Virtual Machine in native code.
# See problematic frame for where to report the bug.
#

---------------  S U M M A R Y ------------

Command Line: -Dfile.encoding=GBK MainWindow

Host: Intel(R) Core(TM) i7-8750H CPU @ 2.20GHz, 12 cores, 7G,  Windows 10 , 64 bit Build 18362 (10.0.18362.329)
Time: Tue Dec 24 20:58:28 2019 ?D1¨²¡À¨º¡Á?¨º¡À?? elapsed time: 72 seconds (0d 0h 1m 12s)

---------------  T H R E A D  ---------------

Current thread (0x00000209edc2f000):  JavaThread "main" [_thread_in_native, id=10912, stack(0x000000edef800000,0x000000edef900000)]

Stack: [0x000000edef800000,0x000000edef900000],  sp=0x000000edef8fc620,  free space=1009k
Native frames: (J=compiled Java code, j=interpreted, Vv=VM code, C=native code)
C  [ig9icd64.dll+0x177ae]

Java frames: (J=compiled Java code, j=interpreted, Vv=VM code)
J 985  org.lwjgl.opengl.GL11.nglGetError(J)I (0 bytes) @ 0x0000020987b26411 [0x0000020987b263c0+0x0000000000000051]
J 1098 c2 objects3D.TexCube.DrawTexCube()V (532 bytes) @ 0x0000020987b3c690 [0x0000020987b3ad20+0x0000000000001970]
J 1181 c1 objects3D.Geometry.DrawPlane()V (1057 bytes) @ 0x000002098084b8d4 [0x0000020980838200+0x00000000000136d4]
J 1275 c1 MainWindow.drawBackground()V (59 bytes) @ 0x00000209809ec114 [0x00000209809ea860+0x00000000000018b4]
J 1274 c1 MainWindow.renderGL()V (418 bytes) @ 0x00000209809cfab4 [0x00000209809c64a0+0x0000000000009614]
j  MainWindow.start()V+81
j  MainWindow.main([Ljava/lang/String;)V+9
v  ~StubRoutines::call_stub

siginfo: EXCEPTION_ACCESS_VIOLATION (0xc0000005), writing address 0x0000020993af0000


Register to memory mapping:

RIP=0x00007ff89cb277ae ig9icd64.dll
RAX=0x0000000011000001 is an unknown value
RBX=0x00000209fe7e47e8 points into unknown readable memory: 00 00 00 00 00 00 00 00
RCX=0x0000020993af000c is an unknown value
RDX=0x000000edef8fc6bc is pointing into the stack for thread: 0x00000209edc2f000
RSP=0x000000edef8fc620 is pointing into the stack for thread: 0x00000209edc2f000
RBP=0x000000edef8fc750 is pointing into the stack for thread: 0x00000209edc2f000
RSI=0x00000209fe7b0400 points into unknown readable memory: 80 f3 a2 97 09 02 00 00
RDI=0x000000000000007f is an unknown value
R8 =0x000000000000000c is an unknown value
R9 =0x00007ff89cb10000 ig9icd64.dll
R10=0x0 is NULL
R11=0x000000edef8fc630 is pointing into the stack for thread: 0x00000209edc2f000
R12=0x00000209fe7e5cb0 points into unknown readable memory: 01 00 00 00 00 00 00 00
R13=0x00000209fe7e4ae0 points into unknown readable memory: 00 00 00 00 00 00 00 00
R14=0x0 is NULL
R15=0x00000209fe7e4680 points into unknown readable memory: 30 b6 56 9d f8 7f 00 00


Registers:
RAX=0x0000000011000001, RBX=0x00000209fe7e47e8, RCX=0x0000020993af000c, RDX=0x000000edef8fc6bc
RSP=0x000000edef8fc620, RBP=0x000000edef8fc750, RSI=0x00000209fe7b0400, RDI=0x000000000000007f
R8 =0x000000000000000c, R9 =0x00007ff89cb10000, R10=0x0000000000000000, R11=0x000000edef8fc630
R12=0x00000209fe7e5cb0, R13=0x00000209fe7e4ae0, R14=0x0000000000000000, R15=0x00000209fe7e4680
RIP=0x00007ff89cb277ae, EFLAGS=0x0000000000010202

Top of Stack: (sp=0x000000edef8fc620)
0x000000edef8fc620:   0000000000000000 0000000000000000
0x000000edef8fc630:   0000fdbd8aa381e9 0000000000000000
0x000000edef8fc640:   0010543d00000000 00007ff89cb9772e
0x000000edef8fc650:   0010543d00000000 0010543d00000000
0x000000edef8fc660:   000000edef8fc750 00000209fe7b0400
0x000000edef8fc670:   00000209edc2f000 00007ff8a682e6b9
0x000000edef8fc680:   0000000086a8def0 00007ff90db8d68d
0x000000edef8fc690:   0000000086a8def0 00000209fe28df60
0x000000edef8fc6a0:   00000209fe7e4ae0 00007ff8a6dea8ef
0x000000edef8fc6b0:   0000209011000001 0000000010001000
0x000000edef8fc6c0:   000000ed00000003 00000209edc2f000
0x000000edef8fc6d0:   0000020a64302cb0 0005300000060000
0x000000edef8fc6e0:   00000209fe7ad970 00007ff90db8d99c
0x000000edef8fc6f0:   000000edef8fc950 00000209fe85a298
0x000000edef8fc700:   0000020a6433d620 00026b3800060000
0x000000edef8fc710:   00000209fe7ad970 0000020a64303c00 

Instructions: (pc=0x00007ff89cb277ae)
0x00007ff89cb276ae:   6f 4a 90 f3 0f 6f 52 a0 f3 0f 6f 5a b0 f3 0f 6f
0x00007ff89cb276be:   62 c0 f3 0f 6f 6a d0 f3 0f 6f 72 e0 f3 0f 6f 7a
0x00007ff89cb276ce:   f0 f3 0f 7f 41 80 f3 0f 7f 49 90 f3 0f 7f 51 a0
0x00007ff89cb276de:   f3 0f 7f 59 b0 f3 0f 7f 61 c0 f3 0f 7f 69 d0 f3
0x00007ff89cb276ee:   0f 7f 71 e0 f3 0f 7f 79 f0 49 83 e9 01 75 a3 4d
0x00007ff89cb276fe:   8b d0 49 8b c0 49 83 e2 f0 48 c1 e8 04 49 03 ca
0x00007ff89cb2770e:   49 03 d2 48 ff c8 48 83 f8 06 77 5a 4c 8d 0d df
0x00007ff89cb2771e:   88 fe ff 41 8b 84 81 5c 78 01 00 49 03 c1 ff e0
0x00007ff89cb2772e:   f3 0f 6f 42 90 f3 0f 7f 41 90 f3 0f 6f 42 a0 f3
0x00007ff89cb2773e:   0f 7f 41 a0 f3 0f 6f 42 b0 f3 0f 7f 41 b0 f3 0f
0x00007ff89cb2774e:   6f 42 c0 f3 0f 7f 41 c0 f3 0f 6f 42 d0 f3 0f 7f
0x00007ff89cb2775e:   41 d0 f3 0f 6f 42 e0 f3 0f 7f 41 e0 f3 0f 6f 42
0x00007ff89cb2776e:   f0 f3 0f 7f 41 f0 0f 28 3c 24 4d 2b c2 0f 28 74
0x00007ff89cb2777e:   24 10 4d 85 c0 74 58 49 8b c0 48 83 e0 fc 48 03
0x00007ff89cb2778e:   c8 48 03 d0 49 8b c0 48 c1 e8 02 48 83 e8 01 74
0x00007ff89cb2779e:   18 48 83 e8 01 74 0c 48 83 f8 01 75 12 8b 42 f4
0x00007ff89cb277ae:   89 41 f4 8b 42 f8 89 41 f8 8b 42 fc 89 41 fc 41
0x00007ff89cb277be:   f6 c0 01 74 0e 0f b6 02 49 ff c8 88 01 48 ff c1
0x00007ff89cb277ce:   48 ff c2 41 f6 c0 02 74 06 0f b7 02 66 89 01 48
0x00007ff89cb277de:   83 c4 28 c3 66 90 b7 77 01 00 b1 77 01 00 ab 77
0x00007ff89cb277ee:   01 00 7a 74 01 00 74 74 01 00 6e 74 01 00 68 74
0x00007ff89cb277fe:   01 00 62 74 01 00 5c 74 01 00 56 74 01 00 50 74
0x00007ff89cb2780e:   01 00 4a 74 01 00 44 74 01 00 3e 74 01 00 38 74
0x00007ff89cb2781e:   01 00 32 74 01 00 c0 75 01 00 b6 75 01 00 ac 75
0x00007ff89cb2782e:   01 00 a2 75 01 00 98 75 01 00 8e 75 01 00 84 75
0x00007ff89cb2783e:   01 00 c0 75 01 00 b6 75 01 00 ac 75 01 00 a2 75
0x00007ff89cb2784e:   01 00 98 75 01 00 8e 75 01 00 84 75 01 00 6a 77
0x00007ff89cb2785e:   01 00 60 77 01 00 56 77 01 00 4c 77 01 00 42 77
0x00007ff89cb2786e:   01 00 38 77 01 00 2e 77 01 00 cc cc cc cc cc cc
0x00007ff89cb2787e:   cc cc 40 53 55 56 57 41 54 41 55 41 56 41 57 48
0x00007ff89cb2788e:   83 ec 68 48 8b 05 50 c5 e6 00 48 33 c4 48 89 44
0x00007ff89cb2789e:   24 50 48 8b 09 4c 8b ea 48 8b 9c 24 d0 00 00 00 


Stack slot to memory mapping:
stack at sp + 0 slots: 0x0 is NULL
stack at sp + 1 slots: 0x0 is NULL
stack at sp + 2 slots: 0x0000fdbd8aa381e9 is an unknown value
stack at sp + 3 slots: 0x0 is NULL
stack at sp + 4 slots: 0x0010543d00000000 is an unknown value
stack at sp + 5 slots: 0x00007ff89cb9772e ig9icd64.dll
stack at sp + 6 slots: 0x0010543d00000000 is an unknown value
stack at sp + 7 slots: 0x0010543d00000000 is an unknown value


---------------  P R O C E S S  ---------------

Threads class SMR info:
_java_thread_list=0x00000209998f14d0, length=12, elements={
0x00000209edc2f000, 0x00000209fdcbc000, 0x00000209fdcbd000, 0x00000209fe4e3000,
0x00000209fe4e4000, 0x00000209fe4e8000, 0x00000209fe4f5800, 0x00000209fe503800,
0x00000209fe640800, 0x00000209fe650000, 0x0000020997f08800, 0x0000020999473000
}

Java Threads: ( => current thread )
=>0x00000209edc2f000 JavaThread "main" [_thread_in_native, id=10912, stack(0x000000edef800000,0x000000edef900000)]
  0x00000209fdcbc000 JavaThread "Reference Handler" daemon [_thread_blocked, id=20288, stack(0x000000edeff00000,0x000000edf0000000)]
  0x00000209fdcbd000 JavaThread "Finalizer" daemon [_thread_blocked, id=19268, stack(0x000000edf0000000,0x000000edf0100000)]
  0x00000209fe4e3000 JavaThread "Signal Dispatcher" daemon [_thread_blocked, id=19704, stack(0x000000edf0100000,0x000000edf0200000)]
  0x00000209fe4e4000 JavaThread "Attach Listener" daemon [_thread_blocked, id=17948, stack(0x000000edf0200000,0x000000edf0300000)]
  0x00000209fe4e8000 JavaThread "C2 CompilerThread0" daemon [_thread_blocked, id=19432, stack(0x000000edf0300000,0x000000edf0400000)]
  0x00000209fe4f5800 JavaThread "C1 CompilerThread0" daemon [_thread_blocked, id=21288, stack(0x000000edf0400000,0x000000edf0500000)]
  0x00000209fe503800 JavaThread "Sweeper thread" daemon [_thread_blocked, id=15328, stack(0x000000edf0500000,0x000000edf0600000)]
  0x00000209fe640800 JavaThread "Service Thread" daemon [_thread_blocked, id=21628, stack(0x000000edf0600000,0x000000edf0700000)]
  0x00000209fe650000 JavaThread "Common-Cleaner" daemon [_thread_blocked, id=16064, stack(0x000000edf0800000,0x000000edf0900000)]
  0x0000020997f08800 JavaThread "Java2D Disposer" daemon [_thread_blocked, id=2740, stack(0x000000edf0d00000,0x000000edf0e00000)]
  0x0000020999473000 JavaThread "LWJGL Timer" daemon [_thread_blocked, id=8096, stack(0x000000edf1200000,0x000000edf1300000)]

Other Threads:
  0x00000209fdcba800 VMThread "VM Thread" [stack: 0x000000edefe00000,0x000000edeff00000] [id=10804]
  0x00000209fe64f800 WatcherThread [stack: 0x000000edf0700000,0x000000edf0800000] [id=7640]
  0x00000209edc68800 GCTaskThread "GC Thread#0" [stack: 0x000000edef900000,0x000000edefa00000] [id=18736]
  0x0000020999346800 GCTaskThread "GC Thread#1" [stack: 0x000000edf0e00000,0x000000edf0f00000] [id=22508]
  0x0000020997cec000 GCTaskThread "GC Thread#2" [stack: 0x000000edf0f00000,0x000000edf1000000] [id=8464]
  0x00000209edcb4800 ConcurrentGCThread "G1 Main Marker" [stack: 0x000000edefa00000,0x000000edefb00000] [id=22444]
  0x00000209edcb7800 ConcurrentGCThread "G1 Conc#0" [stack: 0x000000edefb00000,0x000000edefc00000] [id=20620]
  0x000002099949b000 ConcurrentGCThread "G1 Conc#1" [stack: 0x000000edf1000000,0x000000edf1100000] [id=18796]
  0x000002099949f800 ConcurrentGCThread "G1 Conc#2" [stack: 0x000000edf1100000,0x000000edf1200000] [id=4240]
  0x00000209fdb37000 ConcurrentGCThread "G1 Refine#0" [stack: 0x000000edefc00000,0x000000edefd00000] [id=22380]
  0x00000209fdb39800 ConcurrentGCThread "G1 Young RemSet Sampling" [stack: 0x000000edefd00000,0x000000edefe00000] [id=10972]

Threads with active compile tasks:

VM state:not at safepoint (normal execution)

VM Mutex/Monitor currently owned by a thread: None

Heap address: 0x0000000082600000, size: 2010 MB, Compressed Oops mode: 32-bit
Narrow klass base: 0x0000000800000000, Narrow klass shift: 3
Compressed class space size: 1073741824 Address: 0x0000000801190000

Heap:
 garbage-first heap   total 132096K, used 77151K [0x0000000082600000, 0x0000000100000000)
  region size 1024K, 69 young (70656K), 7 survivors (7168K)
 Metaspace       used 6426K, capacity 6560K, committed 6784K, reserved 1056768K
  class space    used 534K, capacity 604K, committed 640K, reserved 1048576K
Heap Regions: E=young(eden), S=young(survivor), O=old, HS=humongous(starts), HC=humongous(continues), CS=collection set, F=free, A=archive, TAMS=top-at-mark-start (previous, next)
|   0|0x0000000082600000, 0x0000000082700000, 0x0000000082700000|100%|HS|  |TAMS 0x0000000082600000, 0x0000000082600000| Complete 
|   1|0x0000000082700000, 0x0000000082800000, 0x0000000082800000|100%|HC|  |TAMS 0x0000000082700000, 0x0000000082700000| Complete 
|   2|0x0000000082800000, 0x0000000082900000, 0x0000000082900000|100%|HC|  |TAMS 0x0000000082800000, 0x0000000082800000| Complete 
|   3|0x0000000082900000, 0x0000000082900000, 0x0000000082a00000|  0%| F|  |TAMS 0x0000000082900000, 0x0000000082900000| Untracked 
|   4|0x0000000082a00000, 0x0000000082a00000, 0x0000000082b00000|  0%| F|  |TAMS 0x0000000082a00000, 0x0000000082a00000| Untracked 
|   5|0x0000000082b00000, 0x0000000082b00000, 0x0000000082c00000|  0%| F|  |TAMS 0x0000000082b00000, 0x0000000082b00000| Untracked 
|   6|0x0000000082c00000, 0x0000000082c00000, 0x0000000082d00000|  0%| F|  |TAMS 0x0000000082c00000, 0x0000000082c00000| Untracked 
|   7|0x0000000082d00000, 0x0000000082d00000, 0x0000000082e00000|  0%| F|  |TAMS 0x0000000082d00000, 0x0000000082d00000| Untracked 
|   8|0x0000000082e00000, 0x0000000082e00000, 0x0000000082f00000|  0%| F|  |TAMS 0x0000000082e00000, 0x0000000082e00000| Untracked 
|   9|0x0000000082f00000, 0x0000000082f00000, 0x0000000083000000|  0%| F|  |TAMS 0x0000000082f00000, 0x0000000082f00000| Untracked 
|  10|0x0000000083000000, 0x0000000083000000, 0x0000000083100000|  0%| F|  |TAMS 0x0000000083000000, 0x0000000083000000| Untracked 
|  11|0x0000000083100000, 0x0000000083100000, 0x0000000083200000|  0%| F|  |TAMS 0x0000000083100000, 0x0000000083100000| Untracked 
|  12|0x0000000083200000, 0x0000000083200000, 0x0000000083300000|  0%| F|  |TAMS 0x0000000083200000, 0x0000000083200000| Untracked 
|  13|0x0000000083300000, 0x0000000083400000, 0x0000000083400000|100%|HS|  |TAMS 0x0000000083300000, 0x0000000083300000| Complete 
|  14|0x0000000083400000, 0x0000000083500000, 0x0000000083500000|100%|HC|  |TAMS 0x0000000083400000, 0x0000000083400000| Complete 
|  15|0x0000000083500000, 0x0000000083500000, 0x0000000083600000|  0%| F|  |TAMS 0x0000000083500000, 0x0000000083500000| Untracked 
|  16|0x0000000083600000, 0x0000000083600000, 0x0000000083700000|  0%| F|  |TAMS 0x0000000083600000, 0x0000000083600000| Untracked 
|  17|0x0000000083700000, 0x0000000083700000, 0x0000000083800000|  0%| F|  |TAMS 0x0000000083700000, 0x0000000083700000| Untracked 
|  18|0x0000000083800000, 0x0000000083800000, 0x0000000083900000|  0%| F|  |TAMS 0x0000000083800000, 0x0000000083800000| Untracked 
|  19|0x0000000083900000, 0x0000000083900000, 0x0000000083a00000|  0%| F|  |TAMS 0x0000000083900000, 0x0000000083900000| Untracked 
|  20|0x0000000083a00000, 0x0000000083a00000, 0x0000000083b00000|  0%| F|  |TAMS 0x0000000083a00000, 0x0000000083a00000| Untracked 
|  21|0x0000000083b00000, 0x0000000083b00000, 0x0000000083c00000|  0%| F|  |TAMS 0x0000000083b00000, 0x0000000083b00000| Untracked 
|  22|0x0000000083c00000, 0x0000000083c00000, 0x0000000083d00000|  0%| F|  |TAMS 0x0000000083c00000, 0x0000000083c00000| Untracked 
|  23|0x0000000083d00000, 0x0000000083d00000, 0x0000000083e00000|  0%| F|  |TAMS 0x0000000083d00000, 0x0000000083d00000| Untracked 
|  24|0x0000000083e00000, 0x0000000083e00000, 0x0000000083f00000|  0%| F|  |TAMS 0x0000000083e00000, 0x0000000083e00000| Untracked 
|  25|0x0000000083f00000, 0x0000000083f00000, 0x0000000084000000|  0%| F|  |TAMS 0x0000000083f00000, 0x0000000083f00000| Untracked 
|  26|0x0000000084000000, 0x0000000084000000, 0x0000000084100000|  0%| F|  |TAMS 0x0000000084000000, 0x0000000084000000| Untracked 
|  27|0x0000000084100000, 0x0000000084100000, 0x0000000084200000|  0%| F|  |TAMS 0x0000000084100000, 0x0000000084100000| Untracked 
|  28|0x0000000084200000, 0x0000000084200000, 0x0000000084300000|  0%| F|  |TAMS 0x0000000084200000, 0x0000000084200000| Untracked 
|  29|0x0000000084300000, 0x0000000084300000, 0x0000000084400000|  0%| F|  |TAMS 0x0000000084300000, 0x0000000084300000| Untracked 
|  30|0x0000000084400000, 0x0000000084400000, 0x0000000084500000|  0%| F|  |TAMS 0x0000000084400000, 0x0000000084400000| Untracked 
|  31|0x0000000084500000, 0x0000000084500000, 0x0000000084600000|  0%| F|  |TAMS 0x0000000084500000, 0x0000000084500000| Untracked 
|  32|0x0000000084600000, 0x0000000084600000, 0x0000000084700000|  0%| F|  |TAMS 0x0000000084600000, 0x0000000084600000| Untracked 
|  33|0x0000000084700000, 0x0000000084700000, 0x0000000084800000|  0%| F|  |TAMS 0x0000000084700000, 0x0000000084700000| Untracked 
|  34|0x0000000084800000, 0x0000000084800000, 0x0000000084900000|  0%| F|  |TAMS 0x0000000084800000, 0x0000000084800000| Untracked 
|  35|0x0000000084900000, 0x0000000084900000, 0x0000000084a00000|  0%| F|  |TAMS 0x0000000084900000, 0x0000000084900000| Untracked 
|  36|0x0000000084a00000, 0x0000000084a00000, 0x0000000084b00000|  0%| F|  |TAMS 0x0000000084a00000, 0x0000000084a00000| Untracked 
|  37|0x0000000084b00000, 0x0000000084b00000, 0x0000000084c00000|  0%| F|  |TAMS 0x0000000084b00000, 0x0000000084b00000| Untracked 
|  38|0x0000000084c00000, 0x0000000084c00000, 0x0000000084d00000|  0%| F|  |TAMS 0x0000000084c00000, 0x0000000084c00000| Untracked 
|  39|0x0000000084d00000, 0x0000000084d00000, 0x0000000084e00000|  0%| F|  |TAMS 0x0000000084d00000, 0x0000000084d00000| Untracked 
|  40|0x0000000084e00000, 0x0000000084e57d30, 0x0000000084f00000| 34%| S|CS|TAMS 0x0000000084e00000, 0x0000000084e00000| Complete 
|  41|0x0000000084f00000, 0x0000000084f00000, 0x0000000085000000|  0%| F|  |TAMS 0x0000000084f00000, 0x0000000084f00000| Untracked 
|  42|0x0000000085000000, 0x0000000085000000, 0x0000000085100000|  0%| F|  |TAMS 0x0000000085000000, 0x0000000085000000| Untracked 
|  43|0x0000000085100000, 0x0000000085200000, 0x0000000085200000|100%| S|CS|TAMS 0x0000000085100000, 0x0000000085100000| Complete 
|  44|0x0000000085200000, 0x0000000085300000, 0x0000000085300000|100%| S|CS|TAMS 0x0000000085200000, 0x0000000085200000| Complete 
|  45|0x0000000085300000, 0x0000000085400000, 0x0000000085400000|100%| S|CS|TAMS 0x0000000085300000, 0x0000000085300000| Complete 
|  46|0x0000000085400000, 0x0000000085500000, 0x0000000085500000|100%| S|CS|TAMS 0x0000000085400000, 0x0000000085400000| Complete 
|  47|0x0000000085500000, 0x0000000085600000, 0x0000000085600000|100%| S|CS|TAMS 0x0000000085500000, 0x0000000085500000| Complete 
|  48|0x0000000085600000, 0x0000000085700000, 0x0000000085700000|100%| S|CS|TAMS 0x0000000085600000, 0x0000000085600000| Complete 
|  49|0x0000000085700000, 0x0000000085700000, 0x0000000085800000|  0%| F|  |TAMS 0x0000000085700000, 0x0000000085700000| Untracked 
|  50|0x0000000085800000, 0x0000000085800000, 0x0000000085900000|  0%| F|  |TAMS 0x0000000085800000, 0x0000000085800000| Untracked 
|  51|0x0000000085900000, 0x0000000085900000, 0x0000000085a00000|  0%| F|  |TAMS 0x0000000085900000, 0x0000000085900000| Untracked 
|  52|0x0000000085a00000, 0x0000000085a00000, 0x0000000085b00000|  0%| F|  |TAMS 0x0000000085a00000, 0x0000000085a00000| Untracked 
|  53|0x0000000085b00000, 0x0000000085b00000, 0x0000000085c00000|  0%| F|  |TAMS 0x0000000085b00000, 0x0000000085b00000| Untracked 
|  54|0x0000000085c00000, 0x0000000085c00000, 0x0000000085d00000|  0%| F|  |TAMS 0x0000000085c00000, 0x0000000085c00000| Untracked 
|  55|0x0000000085d00000, 0x0000000085d00000, 0x0000000085e00000|  0%| F|  |TAMS 0x0000000085d00000, 0x0000000085d00000| Untracked 
|  56|0x0000000085e00000, 0x0000000085f00000, 0x0000000085f00000|100%|HS|  |TAMS 0x0000000085f00000, 0x0000000085e00000| Complete 
|  57|0x0000000085f00000, 0x0000000086000000, 0x0000000086000000|100%|HC|  |TAMS 0x0000000086000000, 0x0000000085f00000| Complete 
|  58|0x0000000086000000, 0x0000000086100000, 0x0000000086100000|100%|HC|  |TAMS 0x0000000086100000, 0x0000000086000000| Complete 
|  59|0x0000000086100000, 0x0000000086100000, 0x0000000086200000|  0%| F|  |TAMS 0x0000000086100000, 0x0000000086100000| Untracked 
|  60|0x0000000086200000, 0x0000000086200000, 0x0000000086300000|  0%| F|  |TAMS 0x0000000086200000, 0x0000000086200000| Untracked 
|  61|0x0000000086300000, 0x0000000086300000, 0x0000000086400000|  0%| F|  |TAMS 0x0000000086300000, 0x0000000086300000| Untracked 
|  62|0x0000000086400000, 0x0000000086400000, 0x0000000086500000|  0%| F|  |TAMS 0x0000000086400000, 0x0000000086400000| Untracked 
|  63|0x0000000086500000, 0x0000000086500000, 0x0000000086600000|  0%| F|  |TAMS 0x0000000086500000, 0x0000000086500000| Untracked 
|  64|0x0000000086600000, 0x0000000086600000, 0x0000000086700000|  0%| F|  |TAMS 0x0000000086600000, 0x0000000086600000| Untracked 
|  65|0x0000000086700000, 0x0000000086700000, 0x0000000086800000|  0%| F|  |TAMS 0x0000000086700000, 0x0000000086700000| Untracked 
|  66|0x0000000086800000, 0x0000000086800000, 0x0000000086900000|  0%| F|  |TAMS 0x0000000086800000, 0x0000000086800000| Untracked 
|  67|0x0000000086900000, 0x0000000086980800, 0x0000000086a00000| 50%| E|  |TAMS 0x0000000086900000, 0x0000000086900000| Complete 
|  68|0x0000000086a00000, 0x0000000086b00000, 0x0000000086b00000|100%| E|CS|TAMS 0x0000000086a00000, 0x0000000086a00000| Complete 
|  69|0x0000000086b00000, 0x0000000086c00000, 0x0000000086c00000|100%| E|CS|TAMS 0x0000000086b00000, 0x0000000086b00000| Complete 
|  70|0x0000000086c00000, 0x0000000086d00000, 0x0000000086d00000|100%| E|CS|TAMS 0x0000000086c00000, 0x0000000086c00000| Complete 
|  71|0x0000000086d00000, 0x0000000086e00000, 0x0000000086e00000|100%| E|CS|TAMS 0x0000000086d00000, 0x0000000086d00000| Complete 
|  72|0x0000000086e00000, 0x0000000086f00000, 0x0000000086f00000|100%| E|CS|TAMS 0x0000000086e00000, 0x0000000086e00000| Complete 
|  73|0x0000000086f00000, 0x0000000087000000, 0x0000000087000000|100%| E|CS|TAMS 0x0000000086f00000, 0x0000000086f00000| Complete 
|  74|0x0000000087000000, 0x0000000087100000, 0x0000000087100000|100%| E|CS|TAMS 0x0000000087000000, 0x0000000087000000| Complete 
|  75|0x0000000087100000, 0x0000000087200000, 0x0000000087200000|100%| E|CS|TAMS 0x0000000087100000, 0x0000000087100000| Complete 
|  76|0x0000000087200000, 0x0000000087300000, 0x0000000087300000|100%| E|CS|TAMS 0x0000000087200000, 0x0000000087200000| Complete 
|  77|0x0000000087300000, 0x0000000087400000, 0x0000000087400000|100%| E|CS|TAMS 0x0000000087300000, 0x0000000087300000| Complete 
|  78|0x0000000087400000, 0x0000000087500000, 0x0000000087500000|100%| E|CS|TAMS 0x0000000087400000, 0x0000000087400000| Complete 
|  79|0x0000000087500000, 0x0000000087600000, 0x0000000087600000|100%| E|CS|TAMS 0x0000000087500000, 0x0000000087500000| Complete 
|  80|0x0000000087600000, 0x0000000087700000, 0x0000000087700000|100%| E|CS|TAMS 0x0000000087600000, 0x0000000087600000| Complete 
|  81|0x0000000087700000, 0x0000000087800000, 0x0000000087800000|100%| E|CS|TAMS 0x0000000087700000, 0x0000000087700000| Complete 
|  82|0x0000000087800000, 0x0000000087900000, 0x0000000087900000|100%| E|CS|TAMS 0x0000000087800000, 0x0000000087800000| Complete 
|  83|0x0000000087900000, 0x0000000087a00000, 0x0000000087a00000|100%| E|CS|TAMS 0x0000000087900000, 0x0000000087900000| Complete 
|  84|0x0000000087a00000, 0x0000000087b00000, 0x0000000087b00000|100%| E|CS|TAMS 0x0000000087a00000, 0x0000000087a00000| Complete 
|  85|0x0000000087b00000, 0x0000000087c00000, 0x0000000087c00000|100%| E|CS|TAMS 0x0000000087b00000, 0x0000000087b00000| Complete 
|  86|0x0000000087c00000, 0x0000000087d00000, 0x0000000087d00000|100%| E|CS|TAMS 0x0000000087c00000, 0x0000000087c00000| Complete 
|  87|0x0000000087d00000, 0x0000000087e00000, 0x0000000087e00000|100%| E|CS|TAMS 0x0000000087d00000, 0x0000000087d00000| Complete 
|  88|0x0000000087e00000, 0x0000000087f00000, 0x0000000087f00000|100%| E|CS|TAMS 0x0000000087e00000, 0x0000000087e00000| Complete 
|  89|0x0000000087f00000, 0x0000000088000000, 0x0000000088000000|100%| E|CS|TAMS 0x0000000087f00000, 0x0000000087f00000| Complete 
|  90|0x0000000088000000, 0x0000000088100000, 0x0000000088100000|100%| E|CS|TAMS 0x0000000088000000, 0x0000000088000000| Complete 
|  91|0x0000000088100000, 0x0000000088200000, 0x0000000088200000|100%| E|CS|TAMS 0x0000000088100000, 0x0000000088100000| Complete 
|  92|0x0000000088200000, 0x0000000088300000, 0x0000000088300000|100%| E|CS|TAMS 0x0000000088200000, 0x0000000088200000| Complete 
|  93|0x0000000088300000, 0x0000000088400000, 0x0000000088400000|100%| E|CS|TAMS 0x0000000088300000, 0x0000000088300000| Complete 
|  94|0x0000000088400000, 0x0000000088500000, 0x0000000088500000|100%| E|CS|TAMS 0x0000000088400000, 0x0000000088400000| Complete 
|  95|0x0000000088500000, 0x0000000088600000, 0x0000000088600000|100%| E|CS|TAMS 0x0000000088500000, 0x0000000088500000| Complete 
|  96|0x0000000088600000, 0x0000000088700000, 0x0000000088700000|100%| E|CS|TAMS 0x0000000088600000, 0x0000000088600000| Complete 
|  97|0x0000000088700000, 0x0000000088800000, 0x0000000088800000|100%| E|CS|TAMS 0x0000000088700000, 0x0000000088700000| Complete 
|  98|0x0000000088800000, 0x0000000088900000, 0x0000000088900000|100%| E|CS|TAMS 0x0000000088800000, 0x0000000088800000| Complete 
|  99|0x0000000088900000, 0x0000000088a00000, 0x0000000088a00000|100%| E|CS|TAMS 0x0000000088900000, 0x0000000088900000| Complete 
| 100|0x0000000088a00000, 0x0000000088b00000, 0x0000000088b00000|100%| E|CS|TAMS 0x0000000088a00000, 0x0000000088a00000| Complete 
| 101|0x0000000088b00000, 0x0000000088c00000, 0x0000000088c00000|100%| E|CS|TAMS 0x0000000088b00000, 0x0000000088b00000| Complete 
| 102|0x0000000088c00000, 0x0000000088d00000, 0x0000000088d00000|100%| E|CS|TAMS 0x0000000088c00000, 0x0000000088c00000| Complete 
| 103|0x0000000088d00000, 0x0000000088e00000, 0x0000000088e00000|100%| E|CS|TAMS 0x0000000088d00000, 0x0000000088d00000| Complete 
| 104|0x0000000088e00000, 0x0000000088f00000, 0x0000000088f00000|100%| E|CS|TAMS 0x0000000088e00000, 0x0000000088e00000| Complete 
| 105|0x0000000088f00000, 0x0000000089000000, 0x0000000089000000|100%| E|CS|TAMS 0x0000000088f00000, 0x0000000088f00000| Complete 
| 106|0x0000000089000000, 0x0000000089100000, 0x0000000089100000|100%| E|CS|TAMS 0x0000000089000000, 0x0000000089000000| Complete 
| 107|0x0000000089100000, 0x0000000089200000, 0x0000000089200000|100%| E|CS|TAMS 0x0000000089100000, 0x0000000089100000| Complete 
| 108|0x0000000089200000, 0x0000000089300000, 0x0000000089300000|100%| E|CS|TAMS 0x0000000089200000, 0x0000000089200000| Complete 
| 109|0x0000000089300000, 0x0000000089400000, 0x0000000089400000|100%| E|CS|TAMS 0x0000000089300000, 0x0000000089300000| Complete 
| 110|0x0000000089400000, 0x0000000089500000, 0x0000000089500000|100%| E|CS|TAMS 0x0000000089400000, 0x0000000089400000| Complete 
| 111|0x0000000089500000, 0x0000000089600000, 0x0000000089600000|100%| E|CS|TAMS 0x0000000089500000, 0x0000000089500000| Complete 
| 112|0x0000000089600000, 0x0000000089700000, 0x0000000089700000|100%| E|CS|TAMS 0x0000000089600000, 0x0000000089600000| Complete 
| 113|0x0000000089700000, 0x0000000089800000, 0x0000000089800000|100%| E|CS|TAMS 0x0000000089700000, 0x0000000089700000| Complete 
| 114|0x0000000089800000, 0x0000000089900000, 0x0000000089900000|100%| E|CS|TAMS 0x0000000089800000, 0x0000000089800000| Complete 
| 115|0x0000000089900000, 0x0000000089a00000, 0x0000000089a00000|100%| E|CS|TAMS 0x0000000089900000, 0x0000000089900000| Complete 
| 116|0x0000000089a00000, 0x0000000089b00000, 0x0000000089b00000|100%| E|CS|TAMS 0x0000000089a00000, 0x0000000089a00000| Complete 
| 117|0x0000000089b00000, 0x0000000089c00000, 0x0000000089c00000|100%| E|CS|TAMS 0x0000000089b00000, 0x0000000089b00000| Complete 
| 118|0x0000000089c00000, 0x0000000089d00000, 0x0000000089d00000|100%| E|CS|TAMS 0x0000000089c00000, 0x0000000089c00000| Complete 
| 119|0x0000000089d00000, 0x0000000089e00000, 0x0000000089e00000|100%| E|CS|TAMS 0x0000000089d00000, 0x0000000089d00000| Complete 
| 120|0x0000000089e00000, 0x0000000089f00000, 0x0000000089f00000|100%| E|CS|TAMS 0x0000000089e00000, 0x0000000089e00000| Complete 
| 121|0x0000000089f00000, 0x000000008a000000, 0x000000008a000000|100%| E|CS|TAMS 0x0000000089f00000, 0x0000000089f00000| Complete 
| 122|0x000000008a000000, 0x000000008a100000, 0x000000008a100000|100%| E|CS|TAMS 0x000000008a000000, 0x000000008a000000| Complete 
| 123|0x000000008a100000, 0x000000008a200000, 0x000000008a200000|100%| E|CS|TAMS 0x000000008a100000, 0x000000008a100000| Complete 
| 124|0x000000008a200000, 0x000000008a300000, 0x000000008a300000|100%| E|CS|TAMS 0x000000008a200000, 0x000000008a200000| Complete 
| 125|0x000000008a300000, 0x000000008a400000, 0x000000008a400000|100%| E|CS|TAMS 0x000000008a300000, 0x000000008a300000| Complete 
| 126|0x000000008a400000, 0x000000008a500000, 0x000000008a500000|100%| E|CS|TAMS 0x000000008a400000, 0x000000008a400000| Complete 
| 127|0x000000008a500000, 0x000000008a600000, 0x000000008a600000|100%| E|CS|TAMS 0x000000008a500000, 0x000000008a500000| Complete 
| 128|0x000000008a600000, 0x000000008a700000, 0x000000008a700000|100%| E|CS|TAMS 0x000000008a600000, 0x000000008a600000| Complete 

Card table byte_map: [0x00000209f6970000,0x00000209f6d60000] _byte_map_base: 0x00000209f655d000

Marking Bits (Prev, Next): (CMBitMap*) 0x00000209edc69a28, (CMBitMap*) 0x00000209edc699e8
 Prev Bits: [0x00000209f90c0000, 0x00000209fb028000)
 Next Bits: [0x00000209f7150000, 0x00000209f90b8000)

Polling page: 0x00000209ebbc0000

Metaspace:

Usage:
  Non-class:      5.82 MB capacity,     5.75 MB ( 99%) used,    53.27 KB ( <1%) free+waste,    10.44 KB ( <1%) overhead. 
      Class:    604.00 KB capacity,   534.31 KB ( 88%) used,    64.19 KB ( 11%) free+waste,     5.50 KB ( <1%) overhead. 
       Both:      6.41 MB capacity,     6.28 MB ( 98%) used,   117.45 KB (  2%) free+waste,    15.94 KB ( <1%) overhead. 

Virtual space:
  Non-class space:        8.00 MB reserved,       6.00 MB ( 75%) committed 
      Class space:        1.00 GB reserved,     640.00 KB ( <1%) committed 
             Both:        1.01 GB reserved,       6.63 MB ( <1%) committed 

Chunk freelists:
   Non-Class:  7.50 KB
       Class:  512 bytes
        Both:  8.00 KB

CodeHeap 'non-profiled nmethods': size=120000Kb used=661Kb max_used=661Kb free=119338Kb
 bounds [0x0000020987ad0000, 0x0000020987d40000, 0x000002098f000000]
CodeHeap 'profiled nmethods': size=120000Kb used=4434Kb max_used=4434Kb free=115565Kb
 bounds [0x00000209805a0000, 0x0000020980a00000, 0x0000020987ad0000]
CodeHeap 'non-nmethods': size=5760Kb used=1228Kb max_used=1245Kb free=4531Kb
 bounds [0x0000020980000000, 0x0000020980270000, 0x00000209805a0000]
 total_blobs=2332 nmethods=1330 adapters=507
 compilation: enabled
              stopped_count=0, restarted_count=0
 full_count=0

Compilation events (10 events):
Event: 57.218 Thread 0x00000209fe4e8000 1327   !   4       java.io.PrintStream::write (69 bytes)
Event: 57.223 Thread 0x00000209fe4e8000 nmethod 1327 0x0000020987b6ac10 code [0x0000020987b6ae00, 0x0000020987b6b908]
Event: 68.047 Thread 0x00000209fe4e8000 1328       4       jdk.internal.misc.Unsafe::checkOffset (32 bytes)
Event: 68.048 Thread 0x00000209fe4e8000 nmethod 1328 0x0000020987b6be10 code [0x0000020987b6bfa0, 0x0000020987b6c038]
Event: 68.944 Thread 0x00000209fe4e8000 1329   !   4       org.lwjgl.opengl.Display::isFullscreen (34 bytes)
Event: 68.945 Thread 0x00000209fe4e8000 nmethod 1329 0x0000020987b6c110 code [0x0000020987b6c2c0, 0x0000020987b6c518]
Event: 69.381 Thread 0x00000209fe4e8000 1330       4       objects3D.Geometry::drawWindow (132 bytes)
Event: 69.412 Thread 0x00000209fe4e8000 nmethod 1330 0x0000020987b6c610 code [0x0000020987b6cc00, 0x0000020987b6ee40]
Event: 69.413 Thread 0x00000209fe4e8000 1331       4       objects3D.Geometry::drawWindow2 (102 bytes)
Event: 69.435 Thread 0x00000209fe4e8000 nmethod 1331 0x0000020987b71610 code [0x0000020987b71ae0, 0x0000020987b73598]

GC Heap History (10 events):
Event: 1.123 GC heap before
{Heap before GC invocations=0 (full 0):
 garbage-first heap   total 129024K, used 34816K [0x0000000082600000, 0x0000000100000000)
  region size 1024K, 24 young (24576K), 0 survivors (0K)
 Metaspace       used 6037K, capacity 6208K, committed 6528K, reserved 1056768K
  class space    used 522K, capacity 572K, committed 640K, reserved 1048576K
}
Event: 1.126 GC heap after
{Heap after GC invocations=1 (full 0):
 garbage-first heap   total 129024K, used 13175K [0x0000000082600000, 0x0000000100000000)
  region size 1024K, 3 young (3072K), 3 survivors (3072K)
 Metaspace       used 6037K, capacity 6208K, committed 6528K, reserved 1056768K
  class space    used 522K, capacity 572K, committed 640K, reserved 1048576K
}
Event: 1.363 GC heap before
{Heap before GC invocations=1 (full 0):
 garbage-first heap   total 129024K, used 128887K [0x0000000082600000, 0x0000000100000000)
  region size 1024K, 75 young (76800K), 3 survivors (3072K)
 Metaspace       used 6084K, capacity 6272K, committed 6528K, reserved 1056768K
  class space    used 522K, capacity 572K, committed 640K, reserved 1048576K
}
Event: 1.365 GC heap after
{Heap after GC invocations=2 (full 0):
 garbage-first heap   total 132096K, used 29559K [0x0000000082600000, 0x0000000100000000)
  region size 1024K, 3 young (3072K), 3 survivors (3072K)
 Metaspace       used 6084K, capacity 6272K, committed 6528K, reserved 1056768K
  class space    used 522K, capacity 572K, committed 640K, reserved 1048576K
}
Event: 1.490 GC heap before
{Heap before GC invocations=2 (full 0):
 garbage-first heap   total 132096K, used 124791K [0x0000000082600000, 0x0000000100000000)
  region size 1024K, 66 young (67584K), 3 survivors (3072K)
 Metaspace       used 6101K, capacity 6272K, committed 6528K, reserved 1056768K
  class space    used 522K, capacity 572K, committed 640K, reserved 1048576K
}
Event: 1.493 GC heap after
{Heap after GC invocations=3 (full 0):
 garbage-first heap   total 132096K, used 36800K [0x0000000082600000, 0x0000000100000000)
  region size 1024K, 3 young (3072K), 3 survivors (3072K)
 Metaspace       used 6101K, capacity 6272K, committed 6528K, reserved 1056768K
  class space    used 522K, capacity 572K, committed 640K, reserved 1048576K
}
Event: 1.619 GC heap before
{Heap before GC invocations=4 (full 0):
 garbage-first heap   total 132096K, used 122816K [0x0000000082600000, 0x0000000100000000)
  region size 1024K, 72 young (73728K), 3 survivors (3072K)
 Metaspace       used 6109K, capacity 6272K, committed 6528K, reserved 1056768K
  class space    used 522K, capacity 572K, committed 640K, reserved 1048576K
}
Event: 1.621 GC heap after
{Heap after GC invocations=5 (full 0):
 garbage-first heap   total 132096K, used 22510K [0x0000000082600000, 0x0000000100000000)
  region size 1024K, 3 young (3072K), 3 survivors (3072K)
 Metaspace       used 6109K, capacity 6272K, committed 6528K, reserved 1056768K
  class space    used 522K, capacity 572K, committed 640K, reserved 1048576K
}
Event: 31.792 GC heap before
{Heap before GC invocations=5 (full 0):
 garbage-first heap   total 132096K, used 98286K [0x0000000082600000, 0x0000000100000000)
  region size 1024K, 77 young (78848K), 3 survivors (3072K)
 Metaspace       used 6425K, capacity 6560K, committed 6784K, reserved 1056768K
  class space    used 534K, capacity 604K, committed 640K, reserved 1048576K
}
Event: 31.807 GC heap after
{Heap after GC invocations=6 (full 0):
 garbage-first heap   total 132096K, used 14687K [0x0000000082600000, 0x0000000100000000)
  region size 1024K, 7 young (7168K), 7 survivors (7168K)
 Metaspace       used 6425K, capacity 6560K, committed 6784K, reserved 1056768K
  class space    used 534K, capacity 604K, committed 640K, reserved 1048576K
}

Deoptimization events (9 events):
Event: 0.053 Thread 0x00000209edc2f000 Uncommon trap: reason=unstable_if action=reinterpret pc=0x0000020987ad4ca8 method=java.lang.String.hashCode()I @ 14 c2
Event: 0.624 Thread 0x00000209edc2f000 Uncommon trap: reason=unstable_if action=reinterpret pc=0x0000020987ad5e2c method=java.lang.String.charAt(I)C @ 4 c2
Event: 0.624 Thread 0x00000209edc2f000 Uncommon trap: reason=unstable_if action=reinterpret pc=0x0000020987aedfc8 method=java.lang.StringUTF16.compress([CI[BII)I @ 20 c2
Event: 0.651 Thread 0x00000209edc2f000 Uncommon trap: reason=unstable_if action=reinterpret pc=0x0000020987afad90 method=java.lang.String.startsWith(Ljava/lang/String;I)Z @ 1 c2
Event: 1.128 Thread 0x00000209edc2f000 Uncommon trap: reason=unstable_if action=reinterpret pc=0x0000020987b131b8 method=sun.java2d.loops.OpaqueCopyArgbToAny.Blit(Lsun/java2d/SurfaceData;Lsun/java2d/SurfaceData;Ljava/awt/Composite;Lsun/java2d/pipe/Region;IIIIII)V @ 159 c2
Event: 1.144 Thread 0x00000209edc2f000 Uncommon trap: reason=unstable_if action=reinterpret pc=0x0000020987b11980 method=java.awt.image.ComponentColorModel.getDataElements(ILjava/lang/Object;)Ljava/lang/Object; @ 2981 c2
Event: 1.145 Thread 0x00000209edc2f000 Uncommon trap: reason=unstable_if action=reinterpret pc=0x0000020987b0df94 method=sun.awt.image.ByteInterleavedRaster.getDataElements(IILjava/lang/Object;)Ljava/lang/Object; @ 43 c2
Event: 1.201 Thread 0x00000209edc2f000 Uncommon trap: reason=unstable_if action=reinterpret pc=0x0000020987b16b10 method=sun.java2d.loops.OpaqueCopyAnyToArgb.Blit(Lsun/java2d/SurfaceData;Lsun/java2d/SurfaceData;Ljava/awt/Composite;Lsun/java2d/pipe/Region;IIIIII)V @ 150 c2
Event: 31.822 Thread 0x00000209edc2f000 Uncommon trap: reason=unstable_if action=reinterpret pc=0x0000020987b4aa6c method=java.nio.Bits.tryReserveMemory(JI)Z @ 29 c2

Classes redefined (0 events):
No events

Internal exceptions (8 events):
Event: 0.549 Thread 0x00000209edc2f000 Exception <a 'java/lang/NoSuchMethodError'{0x0000000089e75378}: java.lang.invoke.DirectMethodHandle$Holder.invokeStaticInit(Ljava/lang/Object;I)Ljava/lang/Object;> (0x0000000089e75378) thrown at [t:/workspace/open/src/hotspot/share/interpreter/linkResolve
Event: 0.613 Thread 0x00000209edc2f000 Exception <a 'java/lang/ClassNotFoundException'{0x0000000089d25cd0}: sun/awt/resources/spi/awtProvider> (0x0000000089d25cd0) thrown at [t:/workspace/open/src/hotspot/share/classfile/systemDictionary.cpp, line 235]
Event: 0.624 Thread 0x00000209edc2f000 Exception <a 'java/io/FileNotFoundException'{0x0000000089d717f8}> (0x0000000089d717f8) thrown at [t:/workspace/open/src/hotspot/share/prims/jni.cpp, line 615]
Event: 0.634 Thread 0x00000209edc2f000 Exception <a 'java/io/FileNotFoundException'{0x0000000089dde7e8}> (0x0000000089dde7e8) thrown at [t:/workspace/open/src/hotspot/share/prims/jni.cpp, line 615]
Event: 0.654 Thread 0x00000209edc2f000 Exception <a 'java/lang/NoSuchMethodError'{0x0000000089c55a28}: java.lang.invoke.DirectMethodHandle$Holder.invokeStaticInit(Ljava/lang/Object;IIII)Ljava/lang/Object;> (0x0000000089c55a28) thrown at [t:/workspace/open/src/hotspot/share/interpreter/linkReso
Event: 1.021 Thread 0x00000209edc2f000 Exception <a 'java/lang/NoSuchMethodError'{0x0000000089ca5a48}: java.lang.invoke.DirectMethodHandle$Holder.invokeStaticInit(Ljava/lang/Object;Ljava/lang/Object;IIII)Ljava/lang/Object;> (0x0000000089ca5a48) thrown at [t:/workspace/open/src/hotspot/share/in
Event: 1.144 Thread 0x00000209edc2f000 Implicit null exception at 0x0000020987b115ad to 0x0000020987b1196a
Event: 1.145 Thread 0x00000209edc2f000 Implicit null exception at 0x0000020987b0dd36 to 0x0000020987b0df76

Events (10 events):
Event: 2.260 Thread 0x00000209edc2f000 DEOPT UNPACKING pc=0x00000209800299ce sp=0x000000edef8fe968 mode 0
Event: 2.269 Thread 0x00000209edc2f000 DEOPT PACKING pc=0x00000209807b75a8 sp=0x000000edef8ff210
Event: 2.269 Thread 0x00000209edc2f000 DEOPT UNPACKING pc=0x00000209800299ce sp=0x000000edef8fe968 mode 0
Event: 2.345 Thread 0x00000209edc2f000 DEOPT PACKING pc=0x00000209807cadd2 sp=0x000000edef8ff330
Event: 2.345 Thread 0x00000209edc2f000 DEOPT UNPACKING pc=0x00000209800299ce sp=0x000000edef8fe988 mode 0
Event: 31.792 Executing VM operation: G1CollectForAllocation
Event: 31.807 Executing VM operation: G1CollectForAllocation done
Event: 31.822 Thread 0x00000209edc2f000 Uncommon trap: trap_request=0xffffff4d fr.pc=0x0000020987b4aa6c relative=0x0000000000000cac
Event: 31.822 Thread 0x00000209edc2f000 DEOPT PACKING pc=0x0000020987b4aa6c sp=0x000000edef8fe260
Event: 31.822 Thread 0x00000209edc2f000 DEOPT UNPACKING pc=0x0000020980029baf sp=0x000000edef8fe0d8 mode 2


Dynamic libraries:
0x00007ff6280e0000 - 0x00007ff6280ef000 	E:\Java\jdk-12.0.2\bin\javaw.exe
0x00007ff91b2e0000 - 0x00007ff91b4d0000 	C:\WINDOWS\SYSTEM32\ntdll.dll
0x00007ff91a6d0000 - 0x00007ff91a782000 	C:\WINDOWS\System32\KERNEL32.DLL
0x00007ff918670000 - 0x00007ff918913000 	C:\WINDOWS\System32\KERNELBASE.dll
0x00007ff918380000 - 0x00007ff91847a000 	C:\WINDOWS\System32\ucrtbase.dll
0x00007ff8f3640000 - 0x00007ff8f3658000 	E:\Java\jdk-12.0.2\bin\jli.dll
0x00007ff8f3660000 - 0x00007ff8f3676000 	E:\Java\jdk-12.0.2\bin\VCRUNTIME140.dll
0x00007ff91a100000 - 0x00007ff91a1a3000 	C:\WINDOWS\System32\ADVAPI32.dll
0x00007ff91a1b0000 - 0x00007ff91a24e000 	C:\WINDOWS\System32\msvcrt.dll
0x00007ff919880000 - 0x00007ff919917000 	C:\WINDOWS\System32\sechost.dll
0x00007ff91a450000 - 0x00007ff91a570000 	C:\WINDOWS\System32\RPCRT4.dll
0x00007ff91a250000 - 0x00007ff91a3e4000 	C:\WINDOWS\System32\USER32.dll
0x00007ff918350000 - 0x00007ff918371000 	C:\WINDOWS\System32\win32u.dll
0x00007ff91a790000 - 0x00007ff91a7b6000 	C:\WINDOWS\System32\GDI32.dll
0x00007ff9095d0000 - 0x00007ff909855000 	C:\WINDOWS\WinSxS\amd64_microsoft.windows.common-controls_6595b64144ccf1df_6.0.18362.535_none_e6c3b34713100821\COMCTL32.dll
0x00007ff919140000 - 0x00007ff9192d4000 	C:\WINDOWS\System32\gdi32full.dll
0x00007ff918480000 - 0x00007ff91851e000 	C:\WINDOWS\System32\msvcp_win.dll
0x00007ff919540000 - 0x00007ff919876000 	C:\WINDOWS\System32\combase.dll
0x00007ff9182d0000 - 0x00007ff918350000 	C:\WINDOWS\System32\bcryptPrimitives.dll
0x00007ff90f600000 - 0x00007ff90f60a000 	C:\WINDOWS\SYSTEM32\VERSION.dll
0x00007ff91b270000 - 0x00007ff91b29e000 	C:\WINDOWS\System32\IMM32.DLL
0x00007ff8f1c30000 - 0x00007ff8f1cda000 	E:\Java\jdk-12.0.2\bin\msvcp140.dll
0x00007ff8a66a0000 - 0x00007ff8a7217000 	E:\Java\jdk-12.0.2\bin\server\jvm.dll
0x00007ff91a8b0000 - 0x00007ff91a8b8000 	C:\WINDOWS\System32\PSAPI.DLL
0x00007ff916160000 - 0x00007ff916184000 	C:\WINDOWS\SYSTEM32\WINMM.dll
0x00007ff9013d0000 - 0x00007ff9013d9000 	C:\WINDOWS\SYSTEM32\WSOCK32.dll
0x00007ff91a7c0000 - 0x00007ff91a82f000 	C:\WINDOWS\System32\WS2_32.dll
0x00007ff916050000 - 0x00007ff91607d000 	C:\WINDOWS\SYSTEM32\winmmbase.dll
0x00007ff918920000 - 0x00007ff91896a000 	C:\WINDOWS\System32\cfgmgr32.dll
0x00007ff9181e0000 - 0x00007ff9181f1000 	C:\WINDOWS\System32\kernel.appcore.dll
0x00007ff912360000 - 0x00007ff912371000 	E:\Java\jdk-12.0.2\bin\verify.dll
0x00007ff903b60000 - 0x00007ff903d54000 	C:\WINDOWS\SYSTEM32\DBGHELP.DLL
0x00007ff9032a0000 - 0x00007ff9032ca000 	C:\WINDOWS\SYSTEM32\dbgcore.DLL
0x00007ff8e7f70000 - 0x00007ff8e7f96000 	E:\Java\jdk-12.0.2\bin\java.dll
0x00007ff8fa590000 - 0x00007ff8fa5a7000 	E:\Java\jdk-12.0.2\bin\zip.dll
0x00007ff912e70000 - 0x00007ff912e7a000 	E:\Java\jdk-12.0.2\bin\jimage.dll
0x00007ff919920000 - 0x00007ff91a005000 	C:\WINDOWS\System32\SHELL32.dll
0x00007ff91aa00000 - 0x00007ff91aaa9000 	C:\WINDOWS\System32\shcore.dll
0x00007ff9189c0000 - 0x00007ff91913f000 	C:\WINDOWS\System32\windows.storage.dll
0x00007ff918250000 - 0x00007ff91826f000 	C:\WINDOWS\System32\profapi.dll
0x00007ff918200000 - 0x00007ff91824a000 	C:\WINDOWS\System32\powrprof.dll
0x00007ff9181b0000 - 0x00007ff9181c0000 	C:\WINDOWS\System32\UMPDC.dll
0x00007ff91a0a0000 - 0x00007ff91a0f2000 	C:\WINDOWS\System32\shlwapi.dll
0x00007ff9189a0000 - 0x00007ff9189b7000 	C:\WINDOWS\System32\cryptsp.dll
0x00007ff8f6300000 - 0x00007ff8f6319000 	E:\Java\jdk-12.0.2\bin\net.dll
0x00007ff90a050000 - 0x00007ff90a140000 	C:\WINDOWS\SYSTEM32\WINHTTP.dll
0x00007ff908f60000 - 0x00007ff909136000 	C:\WINDOWS\SYSTEM32\urlmon.dll
0x00007ff908cb0000 - 0x00007ff908f56000 	C:\WINDOWS\SYSTEM32\iertutil.dll
0x00007ff917bf0000 - 0x00007ff917bfc000 	C:\WINDOWS\SYSTEM32\CRYPTBASE.DLL
0x00007ff917a20000 - 0x00007ff917a87000 	C:\WINDOWS\system32\mswsock.dll
0x00007ff8f0840000 - 0x00007ff8f0853000 	E:\Java\jdk-12.0.2\bin\nio.dll
0x0000000180000000 - 0x0000000180053000 	A:\Java\ComputerGraphics\Project2\Project_cg2\lwjgl64.dll
0x00007ff8f78f0000 - 0x00007ff8f7a46000 	C:\WINDOWS\SYSTEM32\OPENGL32.dll
0x00007ff8fbf30000 - 0x00007ff8fbf5c000 	C:\WINDOWS\SYSTEM32\GLU32.dll
0x00007ff916e90000 - 0x00007ff916eb0000 	C:\WINDOWS\SYSTEM32\dxcore.dll
0x00007ff912eb0000 - 0x00007ff912f5e000 	C:\WINDOWS\SYSTEM32\mscms.dll
0x00007ff9180d0000 - 0x00007ff9180f5000 	C:\WINDOWS\SYSTEM32\USERENV.dll
0x00007ff912990000 - 0x00007ff9129a7000 	C:\WINDOWS\SYSTEM32\ColorAdapterClient.dll
0x00007ff91a920000 - 0x00007ff91a9e4000 	C:\WINDOWS\System32\OLEAUT32.dll
0x00007ff91b1c0000 - 0x00007ff91b262000 	C:\WINDOWS\System32\clbcatq.dll
0x00007ff90f850000 - 0x00007ff90f86a000 	C:\Windows\System32\Windows.Internal.Graphics.Display.DisplayColorManagement.dll
0x00007ff916530000 - 0x00007ff9165c9000 	C:\WINDOWS\system32\uxtheme.dll
0x00007ff91aff0000 - 0x00007ff91b125000 	C:\WINDOWS\System32\MSCTF.dll
0x00007ff8fda60000 - 0x00007ff8fdb57000 	C:\ProgramData\A-Volute\A-Volute.Nahimic\Modules\Scheduled\x64\A-Volute.NahimicDevProps2.dll
0x00007ff91a570000 - 0x00007ff91a6c6000 	C:\WINDOWS\System32\ole32.dll
0x00007ff910000000 - 0x00007ff9100ac000 	C:\ProgramData\A-Volute\A-Volute.Nahimic\Modules\Scheduled\x64\NahimicOSD.dll
0x00007ff916310000 - 0x00007ff916332000 	C:\ProgramData\A-Volute\A-Volute.Nahimic\Modules\Scheduled\x64\ProductInfo.dll
0x00007ff89cb10000 - 0x00007ff89da6c000 	C:\WINDOWS\System32\DriverStore\FileRepository\iigd_dch.inf_amd64_38bfcb542ef4272e\ig9icd64.dll
0x00007ff916a30000 - 0x00007ff916a5d000 	C:\WINDOWS\SYSTEM32\dwmapi.dll
0x00007ff916f80000 - 0x00007ff91706b000 	C:\WINDOWS\system32\dxgi.dll
0x00007ff8f60e0000 - 0x00007ff8f617e000 	C:\WINDOWS\System32\TextInputFramework.dll
0x00007ff916080000 - 0x00007ff916154000 	C:\WINDOWS\System32\CoreMessaging.dll
0x00007ff913220000 - 0x00007ff91354a000 	C:\WINDOWS\System32\CoreUIComponents.dll
0x00007ff917210000 - 0x00007ff917241000 	C:\WINDOWS\SYSTEM32\ntmarta.dll
0x00007ff913a30000 - 0x00007ff913b83000 	C:\WINDOWS\SYSTEM32\wintypes.dll
0x00007ff8f1be0000 - 0x00007ff8f1c23000 	C:\WINDOWS\SYSTEM32\icm32.dll
0x00007ff90da90000 - 0x00007ff90dbe2000 	C:\WINDOWS\System32\DriverStore\FileRepository\iigd_dch.inf_amd64_38bfcb542ef4272e\igdgmm64.dll
0x00007ff90b530000 - 0x00007ff90d886000 	C:\WINDOWS\System32\DriverStore\FileRepository\iigd_dch.inf_amd64_38bfcb542ef4272e\igc64.dll
0x00007ff908760000 - 0x00007ff908927000 	C:\WINDOWS\SYSTEM32\d3d9.dll
0x00007ff8bc5c0000 - 0x00007ff8bc75f000 	E:\Java\jdk-12.0.2\bin\awt.dll
0x00007ff914e40000 - 0x00007ff915400000 	C:\WINDOWS\SYSTEM32\d2d1.dll
0x00007ff916430000 - 0x00007ff9164bf000 	C:\WINDOWS\SYSTEM32\apphelp.dll
0x00007ff917590000 - 0x00007ff9175c3000 	C:\WINDOWS\system32\rsaenh.dll
0x00007ff918970000 - 0x00007ff918996000 	C:\WINDOWS\System32\bcrypt.dll
0x00007ff917730000 - 0x00007ff91776a000 	C:\WINDOWS\SYSTEM32\IPHLPAPI.DLL
0x00007ff91a9f0000 - 0x00007ff91a9f8000 	C:\WINDOWS\System32\NSI.dll
0x00007ff90f5e0000 - 0x00007ff90f5f6000 	C:\WINDOWS\SYSTEM32\dhcpcsvc6.DLL
0x00007ff90f830000 - 0x00007ff90f84c000 	C:\WINDOWS\SYSTEM32\dhcpcsvc.DLL
0x00007ff917770000 - 0x00007ff91783a000 	C:\WINDOWS\SYSTEM32\DNSAPI.dll
0x00007ff8f1bb0000 - 0x00007ff8f1bdd000 	E:\Java\jdk-12.0.2\bin\javajpeg.dll
0x00000000067f0000 - 0x00000000068a9000 	E:\eudic\WCapture_x64.dll
0x00000000068f0000 - 0x0000000006938000 	E:\eudic\WCustom_x64.dll
0x00007ff9129d0000 - 0x00007ff912a35000 	C:\WINDOWS\SYSTEM32\OLEACC.dll
0x000002099a390000 - 0x000002099a3b7000 	E:\eudic\TCCons_x64.dll

dbghelp: loaded successfully - version: 4.0.5 - missing functions: none
symbol engine: initialized successfully - sym options: 0x614 - pdb path: .;E:\Java\jdk-12.0.2\bin;C:\WINDOWS\SYSTEM32;C:\WINDOWS\WinSxS\amd64_microsoft.windows.common-controls_6595b64144ccf1df_6.0.18362.535_none_e6c3b34713100821;E:\Java\jdk-12.0.2\bin\server;A:\Java\ComputerGraphics\Project2\Project_cg2;C:\ProgramData\A-Volute\A-Volute.Nahimic\Modules\Scheduled\x64;C:\WINDOWS\System32\DriverStore\FileRepository\iigd_dch.inf_amd64_38bfcb542ef4272e;E:\eudic

VM Arguments:
jvm_args: -Dfile.encoding=GBK 
java_command: MainWindow
java_class_path (initial): A:\Java\ComputerGraphics\Project2\Project_cg2\bin;A:\Java\ComputerGraphics\Project2\Project_cg2\LWJGL\AppleJavaExtensions.jar;A:\Java\ComputerGraphics\Project2\Project_cg2\LWJGL\asm-debug-all.jar;A:\Java\ComputerGraphics\Project2\Project_cg2\LWJGL\jinput.jar;A:\Java\ComputerGraphics\Project2\Project_cg2\LWJGL\laf-plugin-7.2.1.jar;A:\Java\ComputerGraphics\Project2\Project_cg2\LWJGL\laf-widget-7.2.1.jar;A:\Java\ComputerGraphics\Project2\Project_cg2\LWJGL\log4j-api-2.0-beta9.jar;A:\Java\ComputerGraphics\Project2\Project_cg2\LWJGL\lwjgl_test.jar;A:\Java\ComputerGraphics\Project2\Project_cg2\LWJGL\lwjgl_util_applet.jar;A:\Java\ComputerGraphics\Project2\Project_cg2\LWJGL\lwjgl_util.jar;A:\Java\ComputerGraphics\Project2\Project_cg2\LWJGL\lwjgl-debug.jar;A:\Java\ComputerGraphics\Project2\Project_cg2\LWJGL\lwjgl.jar;A:\Java\ComputerGraphics\Project2\Project_cg2\LWJGL\lzma.jar;A:\Java\ComputerGraphics\Project2\Project_cg2\LWJGL\substance-7.2.1.jar;A:\Java\ComputerGraphics\Project2\Project_cg2\LWJGL\trident-7.2.1.jar;A:\Java\ComputerGraphics\Project2\Project_cg2\LWJGL\slick-util.jar
Launcher Type: SUN_STANDARD

[Global flags]
     intx CICompilerCount                          = 4                                         {product} {ergonomic}
     uint ConcGCThreads                            = 3                                         {product} {ergonomic}
     uint G1ConcRefinementThreads                  = 10                                        {product} {ergonomic}
   size_t G1HeapRegionSize                         = 1048576                                   {product} {ergonomic}
    uintx GCDrainStackTargetSize                   = 64                                        {product} {ergonomic}
   size_t InitialHeapSize                          = 132120576                                 {product} {ergonomic}
   size_t MarkStackSize                            = 4194304                                   {product} {ergonomic}
   size_t MaxHeapSize                              = 2107637760                                {product} {ergonomic}
   size_t MaxNewSize                               = 1264582656                                {product} {ergonomic}
   size_t MinHeapDeltaBytes                        = 1048576                                   {product} {ergonomic}
    uintx NonNMethodCodeHeapSize                   = 5836300                                {pd product} {ergonomic}
    uintx NonProfiledCodeHeapSize                  = 122910970                              {pd product} {ergonomic}
    uintx ProfiledCodeHeapSize                     = 122910970                              {pd product} {ergonomic}
    uintx ReservedCodeCacheSize                    = 251658240                              {pd product} {ergonomic}
     bool SegmentedCodeCache                       = true                                      {product} {ergonomic}
     bool UseCompressedClassPointers               = true                                 {lp64_product} {ergonomic}
     bool UseCompressedOops                        = true                                 {lp64_product} {ergonomic}
     bool UseG1GC                                  = true                                      {product} {ergonomic}
     bool UseLargePagesIndividualAllocation        = false                                  {pd product} {ergonomic}

Logging:
Log output configuration:
 #0: stdout all=warning uptime,level,tags
 #1: stderr all=off uptime,level,tags

Environment Variables:
PATH=E:/Java/jdk-12.0.2/bin/server;E:/Java/jdk-12.0.2/bin;C:\Program Files (x86)\Common Files\Intel\Shared Libraries\redist\intel64\compiler;C:\Program Files (x86)\Intel\Intel(R) Management Engine Components\iCLS\;C:\Program Files\Intel\Intel(R) Management Engine Components\iCLS\;C:\Windows\system32;C:\Windows;C:\Windows\System32\Wbem;C:\Windows\System32\WindowsPowerShell\v1.0\;C:\Windows\System32\OpenSSH\;C:\Program Files (x86)\Intel\Intel(R) Management Engine Components\DAL;C:\Program Files\Intel\Intel(R) Management Engine Components\DAL;C:\Program Files (x86)\Intel\Intel(R) Management Engine Components\IPT;C:\Program Files\Intel\Intel(R) Management Engine Components\IPT;C:\Program Files (x86)\NVIDIA Corporation\PhysX\Common;C:\Program Files\NVIDIA Corporation\NVIDIA NGX;C:\Program Files\Intel\WiFi\bin\;C:\Program Files\Common Files\Intel\WirelessCommon\;D:\Git\cmd;C:\sqlite;C:\Program Files\Microsoft SQL Server\130\Tools\Binn\;C:\Program Files\dotnet\;C:\Program Files\NVIDIA Corporation\NVIDIA NvDLISR;A:\Blog\Nodejs\;E:\;C:\WINDOWS\system32;C:\WINDOWS;C:\WINDOWS\System32\Wbem;C:\WINDOWS\System32\WindowsPowerShell\v1.0\;C:\WINDOWS\System32\OpenSSH\;A:\Web\pythonStaff\Scripts;A:\Web\pythonStaff\Scripts\;A:\Web\pythonStaff\;C:\Users\11518\AppData\Local\Microsoft\WindowsApps;C:\Users\11518\AppData\Local\GitHubDesktop\bin;D:\Microsoft VS Code\bin;C:\Users\11518\AppData\Roaming\npm;C:\Users\11518\AppData\Local\atom\bin;C:\Users\11518\AppData\Local\Microsoft\WindowsApps;A:\Web\Python\Python.3.8\Scripts;;A:\Java\IDEA\IntelliJ IDEA Community Edition 2019.2.4\bin;;A:\JetBrain\PyCharm 2019.2.5\bin;;A:\Java\Inteliji\IntelliJ IDEA 2019.3\bin;;C:\WINDOWS\System32;
USERNAME=11518
OS=Windows_NT
PROCESSOR_IDENTIFIER=Intel64 Family 6 Model 158 Stepping 10, GenuineIntel



---------------  S Y S T E M  ---------------

OS: Windows 10 , 64 bit Build 18362 (10.0.18362.329)

CPU:total 12 (initial active 12) (6 cores per cpu, 2 threads per core) family 6 model 158 stepping 10, cmov, cx8, fxsr, mmx, sse, sse2, sse3, ssse3, sse4.1, sse4.2, popcnt, avx, avx2, aes, clmul, erms, 3dnowpref, lzcnt, ht, tsc, tscinvbit, bmi1, bmi2, adx, fma

Memory: 4k page, system-wide physical 8036M (3590M free)
TotalPageFile size 16248M (AvailPageFile size 5415M)
current process WorkingSet (physical memory assigned to process): 983M, peak: 4007M
current process commit charge ("private bytes"): 1083M, peak: 4123M

vm_info: Java HotSpot(TM) 64-Bit Server VM (12.0.2+10) for windows-amd64 JRE (12.0.2+10), built on Jul 16 2019 01:56:17 by "mach5one" with MS VC++ 15.5 (VS2017)

END.
