#
# A fatal error has been detected by the Java Runtime Environment:
#
#  EXCEPTION_ACCESS_VIOLATION (0xc0000005) at pc=0x00007ffd441d8394, pid=7856, tid=17548
#
# JRE version: Java(TM) SE Runtime Environment (12.0.2+10) (build 12.0.2+10)
# Java VM: Java HotSpot(TM) 64-Bit Server VM (12.0.2+10, mixed mode, sharing, tiered, compressed oops, g1 gc, windows-amd64)
# Problematic frame:
# C  [ig9icd64.dll+0x3d8394]
#
# No core dump will be written. Minidumps are not enabled by default on client versions of Windows
#
# If you would like to submit a bug report, please visit:
#   http://bugreport.java.com/bugreport/crash.jsp
# The crash happened outside the Java Virtual Machine in native code.
# See problematic frame for where to report the bug.
#

---------------  S U M M A R Y ------------

Command Line: -Dfile.encoding=GBK MainWindow

Host: Intel(R) Core(TM) i7-8750H CPU @ 2.20GHz, 12 cores, 7G,  Windows 10 , 64 bit Build 18362 (10.0.18362.329)
Time: Sun Dec 15 21:41:13 2019 ?D1¨²¡À¨º¡Á?¨º¡À?? elapsed time: 140 seconds (0d 0h 2m 20s)

---------------  T H R E A D  ---------------

Current thread (0x000001ac4e058000):  JavaThread "main" [_thread_in_native, id=17548, stack(0x0000006a48500000,0x0000006a48600000)]

Stack: [0x0000006a48500000,0x0000006a48600000],  sp=0x0000006a485ff450,  free space=1021k
Native frames: (J=compiled Java code, j=interpreted, Vv=VM code, C=native code)
C  [ig9icd64.dll+0x3d8394]

Java frames: (J=compiled Java code, j=interpreted, Vv=VM code)
J 1090  org.lwjgl.opengl.GL11.nglClear(IJ)V (0 bytes) @ 0x000001ac5df90f14 [0x000001ac5df90ec0+0x0000000000000054]
J 1152 c2 MainWindow.renderGL()V (328 bytes) @ 0x000001ac5dfa9c14 [0x000001ac5dfa9b80+0x0000000000000094]
j  MainWindow.start()V+81
j  MainWindow.main([Ljava/lang/String;)V+9
v  ~StubRoutines::call_stub

siginfo: EXCEPTION_ACCESS_VIOLATION (0xc0000005), writing address 0x000001ac73690000


Register to memory mapping:

RIP=0x00007ffd441d8394 ig9icd64.dll
RAX=0x00000000680b0000 is an unknown value
RBX=0x000001ac6dc7c060 points into unknown readable memory: 00 00 00 00 00 00 00 00
RCX=0x000001ac73690000 is an unknown value
RDX=0x000001ac6dc7bd68 points into unknown readable memory: 00 00 00 00 00 00 00 00
RSP=0x0000006a485ff450 is pointing into the stack for thread: 0x000001ac4e058000
RBP=0x0000006a485ff550 is pointing into the stack for thread: 0x000001ac4e058000
RSI=0x000001ac6dc47980 points into unknown readable memory: 80 c9 aa 77 ac 01 00 00
RDI=0x0000006a485ff678 is pointing into the stack for thread: 0x000001ac4e058000
R8 =0x000001ac6dc0bd40 points into unknown readable memory: 00 00 00 00 00 01 00 00
R9 =0x0 is NULL
R10=0x0 is NULL
R11=0x0 is NULL
R12=0x0 is NULL
R13=0x0 is NULL
R14=0x0000000000000001 is an unknown value
R15=0x0 is NULL


Registers:
RAX=0x00000000680b0000, RBX=0x000001ac6dc7c060, RCX=0x000001ac73690000, RDX=0x000001ac6dc7bd68
RSP=0x0000006a485ff450, RBP=0x0000006a485ff550, RSI=0x000001ac6dc47980, RDI=0x0000006a485ff678
R8 =0x000001ac6dc0bd40, R9 =0x0000000000000000, R10=0x0000000000000000, R11=0x0000000000000000
R12=0x0000000000000000, R13=0x0000000000000000, R14=0x0000000000000001, R15=0x0000000000000000
RIP=0x00007ffd441d8394, EFLAGS=0x0000000000010206

Top of Stack: (sp=0x0000006a485ff450)
0x0000006a485ff450:   4099000000000000 0000000000000000
0x0000006a485ff460:   c09c200000000000 0000000000000000
0x0000006a485ff470:   409c200000000000 0000000000000000
0x0000006a485ff480:   000001ac4e058000 0000000000000008
0x0000006a485ff490:   0000000000000040 0000000000000000
0x0000006a485ff4a0:   0000006a485ff510 000001ac6dc0bd40
0x0000006a485ff4b0:   0000000000000002 0000000000000040
0x0000006a485ff4c0:   000001ac79b32760 0000000000000000
0x0000006a485ff4d0:   0000006a485ff510 00007ffd43e7d790
0x0000006a485ff4e0:   0000000000000040 0000000000000000
0x0000006a485ff4f0:   0000000000000040 0000000000000000
0x0000006a485ff500:   409c200000000000 0000000000000000
0x0000006a485ff510:   0000000000000000 0000000000000000
0x0000006a485ff520:   0000000000000000 00000c453ca55bfd
0x0000006a485ff530:   0000000000000000 00007ffd3ccce015
0x0000006a485ff540:   000001ac7768b6f0 00007ffd3ce2ecdb 

Instructions: (pc=0x00007ffd441d8394)
0x00007ffd441d8294:   89 54 24 58 4c 8b c2 48 8b f1 0f 84 d9 00 00 00
0x00007ffd441d82a4:   48 8b d1 48 8b cb e8 31 27 cb ff 48 8b d6 48 8b
0x00007ffd441d82b4:   cb e8 d6 96 cb ff 48 8b 05 2f 48 68 00 48 8b 8b
0x00007ffd441d82c4:   80 08 00 00 48 09 83 88 08 00 00 48 8b 05 22 48
0x00007ffd441d82d4:   68 00 48 09 83 90 08 00 00 b8 7f 00 00 00 4c 8b
0x00007ffd441d82e4:   44 24 58 48 c7 81 88 27 00 00 ff ff ff ff c7 81
0x00007ffd441d82f4:   94 27 00 00 ff ff ff ff 66 89 81 a6 06 00 00 48
0x00007ffd441d8304:   c7 81 f8 4c 00 00 ff ff ff ff c7 81 04 4d 00 00
0x00007ffd441d8314:   ff ff ff ff 66 89 81 16 2c 00 00 48 c7 81 68 72
0x00007ffd441d8324:   00 00 ff ff ff ff c7 81 74 72 00 00 ff ff ff ff
0x00007ffd441d8334:   66 89 81 86 51 00 00 48 c7 81 d8 97 00 00 ff ff
0x00007ffd441d8344:   ff ff c7 81 e4 97 00 00 ff ff ff ff 66 89 81 f6
0x00007ffd441d8354:   76 00 00 48 c7 81 48 bd 00 00 ff ff ff ff c7 81
0x00007ffd441d8364:   54 bd 00 00 ff ff ff ff 66 89 81 66 9c 00 00 c7
0x00007ffd441d8374:   81 64 bd 00 00 00 00 00 00 48 8b 96 60 44 03 00
0x00007ffd441d8384:   45 33 ed 8b 05 c3 58 a8 00 8b 4a 28 48 03 4a 18
0x00007ffd441d8394:   89 01 83 42 28 04 48 63 86 10 1b 00 00 48 89 45
0x00007ffd441d83a4:   80 48 85 c0 0f 8e b8 04 00 00 4c 89 a4 24 08 01
0x00007ffd441d83b4:   00 00 4c 8d a6 d0 5d 03 00 4c 89 b4 24 00 01 00
0x00007ffd441d83c4:   00 44 8b 75 60 0f 29 b4 24 f0 00 00 00 0f 57 f6
0x00007ffd441d83d4:   0f 29 bc 24 e0 00 00 00 0f 57 ff 48 89 bc 24 50
0x00007ffd441d83e4:   01 00 00 66 0f 1f 84 00 00 00 00 00 41 8b 0c 24
0x00007ffd441d83f4:   83 f9 ff 0f 84 2a 04 00 00 49 8b bc c8 b8 01 00
0x00007ffd441d8404:   00 48 85 ff 0f 84 19 04 00 00 8b 45 78 0f a3 c8
0x00007ffd441d8414:   0f 83 0d 04 00 00 48 8b 05 5f 64 8d 00 83 b8 a8
0x00007ffd441d8424:   01 00 00 01 74 24 83 f9 0e 75 1f 48 8b 87 98 00
0x00007ffd441d8434:   00 00 48 85 c0 74 13 83 78 08 01 77 0d 83 78 04
0x00007ffd441d8444:   03 75 07 c6 87 d8 00 00 00 01 48 8b 97 98 00 00
0x00007ffd441d8454:   00 45 33 c9 48 85 d2 0f 84 df 00 00 00 4c 8b 82
0x00007ffd441d8464:   90 00 00 00 4d 85 c0 74 04 45 8b 48 44 48 8b 1f
0x00007ffd441d8474:   33 c9 48 85 db 74 33 4c 63 13 4d 85 c0 74 04 41
0x00007ffd441d8484:   8b 48 44 85 c9 74 0f 83 e9 01 74 14 83 e9 01 74 


Stack slot to memory mapping:
stack at sp + 0 slots: 0x4099000000000000 is an unknown value
stack at sp + 1 slots: 0x0 is NULL
stack at sp + 2 slots: 0xc09c200000000000 is an unknown value
stack at sp + 3 slots: 0x0 is NULL
stack at sp + 4 slots: 0x409c200000000000 is an unknown value
stack at sp + 5 slots: 0x0 is NULL
stack at sp + 6 slots: 0x000001ac4e058000 is a thread
stack at sp + 7 slots: 0x0000000000000008 is an unknown value


---------------  P R O C E S S  ---------------

Threads class SMR info:
_java_thread_list=0x000001ac79be6660, length=12, elements={
0x000001ac4e058000, 0x000001ac6d0dc000, 0x000001ac6d0dd000, 0x000001ac6d0fd000,
0x000001ac6d0fe800, 0x000001ac6d109800, 0x000001ac6d114000, 0x000001ac6d115800,
0x000001ac6dab7800, 0x000001ac6daca000, 0x000001ac77bab000, 0x000001ac7983b000
}

Java Threads: ( => current thread )
=>0x000001ac4e058000 JavaThread "main" [_thread_in_native, id=17548, stack(0x0000006a48500000,0x0000006a48600000)]
  0x000001ac6d0dc000 JavaThread "Reference Handler" daemon [_thread_blocked, id=18476, stack(0x0000006a48c00000,0x0000006a48d00000)]
  0x000001ac6d0dd000 JavaThread "Finalizer" daemon [_thread_blocked, id=14980, stack(0x0000006a48d00000,0x0000006a48e00000)]
  0x000001ac6d0fd000 JavaThread "Signal Dispatcher" daemon [_thread_blocked, id=4380, stack(0x0000006a48e00000,0x0000006a48f00000)]
  0x000001ac6d0fe800 JavaThread "Attach Listener" daemon [_thread_blocked, id=3012, stack(0x0000006a48f00000,0x0000006a49000000)]
  0x000001ac6d109800 JavaThread "C2 CompilerThread0" daemon [_thread_blocked, id=13592, stack(0x0000006a49000000,0x0000006a49100000)]
  0x000001ac6d114000 JavaThread "C1 CompilerThread0" daemon [_thread_blocked, id=18880, stack(0x0000006a49100000,0x0000006a49200000)]
  0x000001ac6d115800 JavaThread "Sweeper thread" daemon [_thread_blocked, id=15252, stack(0x0000006a49200000,0x0000006a49300000)]
  0x000001ac6dab7800 JavaThread "Service Thread" daemon [_thread_blocked, id=18436, stack(0x0000006a49300000,0x0000006a49400000)]
  0x000001ac6daca000 JavaThread "Common-Cleaner" daemon [_thread_blocked, id=17920, stack(0x0000006a49500000,0x0000006a49600000)]
  0x000001ac77bab000 JavaThread "Java2D Disposer" daemon [_thread_blocked, id=19172, stack(0x0000006a49a00000,0x0000006a49b00000)]
  0x000001ac7983b000 JavaThread "LWJGL Timer" daemon [_thread_blocked, id=3104, stack(0x0000006a49f00000,0x0000006a4a000000)]

Other Threads:
  0x000001ac6d0d9000 VMThread "VM Thread" [stack: 0x0000006a48b00000,0x0000006a48c00000] [id=4976]
  0x000001ac6dac8800 WatcherThread [stack: 0x0000006a49400000,0x0000006a49500000] [id=17624]
  0x000001ac4e097800 GCTaskThread "GC Thread#0" [stack: 0x0000006a48600000,0x0000006a48700000] [id=7908]
  0x000001ac77df8800 GCTaskThread "GC Thread#1" [stack: 0x0000006a49b00000,0x0000006a49c00000] [id=19052]
  0x000001ac77df9000 GCTaskThread "GC Thread#2" [stack: 0x0000006a49c00000,0x0000006a49d00000] [id=10888]
  0x000001ac4e0a5800 ConcurrentGCThread "G1 Main Marker" [stack: 0x0000006a48700000,0x0000006a48800000] [id=664]
  0x000001ac4e0a8000 ConcurrentGCThread "G1 Conc#0" [stack: 0x0000006a48800000,0x0000006a48900000] [id=18528]
  0x000001ac77dfa800 ConcurrentGCThread "G1 Conc#1" [stack: 0x0000006a49d00000,0x0000006a49e00000] [id=15572]
  0x000001ac79b5b000 ConcurrentGCThread "G1 Conc#2" [stack: 0x0000006a49e00000,0x0000006a49f00000] [id=12520]
  0x000001ac4e12e000 ConcurrentGCThread "G1 Refine#0" [stack: 0x0000006a48900000,0x0000006a48a00000] [id=17620]
  0x000001ac6cf59800 ConcurrentGCThread "G1 Young RemSet Sampling" [stack: 0x0000006a48a00000,0x0000006a48b00000] [id=6612]

Threads with active compile tasks:

VM state:not at safepoint (normal execution)

VM Mutex/Monitor currently owned by a thread: None

Heap address: 0x0000000082600000, size: 2010 MB, Compressed Oops mode: 32-bit
Narrow klass base: 0x0000000800000000, Narrow klass shift: 3
Compressed class space size: 1073741824 Address: 0x0000000801190000

Heap:
 garbage-first heap   total 132096K, used 48112K [0x0000000082600000, 0x0000000100000000)
  region size 1024K, 25 young (25600K), 3 survivors (3072K)
 Metaspace       used 6307K, capacity 6432K, committed 6528K, reserved 1056768K
  class space    used 532K, capacity 604K, committed 640K, reserved 1048576K
Heap Regions: E=young(eden), S=young(survivor), O=old, HS=humongous(starts), HC=humongous(continues), CS=collection set, F=free, A=archive, TAMS=top-at-mark-start (previous, next)
|   0|0x0000000082600000, 0x0000000082700000, 0x0000000082700000|100%|HS|  |TAMS 0x0000000082600000, 0x0000000082600000| Complete 
|   1|0x0000000082700000, 0x0000000082800000, 0x0000000082800000|100%|HC|  |TAMS 0x0000000082700000, 0x0000000082700000| Complete 
|   2|0x0000000082800000, 0x0000000082900000, 0x0000000082900000|100%|HC|  |TAMS 0x0000000082800000, 0x0000000082800000| Complete 
|   3|0x0000000082900000, 0x0000000082a00000, 0x0000000082a00000|100%|HS|  |TAMS 0x0000000082900000, 0x0000000082900000| Complete 
|   4|0x0000000082a00000, 0x0000000082b00000, 0x0000000082b00000|100%|HC|  |TAMS 0x0000000082a00000, 0x0000000082a00000| Complete 
|   5|0x0000000082b00000, 0x0000000082c00000, 0x0000000082c00000|100%|HS|  |TAMS 0x0000000082b00000, 0x0000000082b00000| Complete 
|   6|0x0000000082c00000, 0x0000000082d00000, 0x0000000082d00000|100%|HC|  |TAMS 0x0000000082c00000, 0x0000000082c00000| Complete 
|   7|0x0000000082d00000, 0x0000000082e00000, 0x0000000082e00000|100%|HS|  |TAMS 0x0000000082d00000, 0x0000000082d00000| Complete 
|   8|0x0000000082e00000, 0x0000000082f00000, 0x0000000082f00000|100%|HC|  |TAMS 0x0000000082e00000, 0x0000000082e00000| Complete 
|   9|0x0000000082f00000, 0x0000000083000000, 0x0000000083000000|100%|HS|  |TAMS 0x0000000082f00000, 0x0000000082f00000| Complete 
|  10|0x0000000083000000, 0x0000000083100000, 0x0000000083100000|100%|HC|  |TAMS 0x0000000083000000, 0x0000000083000000| Complete 
|  11|0x0000000083100000, 0x0000000083100000, 0x0000000083200000|  0%| F|  |TAMS 0x0000000083100000, 0x0000000083100000| Untracked 
|  12|0x0000000083200000, 0x0000000083200000, 0x0000000083300000|  0%| F|  |TAMS 0x0000000083200000, 0x0000000083200000| Untracked 
|  13|0x0000000083300000, 0x0000000083400000, 0x0000000083400000|100%|HS|  |TAMS 0x0000000083300000, 0x0000000083300000| Complete 
|  14|0x0000000083400000, 0x0000000083500000, 0x0000000083500000|100%|HC|  |TAMS 0x0000000083400000, 0x0000000083400000| Complete 
|  15|0x0000000083500000, 0x0000000083600000, 0x0000000083600000|100%|HS|  |TAMS 0x0000000083500000, 0x0000000083500000| Complete 
|  16|0x0000000083600000, 0x0000000083700000, 0x0000000083700000|100%|HC|  |TAMS 0x0000000083600000, 0x0000000083600000| Complete 
|  17|0x0000000083700000, 0x0000000083700000, 0x0000000083800000|  0%| F|  |TAMS 0x0000000083700000, 0x0000000083700000| Untracked 
|  18|0x0000000083800000, 0x0000000083800000, 0x0000000083900000|  0%| F|  |TAMS 0x0000000083800000, 0x0000000083800000| Untracked 
|  19|0x0000000083900000, 0x0000000083900000, 0x0000000083a00000|  0%| F|  |TAMS 0x0000000083900000, 0x0000000083900000| Untracked 
|  20|0x0000000083a00000, 0x0000000083a00000, 0x0000000083b00000|  0%| F|  |TAMS 0x0000000083a00000, 0x0000000083a00000| Untracked 
|  21|0x0000000083b00000, 0x0000000083b00000, 0x0000000083c00000|  0%| F|  |TAMS 0x0000000083b00000, 0x0000000083b00000| Untracked 
|  22|0x0000000083c00000, 0x0000000083c00000, 0x0000000083d00000|  0%| F|  |TAMS 0x0000000083c00000, 0x0000000083c00000| Untracked 
|  23|0x0000000083d00000, 0x0000000083d00000, 0x0000000083e00000|  0%| F|  |TAMS 0x0000000083d00000, 0x0000000083d00000| Untracked 
|  24|0x0000000083e00000, 0x0000000083e00000, 0x0000000083f00000|  0%| F|  |TAMS 0x0000000083e00000, 0x0000000083e00000| Untracked 
|  25|0x0000000083f00000, 0x0000000083f00000, 0x0000000084000000|  0%| F|  |TAMS 0x0000000083f00000, 0x0000000083f00000| Untracked 
|  26|0x0000000084000000, 0x0000000084000000, 0x0000000084100000|  0%| F|  |TAMS 0x0000000084000000, 0x0000000084000000| Untracked 
|  27|0x0000000084100000, 0x0000000084100000, 0x0000000084200000|  0%| F|  |TAMS 0x0000000084100000, 0x0000000084100000| Untracked 
|  28|0x0000000084200000, 0x0000000084200000, 0x0000000084300000|  0%| F|  |TAMS 0x0000000084200000, 0x0000000084200000| Untracked 
|  29|0x0000000084300000, 0x0000000084300000, 0x0000000084400000|  0%| F|  |TAMS 0x0000000084300000, 0x0000000084300000| Untracked 
|  30|0x0000000084400000, 0x0000000084400000, 0x0000000084500000|  0%| F|  |TAMS 0x0000000084400000, 0x0000000084400000| Untracked 
|  31|0x0000000084500000, 0x0000000084500000, 0x0000000084600000|  0%| F|  |TAMS 0x0000000084500000, 0x0000000084500000| Untracked 
|  32|0x0000000084600000, 0x0000000084600000, 0x0000000084700000|  0%| F|  |TAMS 0x0000000084600000, 0x0000000084600000| Untracked 
|  33|0x0000000084700000, 0x0000000084700000, 0x0000000084800000|  0%| F|  |TAMS 0x0000000084700000, 0x0000000084700000| Untracked 
|  34|0x0000000084800000, 0x0000000084800000, 0x0000000084900000|  0%| F|  |TAMS 0x0000000084800000, 0x0000000084800000| Untracked 
|  35|0x0000000084900000, 0x0000000084900000, 0x0000000084a00000|  0%| F|  |TAMS 0x0000000084900000, 0x0000000084900000| Untracked 
|  36|0x0000000084a00000, 0x0000000084afc330, 0x0000000084b00000| 98%| S|CS|TAMS 0x0000000084a00000, 0x0000000084a00000| Complete 
|  37|0x0000000084b00000, 0x0000000084c00000, 0x0000000084c00000|100%|HS|  |TAMS 0x0000000084c00000, 0x0000000084b00000| Complete 
|  38|0x0000000084c00000, 0x0000000084d00000, 0x0000000084d00000|100%|HC|  |TAMS 0x0000000084d00000, 0x0000000084c00000| Complete 
|  39|0x0000000084d00000, 0x0000000084d00000, 0x0000000084e00000|  0%| F|  |TAMS 0x0000000084d00000, 0x0000000084d00000| Untracked 
|  40|0x0000000084e00000, 0x0000000084e00000, 0x0000000084f00000|  0%| F|  |TAMS 0x0000000084e00000, 0x0000000084e00000| Untracked 
|  41|0x0000000084f00000, 0x0000000085000000, 0x0000000085000000|100%| S|CS|TAMS 0x0000000084f00000, 0x0000000084f00000| Complete 
|  42|0x0000000085000000, 0x0000000085100000, 0x0000000085100000|100%| S|CS|TAMS 0x0000000085000000, 0x0000000085000000| Complete 
|  43|0x0000000085100000, 0x0000000085100000, 0x0000000085200000|  0%| F|  |TAMS 0x0000000085100000, 0x0000000085100000| Untracked 
|  44|0x0000000085200000, 0x0000000085200000, 0x0000000085300000|  0%| F|  |TAMS 0x0000000085200000, 0x0000000085200000| Untracked 
|  45|0x0000000085300000, 0x0000000085300000, 0x0000000085400000|  0%| F|  |TAMS 0x0000000085300000, 0x0000000085300000| Untracked 
|  46|0x0000000085400000, 0x0000000085400000, 0x0000000085500000|  0%| F|  |TAMS 0x0000000085400000, 0x0000000085400000| Untracked 
|  47|0x0000000085500000, 0x0000000085500000, 0x0000000085600000|  0%| F|  |TAMS 0x0000000085500000, 0x0000000085500000| Untracked 
|  48|0x0000000085600000, 0x0000000085600000, 0x0000000085700000|  0%| F|  |TAMS 0x0000000085600000, 0x0000000085600000| Untracked 
|  49|0x0000000085700000, 0x0000000085700000, 0x0000000085800000|  0%| F|  |TAMS 0x0000000085700000, 0x0000000085700000| Untracked 
|  50|0x0000000085800000, 0x0000000085800000, 0x0000000085900000|  0%| F|  |TAMS 0x0000000085800000, 0x0000000085800000| Untracked 
|  51|0x0000000085900000, 0x0000000085a00000, 0x0000000085a00000|100%|HS|  |TAMS 0x0000000085a00000, 0x0000000085900000| Complete 
|  52|0x0000000085a00000, 0x0000000085b00000, 0x0000000085b00000|100%|HC|  |TAMS 0x0000000085b00000, 0x0000000085a00000| Complete 
|  53|0x0000000085b00000, 0x0000000085c00000, 0x0000000085c00000|100%|HC|  |TAMS 0x0000000085c00000, 0x0000000085b00000| Complete 
|  54|0x0000000085c00000, 0x0000000085c00000, 0x0000000085d00000|  0%| F|  |TAMS 0x0000000085c00000, 0x0000000085c00000| Untracked 
|  55|0x0000000085d00000, 0x0000000085d00000, 0x0000000085e00000|  0%| F|  |TAMS 0x0000000085d00000, 0x0000000085d00000| Untracked 
|  56|0x0000000085e00000, 0x0000000085f00000, 0x0000000085f00000|100%|HS|  |TAMS 0x0000000085f00000, 0x0000000085e00000| Complete 
|  57|0x0000000085f00000, 0x0000000086000000, 0x0000000086000000|100%|HC|  |TAMS 0x0000000086000000, 0x0000000085f00000| Complete 
|  58|0x0000000086000000, 0x0000000086100000, 0x0000000086100000|100%|HC|  |TAMS 0x0000000086100000, 0x0000000086000000| Complete 
|  59|0x0000000086100000, 0x0000000086100000, 0x0000000086200000|  0%| F|  |TAMS 0x0000000086100000, 0x0000000086100000| Untracked 
|  60|0x0000000086200000, 0x0000000086200000, 0x0000000086300000|  0%| F|  |TAMS 0x0000000086200000, 0x0000000086200000| Untracked 
|  61|0x0000000086300000, 0x0000000086300000, 0x0000000086400000|  0%| F|  |TAMS 0x0000000086300000, 0x0000000086300000| Untracked 
|  62|0x0000000086400000, 0x0000000086400000, 0x0000000086500000|  0%| F|  |TAMS 0x0000000086400000, 0x0000000086400000| Untracked 
|  63|0x0000000086500000, 0x0000000086500000, 0x0000000086600000|  0%| F|  |TAMS 0x0000000086500000, 0x0000000086500000| Untracked 
|  64|0x0000000086600000, 0x0000000086600000, 0x0000000086700000|  0%| F|  |TAMS 0x0000000086600000, 0x0000000086600000| Untracked 
|  65|0x0000000086700000, 0x0000000086700000, 0x0000000086800000|  0%| F|  |TAMS 0x0000000086700000, 0x0000000086700000| Untracked 
|  66|0x0000000086800000, 0x0000000086800000, 0x0000000086900000|  0%| F|  |TAMS 0x0000000086800000, 0x0000000086800000| Untracked 
|  67|0x0000000086900000, 0x0000000086900000, 0x0000000086a00000|  0%| F|  |TAMS 0x0000000086900000, 0x0000000086900000| Untracked 
|  68|0x0000000086a00000, 0x0000000086a00000, 0x0000000086b00000|  0%| F|  |TAMS 0x0000000086a00000, 0x0000000086a00000| Untracked 
|  69|0x0000000086b00000, 0x0000000086b00000, 0x0000000086c00000|  0%| F|  |TAMS 0x0000000086b00000, 0x0000000086b00000| Untracked 
|  70|0x0000000086c00000, 0x0000000086c00000, 0x0000000086d00000|  0%| F|  |TAMS 0x0000000086c00000, 0x0000000086c00000| Untracked 
|  71|0x0000000086d00000, 0x0000000086d00000, 0x0000000086e00000|  0%| F|  |TAMS 0x0000000086d00000, 0x0000000086d00000| Untracked 
|  72|0x0000000086e00000, 0x0000000086e00000, 0x0000000086f00000|  0%| F|  |TAMS 0x0000000086e00000, 0x0000000086e00000| Untracked 
|  73|0x0000000086f00000, 0x0000000086f00000, 0x0000000087000000|  0%| F|  |TAMS 0x0000000086f00000, 0x0000000086f00000| Untracked 
|  74|0x0000000087000000, 0x0000000087000000, 0x0000000087100000|  0%| F|  |TAMS 0x0000000087000000, 0x0000000087000000| Untracked 
|  75|0x0000000087100000, 0x0000000087100000, 0x0000000087200000|  0%| F|  |TAMS 0x0000000087100000, 0x0000000087100000| Untracked 
|  76|0x0000000087200000, 0x0000000087200000, 0x0000000087300000|  0%| F|  |TAMS 0x0000000087200000, 0x0000000087200000| Untracked 
|  77|0x0000000087300000, 0x0000000087300000, 0x0000000087400000|  0%| F|  |TAMS 0x0000000087300000, 0x0000000087300000| Untracked 
|  78|0x0000000087400000, 0x0000000087400000, 0x0000000087500000|  0%| F|  |TAMS 0x0000000087400000, 0x0000000087400000| Untracked 
|  79|0x0000000087500000, 0x0000000087500000, 0x0000000087600000|  0%| F|  |TAMS 0x0000000087500000, 0x0000000087500000| Untracked 
|  80|0x0000000087600000, 0x0000000087600000, 0x0000000087700000|  0%| F|  |TAMS 0x0000000087600000, 0x0000000087600000| Untracked 
|  81|0x0000000087700000, 0x0000000087700000, 0x0000000087800000|  0%| F|  |TAMS 0x0000000087700000, 0x0000000087700000| Untracked 
|  82|0x0000000087800000, 0x0000000087800000, 0x0000000087900000|  0%| F|  |TAMS 0x0000000087800000, 0x0000000087800000| Untracked 
|  83|0x0000000087900000, 0x0000000087900000, 0x0000000087a00000|  0%| F|  |TAMS 0x0000000087900000, 0x0000000087900000| Untracked 
|  84|0x0000000087a00000, 0x0000000087a00000, 0x0000000087b00000|  0%| F|  |TAMS 0x0000000087a00000, 0x0000000087a00000| Untracked 
|  85|0x0000000087b00000, 0x0000000087b00000, 0x0000000087c00000|  0%| F|  |TAMS 0x0000000087b00000, 0x0000000087b00000| Untracked 
|  86|0x0000000087c00000, 0x0000000087c00000, 0x0000000087d00000|  0%| F|  |TAMS 0x0000000087c00000, 0x0000000087c00000| Untracked 
|  87|0x0000000087d00000, 0x0000000087d00000, 0x0000000087e00000|  0%| F|  |TAMS 0x0000000087d00000, 0x0000000087d00000| Untracked 
|  88|0x0000000087e00000, 0x0000000087e00000, 0x0000000087f00000|  0%| F|  |TAMS 0x0000000087e00000, 0x0000000087e00000| Untracked 
|  89|0x0000000087f00000, 0x0000000087f00000, 0x0000000088000000|  0%| F|  |TAMS 0x0000000087f00000, 0x0000000087f00000| Untracked 
|  90|0x0000000088000000, 0x0000000088000000, 0x0000000088100000|  0%| F|  |TAMS 0x0000000088000000, 0x0000000088000000| Untracked 
|  91|0x0000000088100000, 0x0000000088100000, 0x0000000088200000|  0%| F|  |TAMS 0x0000000088100000, 0x0000000088100000| Untracked 
|  92|0x0000000088200000, 0x0000000088200000, 0x0000000088300000|  0%| F|  |TAMS 0x0000000088200000, 0x0000000088200000| Untracked 
|  93|0x0000000088300000, 0x0000000088300000, 0x0000000088400000|  0%| F|  |TAMS 0x0000000088300000, 0x0000000088300000| Untracked 
|  94|0x0000000088400000, 0x0000000088400000, 0x0000000088500000|  0%| F|  |TAMS 0x0000000088400000, 0x0000000088400000| Untracked 
|  95|0x0000000088500000, 0x0000000088500000, 0x0000000088600000|  0%| F|  |TAMS 0x0000000088500000, 0x0000000088500000| Untracked 
|  96|0x0000000088600000, 0x0000000088600000, 0x0000000088700000|  0%| F|  |TAMS 0x0000000088600000, 0x0000000088600000| Untracked 
|  97|0x0000000088700000, 0x0000000088700000, 0x0000000088800000|  0%| F|  |TAMS 0x0000000088700000, 0x0000000088700000| Untracked 
|  98|0x0000000088800000, 0x0000000088800000, 0x0000000088900000|  0%| F|  |TAMS 0x0000000088800000, 0x0000000088800000| Untracked 
|  99|0x0000000088900000, 0x0000000088900000, 0x0000000088a00000|  0%| F|  |TAMS 0x0000000088900000, 0x0000000088900000| Untracked 
| 100|0x0000000088a00000, 0x0000000088a00000, 0x0000000088b00000|  0%| F|  |TAMS 0x0000000088a00000, 0x0000000088a00000| Untracked 
| 101|0x0000000088b00000, 0x0000000088b00000, 0x0000000088c00000|  0%| F|  |TAMS 0x0000000088b00000, 0x0000000088b00000| Untracked 
| 102|0x0000000088c00000, 0x0000000088c00000, 0x0000000088d00000|  0%| F|  |TAMS 0x0000000088c00000, 0x0000000088c00000| Untracked 
| 103|0x0000000088d00000, 0x0000000088d00000, 0x0000000088e00000|  0%| F|  |TAMS 0x0000000088d00000, 0x0000000088d00000| Untracked 
| 104|0x0000000088e00000, 0x0000000088e00000, 0x0000000088f00000|  0%| F|  |TAMS 0x0000000088e00000, 0x0000000088e00000| Untracked 
| 105|0x0000000088f00000, 0x0000000088f00000, 0x0000000089000000|  0%| F|  |TAMS 0x0000000088f00000, 0x0000000088f00000| Untracked 
| 106|0x0000000089000000, 0x0000000089000000, 0x0000000089100000|  0%| F|  |TAMS 0x0000000089000000, 0x0000000089000000| Untracked 
| 107|0x0000000089100000, 0x0000000089200000, 0x0000000089200000|100%| E|  |TAMS 0x0000000089100000, 0x0000000089100000| Complete 
| 108|0x0000000089200000, 0x0000000089300000, 0x0000000089300000|100%| E|CS|TAMS 0x0000000089200000, 0x0000000089200000| Complete 
| 109|0x0000000089300000, 0x0000000089400000, 0x0000000089400000|100%| E|CS|TAMS 0x0000000089300000, 0x0000000089300000| Complete 
| 110|0x0000000089400000, 0x0000000089500000, 0x0000000089500000|100%| E|CS|TAMS 0x0000000089400000, 0x0000000089400000| Complete 
| 111|0x0000000089500000, 0x0000000089600000, 0x0000000089600000|100%| E|CS|TAMS 0x0000000089500000, 0x0000000089500000| Complete 
| 112|0x0000000089600000, 0x0000000089700000, 0x0000000089700000|100%| E|CS|TAMS 0x0000000089600000, 0x0000000089600000| Complete 
| 113|0x0000000089700000, 0x0000000089800000, 0x0000000089800000|100%| E|CS|TAMS 0x0000000089700000, 0x0000000089700000| Complete 
| 114|0x0000000089800000, 0x0000000089900000, 0x0000000089900000|100%| E|CS|TAMS 0x0000000089800000, 0x0000000089800000| Complete 
| 115|0x0000000089900000, 0x0000000089a00000, 0x0000000089a00000|100%| E|CS|TAMS 0x0000000089900000, 0x0000000089900000| Complete 
| 116|0x0000000089a00000, 0x0000000089b00000, 0x0000000089b00000|100%| E|CS|TAMS 0x0000000089a00000, 0x0000000089a00000| Complete 
| 117|0x0000000089b00000, 0x0000000089c00000, 0x0000000089c00000|100%| E|CS|TAMS 0x0000000089b00000, 0x0000000089b00000| Complete 
| 118|0x0000000089c00000, 0x0000000089d00000, 0x0000000089d00000|100%| E|CS|TAMS 0x0000000089c00000, 0x0000000089c00000| Complete 
| 119|0x0000000089d00000, 0x0000000089e00000, 0x0000000089e00000|100%| E|CS|TAMS 0x0000000089d00000, 0x0000000089d00000| Complete 
| 120|0x0000000089e00000, 0x0000000089f00000, 0x0000000089f00000|100%| E|CS|TAMS 0x0000000089e00000, 0x0000000089e00000| Complete 
| 121|0x0000000089f00000, 0x000000008a000000, 0x000000008a000000|100%| E|CS|TAMS 0x0000000089f00000, 0x0000000089f00000| Complete 
| 122|0x000000008a000000, 0x000000008a100000, 0x000000008a100000|100%| E|CS|TAMS 0x000000008a000000, 0x000000008a000000| Complete 
| 123|0x000000008a100000, 0x000000008a200000, 0x000000008a200000|100%| E|CS|TAMS 0x000000008a100000, 0x000000008a100000| Complete 
| 124|0x000000008a200000, 0x000000008a300000, 0x000000008a300000|100%| E|CS|TAMS 0x000000008a200000, 0x000000008a200000| Complete 
| 125|0x000000008a300000, 0x000000008a400000, 0x000000008a400000|100%| E|CS|TAMS 0x000000008a300000, 0x000000008a300000| Complete 
| 126|0x000000008a400000, 0x000000008a500000, 0x000000008a500000|100%| E|CS|TAMS 0x000000008a400000, 0x000000008a400000| Complete 
| 127|0x000000008a500000, 0x000000008a600000, 0x000000008a600000|100%| E|CS|TAMS 0x000000008a500000, 0x000000008a500000| Complete 
| 128|0x000000008a600000, 0x000000008a700000, 0x000000008a700000|100%| E|CS|TAMS 0x000000008a600000, 0x000000008a600000| Complete 

Card table byte_map: [0x000001ac65da0000,0x000001ac66190000] _byte_map_base: 0x000001ac6598d000

Marking Bits (Prev, Next): (CMBitMap*) 0x000001ac4e098828, (CMBitMap*) 0x000001ac4e0987e8
 Prev Bits: [0x000001ac684f0000, 0x000001ac6a458000)
 Next Bits: [0x000001ac66580000, 0x000001ac684e8000)

Polling page: 0x000001ac4bed0000

Metaspace:

Usage:
  Non-class:      5.69 MB capacity,     5.64 MB (>99%) used,    42.22 KB ( <1%) free+waste,    10.31 KB ( <1%) overhead. 
      Class:    604.00 KB capacity,   532.18 KB ( 88%) used,    66.32 KB ( 11%) free+waste,     5.50 KB ( <1%) overhead. 
       Both:      6.28 MB capacity,     6.16 MB ( 98%) used,   108.54 KB (  2%) free+waste,    15.81 KB ( <1%) overhead. 

Virtual space:
  Non-class space:        8.00 MB reserved,       5.75 MB ( 72%) committed 
      Class space:        1.00 GB reserved,     640.00 KB ( <1%) committed 
             Both:        1.01 GB reserved,       6.38 MB ( <1%) committed 

Chunk freelists:
   Non-Class:  7.50 KB
       Class:  512 bytes
        Both:  8.00 KB

CodeHeap 'non-profiled nmethods': size=120000Kb used=491Kb max_used=491Kb free=119508Kb
 bounds [0x000001ac5df30000, 0x000001ac5e1a0000, 0x000001ac65460000]
CodeHeap 'profiled nmethods': size=120000Kb used=2347Kb max_used=2347Kb free=117652Kb
 bounds [0x000001ac56a00000, 0x000001ac56c70000, 0x000001ac5df30000]
CodeHeap 'non-nmethods': size=5760Kb used=1229Kb max_used=1245Kb free=4530Kb
 bounds [0x000001ac56460000, 0x000001ac566d0000, 0x000001ac56a00000]
 total_blobs=2085 nmethods=1155 adapters=505
 compilation: enabled
              stopped_count=0, restarted_count=0
 full_count=0

Compilation events (10 events):
Event: 57.231 Thread 0x000001ac6d109800 1151       4       MainWindow::updateFPS (67 bytes)
Event: 57.234 Thread 0x000001ac6d109800 nmethod 1151 0x000001ac5dfa9210 code [0x000001ac5dfa93e0, 0x000001ac5dfa9758]
Event: 65.748 Thread 0x000001ac6d109800 1152       4       MainWindow::renderGL (328 bytes)
Event: 65.753 Thread 0x000001ac6d109800 nmethod 1152 0x000001ac5dfa9910 code [0x000001ac5dfa9b80, 0x000001ac5dfaa120]
Event: 123.607 Thread 0x000001ac6d114000 1153       1       java.nio.charset.CharsetEncoder::charset (5 bytes)
Event: 123.607 Thread 0x000001ac6d114000 nmethod 1153 0x000001ac5dfaa890 code [0x000001ac5dfaaa40, 0x000001ac5dfaab78]
Event: 123.607 Thread 0x000001ac6d114000 1154       1       java.nio.charset.CharsetDecoder::maxCharsPerByte (5 bytes)
Event: 123.607 Thread 0x000001ac6d114000 nmethod 1154 0x000001ac5dfaac10 code [0x000001ac5dfaadc0, 0x000001ac5dfaaef8]
Event: 128.607 Thread 0x000001ac6d114000 1155       3       java.nio.HeapByteBuffer::get (14 bytes)
Event: 128.608 Thread 0x000001ac6d114000 nmethod 1155 0x000001ac56c4a690 code [0x000001ac56c4a880, 0x000001ac56c4abd0]

GC Heap History (8 events):
Event: 1.080 GC heap before
{Heap before GC invocations=0 (full 0):
 garbage-first heap   total 129024K, used 34816K [0x0000000082600000, 0x0000000100000000)
  region size 1024K, 24 young (24576K), 0 survivors (0K)
 Metaspace       used 6036K, capacity 6208K, committed 6528K, reserved 1056768K
  class space    used 522K, capacity 572K, committed 640K, reserved 1048576K
}
Event: 1.083 GC heap after
{Heap after GC invocations=1 (full 0):
 garbage-first heap   total 129024K, used 13175K [0x0000000082600000, 0x0000000100000000)
  region size 1024K, 3 young (3072K), 3 survivors (3072K)
 Metaspace       used 6036K, capacity 6208K, committed 6528K, reserved 1056768K
  class space    used 522K, capacity 572K, committed 640K, reserved 1048576K
}
Event: 1.310 GC heap before
{Heap before GC invocations=1 (full 0):
 garbage-first heap   total 129024K, used 128887K [0x0000000082600000, 0x0000000100000000)
  region size 1024K, 75 young (76800K), 3 survivors (3072K)
 Metaspace       used 6083K, capacity 6272K, committed 6528K, reserved 1056768K
  class space    used 522K, capacity 572K, committed 640K, reserved 1048576K
}
Event: 1.313 GC heap after
{Heap after GC invocations=2 (full 0):
 garbage-first heap   total 132096K, used 29696K [0x0000000082600000, 0x0000000100000000)
  region size 1024K, 3 young (3072K), 3 survivors (3072K)
 Metaspace       used 6083K, capacity 6272K, committed 6528K, reserved 1056768K
  class space    used 522K, capacity 572K, committed 640K, reserved 1048576K
}
Event: 1.435 GC heap before
{Heap before GC invocations=2 (full 0):
 garbage-first heap   total 132096K, used 124928K [0x0000000082600000, 0x0000000100000000)
  region size 1024K, 66 young (67584K), 3 survivors (3072K)
 Metaspace       used 6100K, capacity 6272K, committed 6528K, reserved 1056768K
  class space    used 522K, capacity 572K, committed 640K, reserved 1048576K
}
Event: 1.438 GC heap after
{Heap after GC invocations=3 (full 0):
 garbage-first heap   total 132096K, used 36780K [0x0000000082600000, 0x0000000100000000)
  region size 1024K, 3 young (3072K), 3 survivors (3072K)
 Metaspace       used 6100K, capacity 6272K, committed 6528K, reserved 1056768K
  class space    used 522K, capacity 572K, committed 640K, reserved 1048576K
}
Event: 1.561 GC heap before
{Heap before GC invocations=4 (full 0):
 garbage-first heap   total 132096K, used 122796K [0x0000000082600000, 0x0000000100000000)
  region size 1024K, 72 young (73728K), 3 survivors (3072K)
 Metaspace       used 6107K, capacity 6272K, committed 6528K, reserved 1056768K
  class space    used 522K, capacity 572K, committed 640K, reserved 1048576K
}
Event: 1.563 GC heap after
{Heap after GC invocations=5 (full 0):
 garbage-first heap   total 132096K, used 22512K [0x0000000082600000, 0x0000000100000000)
  region size 1024K, 3 young (3072K), 3 survivors (3072K)
 Metaspace       used 6107K, capacity 6272K, committed 6528K, reserved 1056768K
  class space    used 522K, capacity 572K, committed 640K, reserved 1048576K
}

Deoptimization events (8 events):
Event: 0.051 Thread 0x000001ac4e058000 Uncommon trap: reason=unstable_if action=reinterpret pc=0x000001ac5df34cc8 method=java.lang.String.hashCode()I @ 14 c2
Event: 0.589 Thread 0x000001ac4e058000 Uncommon trap: reason=unstable_if action=reinterpret pc=0x000001ac5df35e2c method=java.lang.String.charAt(I)C @ 4 c2
Event: 0.589 Thread 0x000001ac4e058000 Uncommon trap: reason=unstable_if action=reinterpret pc=0x000001ac5df4de48 method=java.lang.StringUTF16.compress([CI[BII)I @ 20 c2
Event: 0.615 Thread 0x000001ac4e058000 Uncommon trap: reason=unstable_if action=reinterpret pc=0x000001ac5df5b090 method=java.lang.String.startsWith(Ljava/lang/String;I)Z @ 1 c2
Event: 1.085 Thread 0x000001ac4e058000 Uncommon trap: reason=unstable_if action=reinterpret pc=0x000001ac5df72b38 method=sun.java2d.loops.OpaqueCopyArgbToAny.Blit(Lsun/java2d/SurfaceData;Lsun/java2d/SurfaceData;Ljava/awt/Composite;Lsun/java2d/pipe/Region;IIIIII)V @ 159 c2
Event: 1.100 Thread 0x000001ac4e058000 Uncommon trap: reason=unstable_if action=reinterpret pc=0x000001ac5df71300 method=java.awt.image.ComponentColorModel.getDataElements(ILjava/lang/Object;)Ljava/lang/Object; @ 2981 c2
Event: 1.101 Thread 0x000001ac4e058000 Uncommon trap: reason=unstable_if action=reinterpret pc=0x000001ac5df6d894 method=sun.awt.image.ByteInterleavedRaster.getDataElements(IILjava/lang/Object;)Ljava/lang/Object; @ 43 c2
Event: 1.157 Thread 0x000001ac4e058000 Uncommon trap: reason=unstable_if action=reinterpret pc=0x000001ac5df76510 method=sun.java2d.loops.OpaqueCopyAnyToArgb.Blit(Lsun/java2d/SurfaceData;Lsun/java2d/SurfaceData;Ljava/awt/Composite;Lsun/java2d/pipe/Region;IIIIII)V @ 150 c2

Classes redefined (0 events):
No events

Internal exceptions (8 events):
Event: 0.513 Thread 0x000001ac4e058000 Exception <a 'java/lang/NoSuchMethodError'{0x0000000089e742a8}: java.lang.invoke.DirectMethodHandle$Holder.invokeStaticInit(Ljava/lang/Object;I)Ljava/lang/Object;> (0x0000000089e742a8) thrown at [t:/workspace/open/src/hotspot/share/interpreter/linkResolve
Event: 0.578 Thread 0x000001ac4e058000 Exception <a 'java/lang/ClassNotFoundException'{0x0000000089d24bf0}: sun/awt/resources/spi/awtProvider> (0x0000000089d24bf0) thrown at [t:/workspace/open/src/hotspot/share/classfile/systemDictionary.cpp, line 235]
Event: 0.589 Thread 0x000001ac4e058000 Exception <a 'java/io/FileNotFoundException'{0x0000000089d70718}> (0x0000000089d70718) thrown at [t:/workspace/open/src/hotspot/share/prims/jni.cpp, line 615]
Event: 0.599 Thread 0x000001ac4e058000 Exception <a 'java/io/FileNotFoundException'{0x0000000089ddd9b8}> (0x0000000089ddd9b8) thrown at [t:/workspace/open/src/hotspot/share/prims/jni.cpp, line 615]
Event: 0.618 Thread 0x000001ac4e058000 Exception <a 'java/lang/NoSuchMethodError'{0x0000000089c54d00}: java.lang.invoke.DirectMethodHandle$Holder.invokeStaticInit(Ljava/lang/Object;IIII)Ljava/lang/Object;> (0x0000000089c54d00) thrown at [t:/workspace/open/src/hotspot/share/interpreter/linkReso
Event: 0.984 Thread 0x000001ac4e058000 Exception <a 'java/lang/NoSuchMethodError'{0x0000000089ca3de0}: java.lang.invoke.DirectMethodHandle$Holder.invokeStaticInit(Ljava/lang/Object;Ljava/lang/Object;IIII)Ljava/lang/Object;> (0x0000000089ca3de0) thrown at [t:/workspace/open/src/hotspot/share/in
Event: 1.100 Thread 0x000001ac4e058000 Implicit null exception at 0x000001ac5df70f2d to 0x000001ac5df712ea
Event: 1.101 Thread 0x000001ac4e058000 Implicit null exception at 0x000001ac5df6d636 to 0x000001ac5df6d876

Events (10 events):
Event: 1.660 loading class org/lwjgl/opengl/WindowsKeycodes done
Event: 1.698 loading class org/lwjgl/opengl/Sync
Event: 1.698 loading class org/lwjgl/opengl/Sync done
Event: 1.698 loading class org/lwjgl/opengl/Sync$RunningAvg
Event: 1.698 loading class org/lwjgl/opengl/Sync$RunningAvg done
Event: 1.698 loading class org/lwjgl/opengl/Sync$1
Event: 1.698 loading class org/lwjgl/opengl/Sync$1 done
Event: 1.699 Thread 0x000001ac7983b000 Thread added: 0x000001ac7983b000
Event: 2.460 Thread 0x000001ac4e058000 DEOPT PACKING pc=0x000001ac56bdb1f2 sp=0x0000006a485ff5a0
Event: 2.460 Thread 0x000001ac4e058000 DEOPT UNPACKING pc=0x000001ac564899ce sp=0x0000006a485feb28 mode 0


Dynamic libraries:
0x00007ff799340000 - 0x00007ff79934f000 	E:\Java\jdk-12.0.2\bin\javaw.exe
0x00007ffd9a7e0000 - 0x00007ffd9a9d0000 	C:\WINDOWS\SYSTEM32\ntdll.dll
0x00007ffd9a020000 - 0x00007ffd9a0d2000 	C:\WINDOWS\System32\KERNEL32.DLL
0x00007ffd982f0000 - 0x00007ffd98593000 	C:\WINDOWS\System32\KERNELBASE.dll
0x00007ffd97870000 - 0x00007ffd9796a000 	C:\WINDOWS\System32\ucrtbase.dll
0x00007ffd92910000 - 0x00007ffd92926000 	E:\Java\jdk-12.0.2\bin\VCRUNTIME140.dll
0x00007ffd91430000 - 0x00007ffd91448000 	E:\Java\jdk-12.0.2\bin\jli.dll
0x00007ffd999d0000 - 0x00007ffd99a73000 	C:\WINDOWS\System32\ADVAPI32.dll
0x00007ffd99ec0000 - 0x00007ffd99f5e000 	C:\WINDOWS\System32\msvcrt.dll
0x00007ffd99a80000 - 0x00007ffd99b17000 	C:\WINDOWS\System32\sechost.dll
0x00007ffd993c0000 - 0x00007ffd994e0000 	C:\WINDOWS\System32\RPCRT4.dll
0x00007ffd99830000 - 0x00007ffd999c4000 	C:\WINDOWS\System32\USER32.dll
0x00007ffd98230000 - 0x00007ffd98251000 	C:\WINDOWS\System32\win32u.dll
0x00007ffd9a0e0000 - 0x00007ffd9a106000 	C:\WINDOWS\System32\GDI32.dll
0x00007ffd7e1d0000 - 0x00007ffd7e455000 	C:\WINDOWS\WinSxS\amd64_microsoft.windows.common-controls_6595b64144ccf1df_6.0.18362.535_none_e6c3b34713100821\COMCTL32.dll
0x00007ffd985a0000 - 0x00007ffd98734000 	C:\WINDOWS\System32\gdi32full.dll
0x00007ffd99b80000 - 0x00007ffd99eb6000 	C:\WINDOWS\System32\combase.dll
0x00007ffd98170000 - 0x00007ffd9820e000 	C:\WINDOWS\System32\msvcp_win.dll
0x00007ffd97970000 - 0x00007ffd979f0000 	C:\WINDOWS\System32\bcryptPrimitives.dll
0x00007ffd8f710000 - 0x00007ffd8f71a000 	C:\WINDOWS\SYSTEM32\VERSION.dll
0x00007ffd99f70000 - 0x00007ffd99f9e000 	C:\WINDOWS\System32\IMM32.DLL
0x00007ffd85f10000 - 0x00007ffd85fba000 	E:\Java\jdk-12.0.2\bin\msvcp140.dll
0x00007ffd3c6c0000 - 0x00007ffd3d237000 	E:\Java\jdk-12.0.2\bin\server\jvm.dll
0x00007ffd9a180000 - 0x00007ffd9a188000 	C:\WINDOWS\System32\PSAPI.DLL
0x00007ffd7cce0000 - 0x00007ffd7cce9000 	C:\WINDOWS\SYSTEM32\WSOCK32.dll
0x00007ffd8d6c0000 - 0x00007ffd8d6e4000 	C:\WINDOWS\SYSTEM32\WINMM.dll
0x00007ffd997c0000 - 0x00007ffd9982f000 	C:\WINDOWS\System32\WS2_32.dll
0x00007ffd8d580000 - 0x00007ffd8d5ad000 	C:\WINDOWS\SYSTEM32\WINMMBASE.dll
0x00007ffd97820000 - 0x00007ffd9786a000 	C:\WINDOWS\System32\cfgmgr32.dll
0x00007ffd97730000 - 0x00007ffd97741000 	C:\WINDOWS\System32\kernel.appcore.dll
0x00007ffd92b40000 - 0x00007ffd92b51000 	E:\Java\jdk-12.0.2\bin\verify.dll
0x00007ffd8e7f0000 - 0x00007ffd8e9e4000 	C:\WINDOWS\SYSTEM32\DBGHELP.DLL
0x00007ffd92770000 - 0x00007ffd9279a000 	C:\WINDOWS\SYSTEM32\dbgcore.DLL
0x00007ffd8e1e0000 - 0x00007ffd8e206000 	E:\Java\jdk-12.0.2\bin\java.dll
0x00007ffd913b0000 - 0x00007ffd913c7000 	E:\Java\jdk-12.0.2\bin\zip.dll
0x00007ffd930d0000 - 0x00007ffd930da000 	E:\Java\jdk-12.0.2\bin\jimage.dll
0x00007ffd98c20000 - 0x00007ffd99305000 	C:\WINDOWS\System32\SHELL32.dll
0x00007ffd99310000 - 0x00007ffd993b9000 	C:\WINDOWS\System32\shcore.dll
0x00007ffd979f0000 - 0x00007ffd9816f000 	C:\WINDOWS\System32\windows.storage.dll
0x00007ffd97710000 - 0x00007ffd9772f000 	C:\WINDOWS\System32\profapi.dll
0x00007ffd976c0000 - 0x00007ffd9770a000 	C:\WINDOWS\System32\powrprof.dll
0x00007ffd976b0000 - 0x00007ffd976c0000 	C:\WINDOWS\System32\UMPDC.dll
0x00007ffd9a120000 - 0x00007ffd9a172000 	C:\WINDOWS\System32\shlwapi.dll
0x00007ffd98210000 - 0x00007ffd98227000 	C:\WINDOWS\System32\cryptsp.dll
0x00007ffd91050000 - 0x00007ffd91069000 	E:\Java\jdk-12.0.2\bin\net.dll
0x00007ffd8eda0000 - 0x00007ffd8ee90000 	C:\WINDOWS\SYSTEM32\WINHTTP.dll
0x00007ffd820b0000 - 0x00007ffd82286000 	C:\WINDOWS\SYSTEM32\urlmon.dll
0x00007ffd843f0000 - 0x00007ffd84696000 	C:\WINDOWS\SYSTEM32\iertutil.dll
0x00007ffd970f0000 - 0x00007ffd970fc000 	C:\WINDOWS\SYSTEM32\CRYPTBASE.DLL
0x00007ffd96f20000 - 0x00007ffd96f87000 	C:\WINDOWS\system32\mswsock.dll
0x00007ffd8e240000 - 0x00007ffd8e253000 	E:\Java\jdk-12.0.2\bin\nio.dll
0x0000000180000000 - 0x0000000180053000 	A:\Java\ComputerGraphics\Project2\Project_cg2\lwjgl64.dll
0x00007ffd7d730000 - 0x00007ffd7d886000 	C:\WINDOWS\SYSTEM32\OPENGL32.dll
0x00007ffd8dde0000 - 0x00007ffd8de0c000 	C:\WINDOWS\SYSTEM32\GLU32.dll
0x00007ffd96390000 - 0x00007ffd963b0000 	C:\WINDOWS\SYSTEM32\dxcore.dll
0x00007ffd932b0000 - 0x00007ffd9335e000 	C:\WINDOWS\SYSTEM32\mscms.dll
0x00007ffd975d0000 - 0x00007ffd975f5000 	C:\WINDOWS\SYSTEM32\USERENV.dll
0x00007ffd93020000 - 0x00007ffd93037000 	C:\WINDOWS\SYSTEM32\ColorAdapterClient.dll
0x00007ffd9a200000 - 0x00007ffd9a2c4000 	C:\WINDOWS\System32\OLEAUT32.dll
0x00007ffd99710000 - 0x00007ffd997b2000 	C:\WINDOWS\System32\clbcatq.dll
0x00007ffd8a7c0000 - 0x00007ffd8a7da000 	C:\Windows\System32\Windows.Internal.Graphics.Display.DisplayColorManagement.dll
0x00007ffd95a30000 - 0x00007ffd95ac9000 	C:\WINDOWS\system32\uxtheme.dll
0x00007ffd98ae0000 - 0x00007ffd98c15000 	C:\WINDOWS\System32\MSCTF.dll
0x00007ffd77740000 - 0x00007ffd77837000 	C:\ProgramData\A-Volute\A-Volute.Nahimic\Modules\Scheduled\x64\A-Volute.NahimicDevProps2.dll
0x00007ffd994e0000 - 0x00007ffd99636000 	C:\WINDOWS\System32\ole32.dll
0x00007ffd79ba0000 - 0x00007ffd79c4c000 	C:\ProgramData\A-Volute\A-Volute.Nahimic\Modules\Scheduled\x64\NahimicOSD.dll
0x00007ffd929b0000 - 0x00007ffd929d2000 	C:\ProgramData\A-Volute\A-Volute.Nahimic\Modules\Scheduled\x64\ProductInfo.dll
0x00007ffd43e00000 - 0x00007ffd44d5c000 	C:\WINDOWS\System32\DriverStore\FileRepository\iigd_dch.inf_amd64_38bfcb542ef4272e\ig9icd64.dll
0x00007ffd95f30000 - 0x00007ffd95f5d000 	C:\WINDOWS\SYSTEM32\dwmapi.dll
0x00007ffd963b0000 - 0x00007ffd9649b000 	C:\WINDOWS\system32\dxgi.dll
0x00007ffd8dd00000 - 0x00007ffd8dd9e000 	C:\WINDOWS\System32\TextInputFramework.dll
0x00007ffd8c120000 - 0x00007ffd8c44a000 	C:\WINDOWS\System32\CoreUIComponents.dll
0x00007ffd95360000 - 0x00007ffd95434000 	C:\WINDOWS\System32\CoreMessaging.dll
0x00007ffd96710000 - 0x00007ffd96741000 	C:\WINDOWS\SYSTEM32\ntmarta.dll
0x00007ffd93620000 - 0x00007ffd93773000 	C:\WINDOWS\SYSTEM32\wintypes.dll
0x00007ffd8c9b0000 - 0x00007ffd8c9f3000 	C:\WINDOWS\SYSTEM32\icm32.dll
0x00007ffd88cf0000 - 0x00007ffd88e42000 	C:\WINDOWS\System32\DriverStore\FileRepository\iigd_dch.inf_amd64_38bfcb542ef4272e\igdgmm64.dll
0x00007ffd86820000 - 0x00007ffd88b76000 	C:\WINDOWS\System32\DriverStore\FileRepository\iigd_dch.inf_amd64_38bfcb542ef4272e\igc64.dll
0x00007ffd8c6e0000 - 0x00007ffd8c8a7000 	C:\WINDOWS\SYSTEM32\d3d9.dll
0x00007ffd5a4b0000 - 0x00007ffd5a64f000 	E:\Java\jdk-12.0.2\bin\awt.dll
0x00007ffd94480000 - 0x00007ffd94a40000 	C:\WINDOWS\SYSTEM32\d2d1.dll
0x00007ffd95930000 - 0x00007ffd959bf000 	C:\WINDOWS\SYSTEM32\apphelp.dll
0x00007ffd96a90000 - 0x00007ffd96ac3000 	C:\WINDOWS\system32\rsaenh.dll
0x000001ac7ab40000 - 0x000001ac7ab66000 	C:\WINDOWS\System32\bcrypt.dll
0x00007ffd96c30000 - 0x00007ffd96c6a000 	C:\WINDOWS\SYSTEM32\IPHLPAPI.DLL
0x00007ffd99f60000 - 0x00007ffd99f68000 	C:\WINDOWS\System32\NSI.dll
0x00007ffd8fce0000 - 0x00007ffd8fcf6000 	C:\WINDOWS\SYSTEM32\dhcpcsvc6.DLL
0x00007ffd904a0000 - 0x00007ffd904bc000 	C:\WINDOWS\SYSTEM32\dhcpcsvc.DLL
0x00007ffd96c70000 - 0x00007ffd96d3a000 	C:\WINDOWS\SYSTEM32\DNSAPI.dll
0x00007ffd8df90000 - 0x00007ffd8dfbd000 	E:\Java\jdk-12.0.2\bin\javajpeg.dll
0x00000000067f0000 - 0x00000000068a9000 	E:\eudic\WCapture_x64.dll
0x00000000068f0000 - 0x0000000006938000 	E:\eudic\WCustom_x64.dll
0x00007ffd86650000 - 0x00007ffd866b5000 	C:\WINDOWS\SYSTEM32\OLEACC.dll
0x000001ac7a850000 - 0x000001ac7a877000 	E:\eudic\TCCons_x64.dll

dbghelp: loaded successfully - version: 4.0.5 - missing functions: none
symbol engine: initialized successfully - sym options: 0x614 - pdb path: .;E:\Java\jdk-12.0.2\bin;C:\WINDOWS\SYSTEM32;C:\WINDOWS\WinSxS\amd64_microsoft.windows.common-controls_6595b64144ccf1df_6.0.18362.535_none_e6c3b34713100821;E:\Java\jdk-12.0.2\bin\server;A:\Java\ComputerGraphics\Project2\Project_cg2;C:\ProgramData\A-Volute\A-Volute.Nahimic\Modules\Scheduled\x64;C:\WINDOWS\System32\DriverStore\FileRepository\iigd_dch.inf_amd64_38bfcb542ef4272e;E:\eudic

VM Arguments:
jvm_args: -Dfile.encoding=GBK 
java_command: MainWindow
java_class_path (initial): A:\Java\ComputerGraphics\Project2\Project_cg2\bin;A:\Java\ComputerGraphics\Project2\Project_cg2\LWJGL\AppleJavaExtensions.jar;A:\Java\ComputerGraphics\Project2\Project_cg2\LWJGL\asm-debug-all.jar;A:\Java\ComputerGraphics\Project2\Project_cg2\LWJGL\jinput.jar;A:\Java\ComputerGraphics\Project2\Project_cg2\LWJGL\laf-plugin-7.2.1.jar;A:\Java\ComputerGraphics\Project2\Project_cg2\LWJGL\laf-widget-7.2.1.jar;A:\Java\ComputerGraphics\Project2\Project_cg2\LWJGL\log4j-api-2.0-beta9.jar;A:\Java\ComputerGraphics\Project2\Project_cg2\LWJGL\lwjgl_test.jar;A:\Java\ComputerGraphics\Project2\Project_cg2\LWJGL\lwjgl_util_applet.jar;A:\Java\ComputerGraphics\Project2\Project_cg2\LWJGL\lwjgl_util.jar;A:\Java\ComputerGraphics\Project2\Project_cg2\LWJGL\lwjgl-debug.jar;A:\Java\ComputerGraphics\Project2\Project_cg2\LWJGL\lwjgl.jar;A:\Java\ComputerGraphics\Project2\Project_cg2\LWJGL\lzma.jar;A:\Java\ComputerGraphics\Project2\Project_cg2\LWJGL\substance-7.2.1.jar;A:\Java\ComputerGraphics\Project2\Project_cg2\LWJGL\trident-7.2.1.jar;A:\Java\ComputerGraphics\Project2\Project_cg2\LWJGL\slick-util.jar
Launcher Type: SUN_STANDARD

[Global flags]
     intx CICompilerCount                          = 4                                         {product} {ergonomic}
     uint ConcGCThreads                            = 3                                         {product} {ergonomic}
     uint G1ConcRefinementThreads                  = 10                                        {product} {ergonomic}
   size_t G1HeapRegionSize                         = 1048576                                   {product} {ergonomic}
    uintx GCDrainStackTargetSize                   = 64                                        {product} {ergonomic}
   size_t InitialHeapSize                          = 132120576                                 {product} {ergonomic}
   size_t MarkStackSize                            = 4194304                                   {product} {ergonomic}
   size_t MaxHeapSize                              = 2107637760                                {product} {ergonomic}
   size_t MaxNewSize                               = 1264582656                                {product} {ergonomic}
   size_t MinHeapDeltaBytes                        = 1048576                                   {product} {ergonomic}
    uintx NonNMethodCodeHeapSize                   = 5836300                                {pd product} {ergonomic}
    uintx NonProfiledCodeHeapSize                  = 122910970                              {pd product} {ergonomic}
    uintx ProfiledCodeHeapSize                     = 122910970                              {pd product} {ergonomic}
    uintx ReservedCodeCacheSize                    = 251658240                              {pd product} {ergonomic}
     bool SegmentedCodeCache                       = true                                      {product} {ergonomic}
     bool UseCompressedClassPointers               = true                                 {lp64_product} {ergonomic}
     bool UseCompressedOops                        = true                                 {lp64_product} {ergonomic}
     bool UseG1GC                                  = true                                      {product} {ergonomic}
     bool UseLargePagesIndividualAllocation        = false                                  {pd product} {ergonomic}

Logging:
Log output configuration:
 #0: stdout all=warning uptime,level,tags
 #1: stderr all=off uptime,level,tags

Environment Variables:
PATH=E:/Java/jdk-12.0.2/bin/server;E:/Java/jdk-12.0.2/bin;C:\Program Files (x86)\Common Files\Intel\Shared Libraries\redist\intel64\compiler;C:\Program Files (x86)\Intel\Intel(R) Management Engine Components\iCLS\;C:\Program Files\Intel\Intel(R) Management Engine Components\iCLS\;C:\Windows\system32;C:\Windows;C:\Windows\System32\Wbem;C:\Windows\System32\WindowsPowerShell\v1.0\;C:\Windows\System32\OpenSSH\;C:\Program Files (x86)\Intel\Intel(R) Management Engine Components\DAL;C:\Program Files\Intel\Intel(R) Management Engine Components\DAL;C:\Program Files (x86)\Intel\Intel(R) Management Engine Components\IPT;C:\Program Files\Intel\Intel(R) Management Engine Components\IPT;C:\Program Files (x86)\NVIDIA Corporation\PhysX\Common;C:\Program Files\NVIDIA Corporation\NVIDIA NGX;C:\Program Files\Intel\WiFi\bin\;C:\Program Files\Common Files\Intel\WirelessCommon\;D:\Git\cmd;C:\sqlite;C:\Program Files\Microsoft SQL Server\130\Tools\Binn\;C:\Program Files\dotnet\;C:\Program Files\NVIDIA Corporation\NVIDIA NvDLISR;A:\Blog\Nodejs\;E:\;C:\WINDOWS\system32;C:\WINDOWS;C:\WINDOWS\System32\Wbem;C:\WINDOWS\System32\WindowsPowerShell\v1.0\;C:\WINDOWS\System32\OpenSSH\;A:\Web\pythonStaff\Scripts;A:\Web\pythonStaff\Scripts\;A:\Web\pythonStaff\;C:\Users\11518\AppData\Local\Microsoft\WindowsApps;C:\Users\11518\AppData\Local\GitHubDesktop\bin;D:\Microsoft VS Code\bin;C:\Users\11518\AppData\Roaming\npm;C:\Users\11518\AppData\Local\atom\bin;C:\Users\11518\AppData\Local\Microsoft\WindowsApps;A:\Web\Python\Python.3.8\Scripts;;A:\Java\IDEA\IntelliJ IDEA Community Edition 2019.2.4\bin;;A:\JetBrain\PyCharm 2019.2.5\bin;;A:\Java\Inteliji\IntelliJ IDEA 2019.3\bin;;C:\WINDOWS\System32;
USERNAME=11518
OS=Windows_NT
PROCESSOR_IDENTIFIER=Intel64 Family 6 Model 158 Stepping 10, GenuineIntel



---------------  S Y S T E M  ---------------

OS: Windows 10 , 64 bit Build 18362 (10.0.18362.329)

CPU:total 12 (initial active 12) (6 cores per cpu, 2 threads per core) family 6 model 158 stepping 10, cmov, cx8, fxsr, mmx, sse, sse2, sse3, ssse3, sse4.1, sse4.2, popcnt, avx, avx2, aes, clmul, erms, 3dnowpref, lzcnt, ht, tsc, tscinvbit, bmi1, bmi2, adx, fma

Memory: 4k page, system-wide physical 8036M (3520M free)
TotalPageFile size 14692M (AvailPageFile size 5361M)
current process WorkingSet (physical memory assigned to process): 255M, peak: 304M
current process commit charge ("private bytes"): 277M, peak: 315M

vm_info: Java HotSpot(TM) 64-Bit Server VM (12.0.2+10) for windows-amd64 JRE (12.0.2+10), built on Jul 16 2019 01:56:17 by "mach5one" with MS VC++ 15.5 (VS2017)

END.
